2025-12-19 14:48:50,834 - INFO - 
############################################################
2025-12-19 14:48:50,834 - INFO - CHECKING: eqnvsyvpws@outlook.com
2025-12-19 14:48:50,834 - INFO - ############################################################
2025-12-19 14:48:50,834 - INFO - [eqnvsyvpws@outlook.com] Step 1: Loading initial page...
2025-12-19 14:48:51,581 - INFO - 
============================================================
2025-12-19 14:48:51,581 - INFO - STEP: 1. Initial Page
2025-12-19 14:48:51,581 - INFO - ============================================================
2025-12-19 14:48:51,581 - INFO - Status Code: 200
2025-12-19 14:48:51,581 - INFO - URL: https://iforgot.apple.com/password/verify/appleid
2025-12-19 14:48:51,581 - DEBUG - Response Headers:
2025-12-19 14:48:51,581 - INFO -   Location: /password/verify/appleid...
2025-12-19 14:48:51,581 - INFO -   Set-Cookie: ['idclient=web; Domain=iforgot.apple.com; Path=/; Secure; HttpOnly', 'X-Apple-I-Web-Token=; Max-Age=...
2025-12-19 14:48:51,581 - INFO -   Sstt: %2FcPulgN0LSXUdHENHCNKktLwgU31AzMjmK0%2F7N0eli3Q1mxp6%2FimUL1lpavoqrbLrCH4BYXYX5EQRJbcSSzFgd1A5y7gE%...
2025-12-19 14:48:51,581 - INFO -   X-Apple-I-Request-Id: b02b6f03-dcd0-11f0-be78-531d35ef6ee8...
2025-12-19 14:48:51,581 - INFO - ============================================================

2025-12-19 14:48:51,582 - INFO - [eqnvsyvpws@outlook.com] Got sstt token: /cPulgN0LSXUdHENHCNKktLwgU31AzMjmK0/7N0eli3Q1mxp6/...
2025-12-19 14:48:51,582 - INFO - [eqnvsyvpws@outlook.com] Step 2: Getting captcha...
2025-12-19 14:48:51,875 - INFO - 
============================================================
2025-12-19 14:48:51,875 - INFO - STEP: 2. Captcha (attempt 1)
2025-12-19 14:48:51,875 - INFO - ============================================================
2025-12-19 14:48:51,875 - INFO - Status Code: 401
2025-12-19 14:48:51,875 - INFO - URL: https://iforgot.apple.com/captcha?captchaType=IMAGE
2025-12-19 14:48:51,875 - DEBUG - Response Headers:
2025-12-19 14:48:51,875 - INFO -   Location: /captcha?captchaType=IMAGE...
2025-12-19 14:48:51,875 - INFO -   Set-Cookie: ['idclient=web; Domain=iforgot.apple.com; Path=/; Secure; HttpOnly', 'dslang=US-EN; Domain=apple.com...
2025-12-19 14:48:51,875 - INFO -   X-Apple-I-Request-Id: b04befaa-dcd0-11f0-9dd1-e96e889cbc8f...
2025-12-19 14:48:51,875 - DEBUG - Response Body: {
  "payload" : {
    "contentType" : "image/jpeg",
    "content" : "/9j/4AAQSkZJRgABAgAAAQABAAD/2wBDAAgGBgcGBQgHBwcJCQgKDBQNDAsLDBkSEw8UHRofHh0aHBwgJC4nICIsIxwcKDcpLDAxNDQ0Hyc5PTgyPC4zNDL/2wBDAQkJCQwLDBgNDRgyIRwhMjIyMjIyMjIyMjIyMjIyMjIyMjIyMjIyMjIyMjIyMjIyMjIyMjIyMjIyMjIyMjIyMjL/wAARCABGAKADASIAAhEBAxEB/8QAHwAAAQUBAQEBAQEAAAAAAAAAAAECAwQFBgcICQoL/8QAtRAAAgEDAwIEAwUFBAQAAAF9AQIDAAQRBRIhMUEGE1FhByJxFDKBkaEII0KxwRVS0fAkM2JyggkKFhcYGRolJicoKSo0NTY3ODk6Q0RFRkdISUpTVFVWV1hZWmNkZWZnaGlqc3R1dnd4eXqDhIW
2025-12-19 14:48:51,875 - INFO - ============================================================

2025-12-19 14:48:51,998 - DEBUG - Starting new HTTPS connection (1): api.yescaptcha.com:443
2025-12-19 14:48:53,091 - DEBUG - https://api.yescaptcha.com:443 "POST /createTask HTTP/1.1" 200 None
2025-12-19 14:48:53,852 - DEBUG - https://api.yescaptcha.com:443 "POST /getTaskResult HTTP/1.1" 200 None
2025-12-19 14:48:54,128 - DEBUG - https://api.yescaptcha.com:443 "POST /getTaskResult HTTP/1.1" 200 None
2025-12-19 14:48:54,129 - ERROR - Captcha error: 'NoneType' object has no attribute 'solution'
2025-12-19 14:48:55,447 - INFO - 
============================================================
2025-12-19 14:48:55,447 - INFO - STEP: 2. Captcha (attempt 2)
2025-12-19 14:48:55,447 - INFO - ============================================================
2025-12-19 14:48:55,447 - INFO - Status Code: 401
2025-12-19 14:48:55,447 - INFO - URL: https://iforgot.apple.com/captcha?captchaType=IMAGE
2025-12-19 14:48:55,447 - DEBUG - Response Headers:
2025-12-19 14:48:55,447 - INFO -   Location: /captcha?captchaType=IMAGE...
2025-12-19 14:48:55,447 - INFO -   Set-Cookie: ['idclient=web; Domain=iforgot.apple.com; Path=/; Secure; HttpOnly', 'dslang=US-EN; Domain=apple.com...
2025-12-19 14:48:55,447 - INFO -   X-Apple-I-Request-Id: b26d220e-dcd0-11f0-9002-db2d81311b80...
2025-12-19 14:48:55,447 - DEBUG - Response Body: {
  "payload" : {
    "contentType" : "image/jpeg",
    "content" : "/9j/4AAQSkZJRgABAgAAAQABAAD/2wBDAAgGBgcGBQgHBwcJCQgKDBQNDAsLDBkSEw8UHRofHh0aHBwgJC4nICIsIxwcKDcpLDAxNDQ0Hyc5PTgyPC4zNDL/2wBDAQkJCQwLDBgNDRgyIRwhMjIyMjIyMjIyMjIyMjIyMjIyMjIyMjIyMjIyMjIyMjIyMjIyMjIyMjIyMjIyMjIyMjL/wAARCABGAKADASIAAhEBAxEB/8QAHwAAAQUBAQEBAQEAAAAAAAAAAAECAwQFBgcICQoL/8QAtRAAAgEDAwIEAwUFBAQAAAF9AQIDAAQRBRIhMUEGE1FhByJxFDKBkaEII0KxwRVS0fAkM2JyggkKFhcYGRolJicoKSo0NTY3ODk6Q0RFRkdISUpTVFVWV1hZWmNkZWZnaGlqc3R1dnd4eXqDhIW
2025-12-19 14:48:55,447 - INFO - ============================================================

2025-12-19 14:48:55,448 - DEBUG - Starting new HTTPS connection (1): api.yescaptcha.com:443
2025-12-19 14:48:56,211 - DEBUG - https://api.yescaptcha.com:443 "POST /createTask HTTP/1.1" 200 None
2025-12-19 14:48:56,903 - DEBUG - https://api.yescaptcha.com:443 "POST /getTaskResult HTTP/1.1" 200 None
2025-12-19 14:48:57,170 - DEBUG - https://api.yescaptcha.com:443 "POST /getTaskResult HTTP/1.1" 200 None
2025-12-19 14:48:57,170 - ERROR - Captcha error: 'NoneType' object has no attribute 'solution'
2025-12-19 14:48:58,448 - INFO - 
============================================================
2025-12-19 14:48:58,448 - INFO - STEP: 2. Captcha (attempt 3)
2025-12-19 14:48:58,448 - INFO - ============================================================
2025-12-19 14:48:58,448 - INFO - Status Code: 401
2025-12-19 14:48:58,448 - INFO - URL: https://iforgot.apple.com/captcha?captchaType=IMAGE
2025-12-19 14:48:58,448 - DEBUG - Response Headers:
2025-12-19 14:48:58,448 - INFO -   Location: /captcha?captchaType=IMAGE...
2025-12-19 14:48:58,448 - INFO -   Set-Cookie: ['idclient=web; Domain=iforgot.apple.com; Path=/; Secure; HttpOnly', 'dslang=US-EN; Domain=apple.com...
2025-12-19 14:48:58,448 - INFO -   X-Apple-I-Request-Id: b4392f50-dcd0-11f0-84a2-a18e44d15ddc...
2025-12-19 14:48:58,448 - DEBUG - Response Body: {
  "payload" : {
    "contentType" : "image/jpeg",
    "content" : "/9j/4AAQSkZJRgABAgAAAQABAAD/2wBDAAgGBgcGBQgHBwcJCQgKDBQNDAsLDBkSEw8UHRofHh0aHBwgJC4nICIsIxwcKDcpLDAxNDQ0Hyc5PTgyPC4zNDL/2wBDAQkJCQwLDBgNDRgyIRwhMjIyMjIyMjIyMjIyMjIyMjIyMjIyMjIyMjIyMjIyMjIyMjIyMjIyMjIyMjIyMjIyMjL/wAARCABGAKADASIAAhEBAxEB/8QAHwAAAQUBAQEBAQEAAAAAAAAAAAECAwQFBgcICQoL/8QAtRAAAgEDAwIEAwUFBAQAAAF9AQIDAAQRBRIhMUEGE1FhByJxFDKBkaEII0KxwRVS0fAkM2JyggkKFhcYGRolJicoKSo0NTY3ODk6Q0RFRkdISUpTVFVWV1hZWmNkZWZnaGlqc3R1dnd4eXqDhIW
2025-12-19 14:48:58,448 - INFO - ============================================================

2025-12-19 14:48:58,449 - DEBUG - Starting new HTTPS connection (1): api.yescaptcha.com:443
2025-12-19 14:48:59,158 - DEBUG - https://api.yescaptcha.com:443 "POST /createTask HTTP/1.1" 200 None
2025-12-19 14:48:59,903 - DEBUG - https://api.yescaptcha.com:443 "POST /getTaskResult HTTP/1.1" 200 None
2025-12-19 14:49:00,194 - DEBUG - https://api.yescaptcha.com:443 "POST /getTaskResult HTTP/1.1" 200 None
2025-12-19 14:49:00,194 - ERROR - Captcha error: 'NoneType' object has no attribute 'solution'
2025-12-19 14:49:01,198 - ERROR - [eqnvsyvpws@outlook.com] Failed to solve captcha
2025-12-19 14:49:01,198 - INFO - RESULT: eqnvsyvpws@outlook.com -> ❓ Unknown
2025-12-19 14:49:02,203 - INFO - 
############################################################
2025-12-19 14:49:02,204 - INFO - CHECKING: EnolaPalaspas618@hotmail.com
2025-12-19 14:49:02,204 - INFO - ############################################################
2025-12-19 14:49:02,204 - INFO - [EnolaPalaspas618@hotmail.com] Step 1: Loading initial page...
2025-12-19 14:49:03,969 - INFO - 
============================================================
2025-12-19 14:49:03,969 - INFO - STEP: 1. Initial Page
2025-12-19 14:49:03,969 - INFO - ============================================================
2025-12-19 14:49:03,969 - INFO - Status Code: 200
2025-12-19 14:49:03,969 - INFO - URL: https://iforgot.apple.com/password/verify/appleid
2025-12-19 14:49:03,969 - DEBUG - Response Headers:
2025-12-19 14:49:03,969 - INFO -   Location: /password/verify/appleid...
2025-12-19 14:49:03,969 - INFO -   Set-Cookie: ['idclient=web; Domain=iforgot.apple.com; Path=/; Secure; HttpOnly', 'X-Apple-I-Web-Token=; Max-Age=...
2025-12-19 14:49:03,969 - INFO -   Sstt: BwK%2B7yCaLAcS4vecxbQ2sTm4DZ4clIZ8va1%2FTR%2FQ5ZfZdCr9iwqPXr3B9M7cOuakuEipiH0XX5ltkOqvfI7x4Gye17zuVu...
2025-12-19 14:49:03,969 - INFO -   X-Apple-I-Request-Id: b78c7895-dcd0-11f0-9dd1-e96e889cbc8f...
2025-12-19 14:49:03,969 - INFO - ============================================================

2025-12-19 14:49:03,970 - INFO - [EnolaPalaspas618@hotmail.com] Got sstt token: BwK%2B7yCaLAcS4vecxbQ2sTm4DZ4clIZ8va1/TR/Q5ZfZdCr9...
2025-12-19 14:49:03,970 - INFO - [EnolaPalaspas618@hotmail.com] Step 2: Getting captcha...
2025-12-19 14:49:04,441 - INFO - 
============================================================
2025-12-19 14:49:04,442 - INFO - STEP: 2. Captcha (attempt 1)
2025-12-19 14:49:04,442 - INFO - ============================================================
2025-12-19 14:49:04,442 - INFO - Status Code: 401
2025-12-19 14:49:04,442 - INFO - URL: https://iforgot.apple.com/captcha?captchaType=IMAGE
2025-12-19 14:49:04,442 - DEBUG - Response Headers:
2025-12-19 14:49:04,442 - INFO -   Location: /captcha?captchaType=IMAGE...
2025-12-19 14:49:04,442 - INFO -   Set-Cookie: ['idclient=web; Domain=iforgot.apple.com; Path=/; Secure; HttpOnly', 'dslang=US-EN; Domain=apple.com...
2025-12-19 14:49:04,442 - INFO -   X-Apple-I-Request-Id: b7ade38d-dcd0-11f0-9dd1-e96e889cbc8f...
2025-12-19 14:49:04,442 - DEBUG - Response Body: {
  "payload" : {
    "contentType" : "image/jpeg",
    "content" : "/9j/4AAQSkZJRgABAgAAAQABAAD/2wBDAAgGBgcGBQgHBwcJCQgKDBQNDAsLDBkSEw8UHRofHh0aHBwgJC4nICIsIxwcKDcpLDAxNDQ0Hyc5PTgyPC4zNDL/2wBDAQkJCQwLDBgNDRgyIRwhMjIyMjIyMjIyMjIyMjIyMjIyMjIyMjIyMjIyMjIyMjIyMjIyMjIyMjIyMjIyMjIyMjL/wAARCABGAKADASIAAhEBAxEB/8QAHwAAAQUBAQEBAQEAAAAAAAAAAAECAwQFBgcICQoL/8QAtRAAAgEDAwIEAwUFBAQAAAF9AQIDAAQRBRIhMUEGE1FhByJxFDKBkaEII0KxwRVS0fAkM2JyggkKFhcYGRolJicoKSo0NTY3ODk6Q0RFRkdISUpTVFVWV1hZWmNkZWZnaGlqc3R1dnd4eXqDhIW
2025-12-19 14:49:04,442 - INFO - ============================================================

2025-12-19 14:49:04,443 - DEBUG - Starting new HTTPS connection (1): api.yescaptcha.com:443
2025-12-19 14:49:05,921 - DEBUG - https://api.yescaptcha.com:443 "POST /createTask HTTP/1.1" 200 None
2025-12-19 14:49:06,807 - DEBUG - https://api.yescaptcha.com:443 "POST /getTaskResult HTTP/1.1" 200 None
2025-12-19 14:49:07,108 - DEBUG - https://api.yescaptcha.com:443 "POST /getTaskResult HTTP/1.1" 200 None
2025-12-19 14:49:07,108 - ERROR - Captcha error: 'NoneType' object has no attribute 'solution'
2025-12-19 14:49:08,420 - INFO - 
============================================================
2025-12-19 14:49:08,421 - INFO - STEP: 2. Captcha (attempt 2)
2025-12-19 14:49:08,421 - INFO - ============================================================
2025-12-19 14:49:08,421 - INFO - Status Code: 401
2025-12-19 14:49:08,421 - INFO - URL: https://iforgot.apple.com/captcha?captchaType=IMAGE
2025-12-19 14:49:08,421 - DEBUG - Response Headers:
2025-12-19 14:49:08,421 - INFO -   Location: /captcha?captchaType=IMAGE...
2025-12-19 14:49:08,421 - INFO -   Set-Cookie: ['idclient=web; Domain=iforgot.apple.com; Path=/; Secure; HttpOnly', 'dslang=US-EN; Domain=apple.com...
2025-12-19 14:49:08,421 - INFO -   X-Apple-I-Request-Id: ba25c0f9-dcd0-11f0-ac46-bb0fd901151a...
2025-12-19 14:49:08,421 - DEBUG - Response Body: {
  "payload" : {
    "contentType" : "image/jpeg",
    "content" : "/9j/4AAQSkZJRgABAgAAAQABAAD/2wBDAAgGBgcGBQgHBwcJCQgKDBQNDAsLDBkSEw8UHRofHh0aHBwgJC4nICIsIxwcKDcpLDAxNDQ0Hyc5PTgyPC4zNDL/2wBDAQkJCQwLDBgNDRgyIRwhMjIyMjIyMjIyMjIyMjIyMjIyMjIyMjIyMjIyMjIyMjIyMjIyMjIyMjIyMjIyMjIyMjL/wAARCABGAKADASIAAhEBAxEB/8QAHwAAAQUBAQEBAQEAAAAAAAAAAAECAwQFBgcICQoL/8QAtRAAAgEDAwIEAwUFBAQAAAF9AQIDAAQRBRIhMUEGE1FhByJxFDKBkaEII0KxwRVS0fAkM2JyggkKFhcYGRolJicoKSo0NTY3ODk6Q0RFRkdISUpTVFVWV1hZWmNkZWZnaGlqc3R1dnd4eXqDhIW
2025-12-19 14:49:08,421 - INFO - ============================================================

2025-12-19 14:49:08,422 - DEBUG - Starting new HTTPS connection (1): api.yescaptcha.com:443
2025-12-19 14:49:10,176 - DEBUG - https://api.yescaptcha.com:443 "POST /createTask HTTP/1.1" 200 None
2025-12-19 14:49:10,939 - DEBUG - https://api.yescaptcha.com:443 "POST /getTaskResult HTTP/1.1" 200 None
2025-12-19 14:49:11,320 - DEBUG - https://api.yescaptcha.com:443 "POST /getTaskResult HTTP/1.1" 200 None
2025-12-19 14:49:11,321 - ERROR - Captcha error: 'NoneType' object has no attribute 'solution'
2025-12-19 14:49:12,803 - INFO - 
============================================================
2025-12-19 14:49:12,803 - INFO - STEP: 2. Captcha (attempt 3)
2025-12-19 14:49:12,803 - INFO - ============================================================
2025-12-19 14:49:12,803 - INFO - Status Code: 401
2025-12-19 14:49:12,803 - INFO - URL: https://iforgot.apple.com/captcha?captchaType=IMAGE
2025-12-19 14:49:12,803 - DEBUG - Response Headers:
2025-12-19 14:49:12,803 - INFO -   Location: /captcha?captchaType=IMAGE...
2025-12-19 14:49:12,803 - INFO -   Set-Cookie: ['idclient=web; Domain=iforgot.apple.com; Path=/; Secure; HttpOnly', 'dslang=US-EN; Domain=apple.com...
2025-12-19 14:49:12,803 - INFO -   X-Apple-I-Request-Id: bca8ea1f-dcd0-11f0-9519-d587dd346737...
2025-12-19 14:49:12,803 - DEBUG - Response Body: {
  "payload" : {
    "contentType" : "image/jpeg",
    "content" : "/9j/4AAQSkZJRgABAgAAAQABAAD/2wBDAAgGBgcGBQgHBwcJCQgKDBQNDAsLDBkSEw8UHRofHh0aHBwgJC4nICIsIxwcKDcpLDAxNDQ0Hyc5PTgyPC4zNDL/2wBDAQkJCQwLDBgNDRgyIRwhMjIyMjIyMjIyMjIyMjIyMjIyMjIyMjIyMjIyMjIyMjIyMjIyMjIyMjIyMjIyMjIyMjL/wAARCABGAKADASIAAhEBAxEB/8QAHwAAAQUBAQEBAQEAAAAAAAAAAAECAwQFBgcICQoL/8QAtRAAAgEDAwIEAwUFBAQAAAF9AQIDAAQRBRIhMUEGE1FhByJxFDKBkaEII0KxwRVS0fAkM2JyggkKFhcYGRolJicoKSo0NTY3ODk6Q0RFRkdISUpTVFVWV1hZWmNkZWZnaGlqc3R1dnd4eXqDhIW
2025-12-19 14:49:12,803 - INFO - ============================================================

2025-12-19 14:49:12,804 - DEBUG - Starting new HTTPS connection (1): api.yescaptcha.com:443
2025-12-19 14:49:13,561 - DEBUG - https://api.yescaptcha.com:443 "POST /createTask HTTP/1.1" 200 None
2025-12-19 14:49:14,372 - DEBUG - https://api.yescaptcha.com:443 "POST /getTaskResult HTTP/1.1" 200 None
2025-12-19 14:49:14,647 - DEBUG - https://api.yescaptcha.com:443 "POST /getTaskResult HTTP/1.1" 200 None
2025-12-19 14:49:14,648 - ERROR - Captcha error: 'NoneType' object has no attribute 'solution'
2025-12-19 14:49:15,649 - ERROR - [EnolaPalaspas618@hotmail.com] Failed to solve captcha
2025-12-19 14:49:15,650 - INFO - RESULT: EnolaPalaspas618@hotmail.com -> ❓ Unknown
2025-12-19 14:49:16,655 - INFO - 
############################################################
2025-12-19 14:49:16,655 - INFO - CHECKING: wyszkowski18590@outlook.com
2025-12-19 14:49:16,655 - INFO - ############################################################
2025-12-19 14:49:16,655 - INFO - [wyszkowski18590@outlook.com] Step 1: Loading initial page...
2025-12-19 14:49:17,548 - INFO - 
============================================================
2025-12-19 14:49:17,548 - INFO - STEP: 1. Initial Page
2025-12-19 14:49:17,548 - INFO - ============================================================
2025-12-19 14:49:17,548 - INFO - Status Code: 200
2025-12-19 14:49:17,548 - INFO - URL: https://iforgot.apple.com/password/verify/appleid
2025-12-19 14:49:17,548 - DEBUG - Response Headers:
2025-12-19 14:49:17,548 - INFO -   Location: /password/verify/appleid...
2025-12-19 14:49:17,548 - INFO -   Set-Cookie: ['idclient=web; Domain=iforgot.apple.com; Path=/; Secure; HttpOnly', 'X-Apple-I-Web-Token=; Max-Age=...
2025-12-19 14:49:17,548 - INFO -   Sstt: BsZRbrDvq6MaTumCpz19I1aOwFxS7qTX6JVCT0pQyrfaQ0K26wAFLmBwFZQFsJzQ3Lv4ZmR9fZqL6HNpmKRV4oDKGHfatRwABSQh...
2025-12-19 14:49:17,548 - INFO -   X-Apple-I-Request-Id: bf938651-dcd0-11f0-9dd1-e96e889cbc8f...
2025-12-19 14:49:17,548 - INFO - ============================================================

2025-12-19 14:49:17,548 - INFO - [wyszkowski18590@outlook.com] Got sstt token: BsZRbrDvq6MaTumCpz19I1aOwFxS7qTX6JVCT0pQyrfaQ0K26w...
2025-12-19 14:49:17,548 - INFO - [wyszkowski18590@outlook.com] Step 2: Getting captcha...
2025-12-19 14:49:17,827 - INFO - 
============================================================
2025-12-19 14:49:17,827 - INFO - STEP: 2. Captcha (attempt 1)
2025-12-19 14:49:17,827 - INFO - ============================================================
2025-12-19 14:49:17,827 - INFO - Status Code: 401
2025-12-19 14:49:17,827 - INFO - URL: https://iforgot.apple.com/captcha?captchaType=IMAGE
2025-12-19 14:49:17,827 - DEBUG - Response Headers:
2025-12-19 14:49:17,827 - INFO -   Location: /captcha?captchaType=IMAGE...
2025-12-19 14:49:17,827 - INFO -   Set-Cookie: ['idclient=web; Domain=iforgot.apple.com; Path=/; Secure; HttpOnly', 'dslang=US-EN; Domain=apple.com...
2025-12-19 14:49:17,827 - INFO -   X-Apple-I-Request-Id: bfc51dfe-dcd0-11f0-84a2-a18e44d15ddc...
2025-12-19 14:49:17,827 - DEBUG - Response Body: {
  "payload" : {
    "contentType" : "image/jpeg",
    "content" : "/9j/4AAQSkZJRgABAgAAAQABAAD/2wBDAAgGBgcGBQgHBwcJCQgKDBQNDAsLDBkSEw8UHRofHh0aHBwgJC4nICIsIxwcKDcpLDAxNDQ0Hyc5PTgyPC4zNDL/2wBDAQkJCQwLDBgNDRgyIRwhMjIyMjIyMjIyMjIyMjIyMjIyMjIyMjIyMjIyMjIyMjIyMjIyMjIyMjIyMjIyMjIyMjL/wAARCABGAKADASIAAhEBAxEB/8QAHwAAAQUBAQEBAQEAAAAAAAAAAAECAwQFBgcICQoL/8QAtRAAAgEDAwIEAwUFBAQAAAF9AQIDAAQRBRIhMUEGE1FhByJxFDKBkaEII0KxwRVS0fAkM2JyggkKFhcYGRolJicoKSo0NTY3ODk6Q0RFRkdISUpTVFVWV1hZWmNkZWZnaGlqc3R1dnd4eXqDhIW
2025-12-19 14:49:17,827 - INFO - ============================================================

2025-12-19 14:49:17,828 - DEBUG - Starting new HTTPS connection (1): api.yescaptcha.com:443
2025-12-19 14:49:18,572 - DEBUG - https://api.yescaptcha.com:443 "POST /createTask HTTP/1.1" 200 None
2025-12-19 14:49:19,493 - DEBUG - https://api.yescaptcha.com:443 "POST /getTaskResult HTTP/1.1" 200 None
2025-12-19 14:49:19,808 - DEBUG - https://api.yescaptcha.com:443 "POST /getTaskResult HTTP/1.1" 200 None
2025-12-19 14:49:19,809 - ERROR - Captcha error: 'NoneType' object has no attribute 'solution'
2025-12-19 14:49:21,130 - INFO - 
============================================================
2025-12-19 14:49:21,130 - INFO - STEP: 2. Captcha (attempt 2)
2025-12-19 14:49:21,130 - INFO - ============================================================
2025-12-19 14:49:21,130 - INFO - Status Code: 401
2025-12-19 14:49:21,130 - INFO - URL: https://iforgot.apple.com/captcha?captchaType=IMAGE
2025-12-19 14:49:21,130 - DEBUG - Response Headers:
2025-12-19 14:49:21,130 - INFO -   Location: /captcha?captchaType=IMAGE...
2025-12-19 14:49:21,130 - INFO -   Set-Cookie: ['idclient=web; Domain=iforgot.apple.com; Path=/; Secure; HttpOnly', 'dslang=US-EN; Domain=apple.com...
2025-12-19 14:49:21,130 - INFO -   X-Apple-I-Request-Id: c1bd6b7a-dcd0-11f0-ac46-bb0fd901151a...
2025-12-19 14:49:21,130 - DEBUG - Response Body: {
  "payload" : {
    "contentType" : "image/jpeg",
    "content" : "/9j/4AAQSkZJRgABAgAAAQABAAD/2wBDAAgGBgcGBQgHBwcJCQgKDBQNDAsLDBkSEw8UHRofHh0aHBwgJC4nICIsIxwcKDcpLDAxNDQ0Hyc5PTgyPC4zNDL/2wBDAQkJCQwLDBgNDRgyIRwhMjIyMjIyMjIyMjIyMjIyMjIyMjIyMjIyMjIyMjIyMjIyMjIyMjIyMjIyMjIyMjIyMjL/wAARCABGAKADASIAAhEBAxEB/8QAHwAAAQUBAQEBAQEAAAAAAAAAAAECAwQFBgcICQoL/8QAtRAAAgEDAwIEAwUFBAQAAAF9AQIDAAQRBRIhMUEGE1FhByJxFDKBkaEII0KxwRVS0fAkM2JyggkKFhcYGRolJicoKSo0NTY3ODk6Q0RFRkdISUpTVFVWV1hZWmNkZWZnaGlqc3R1dnd4eXqDhIW
2025-12-19 14:49:21,130 - INFO - ============================================================

2025-12-19 14:49:21,132 - DEBUG - Starting new HTTPS connection (1): api.yescaptcha.com:443
2025-12-19 14:49:21,906 - DEBUG - https://api.yescaptcha.com:443 "POST /createTask HTTP/1.1" 200 None
2025-12-19 14:49:22,667 - DEBUG - https://api.yescaptcha.com:443 "POST /getTaskResult HTTP/1.1" 200 None
2025-12-19 14:49:22,954 - DEBUG - https://api.yescaptcha.com:443 "POST /getTaskResult HTTP/1.1" 200 None
2025-12-19 14:49:22,954 - ERROR - Captcha error: 'NoneType' object has no attribute 'solution'
2025-12-19 14:49:24,275 - INFO - 
============================================================
2025-12-19 14:49:24,276 - INFO - STEP: 2. Captcha (attempt 3)
2025-12-19 14:49:24,276 - INFO - ============================================================
2025-12-19 14:49:24,276 - INFO - Status Code: 401
2025-12-19 14:49:24,276 - INFO - URL: https://iforgot.apple.com/captcha?captchaType=IMAGE
2025-12-19 14:49:24,276 - DEBUG - Response Headers:
2025-12-19 14:49:24,276 - INFO -   Location: /captcha?captchaType=IMAGE...
2025-12-19 14:49:24,276 - INFO -   Set-Cookie: ['idclient=web; Domain=iforgot.apple.com; Path=/; Secure; HttpOnly', 'dslang=US-EN; Domain=apple.com...
2025-12-19 14:49:24,276 - INFO -   X-Apple-I-Request-Id: c39d9d15-dcd0-11f0-84a2-a18e44d15ddc...
2025-12-19 14:49:24,276 - DEBUG - Response Body: {
  "payload" : {
    "contentType" : "image/jpeg",
    "content" : "/9j/4AAQSkZJRgABAgAAAQABAAD/2wBDAAgGBgcGBQgHBwcJCQgKDBQNDAsLDBkSEw8UHRofHh0aHBwgJC4nICIsIxwcKDcpLDAxNDQ0Hyc5PTgyPC4zNDL/2wBDAQkJCQwLDBgNDRgyIRwhMjIyMjIyMjIyMjIyMjIyMjIyMjIyMjIyMjIyMjIyMjIyMjIyMjIyMjIyMjIyMjIyMjL/wAARCABGAKADASIAAhEBAxEB/8QAHwAAAQUBAQEBAQEAAAAAAAAAAAECAwQFBgcICQoL/8QAtRAAAgEDAwIEAwUFBAQAAAF9AQIDAAQRBRIhMUEGE1FhByJxFDKBkaEII0KxwRVS0fAkM2JyggkKFhcYGRolJicoKSo0NTY3ODk6Q0RFRkdISUpTVFVWV1hZWmNkZWZnaGlqc3R1dnd4eXqDhIW
2025-12-19 14:49:24,276 - INFO - ============================================================

2025-12-19 14:49:24,277 - DEBUG - Starting new HTTPS connection (1): api.yescaptcha.com:443
2025-12-19 14:49:24,946 - DEBUG - https://api.yescaptcha.com:443 "POST /createTask HTTP/1.1" 200 None
2025-12-19 14:49:25,770 - DEBUG - https://api.yescaptcha.com:443 "POST /getTaskResult HTTP/1.1" 200 None
2025-12-19 14:49:26,100 - DEBUG - https://api.yescaptcha.com:443 "POST /getTaskResult HTTP/1.1" 200 None
2025-12-19 14:49:26,100 - ERROR - Captcha error: 'NoneType' object has no attribute 'solution'
2025-12-19 14:49:27,105 - ERROR - [wyszkowski18590@outlook.com] Failed to solve captcha
2025-12-19 14:49:27,106 - INFO - RESULT: wyszkowski18590@outlook.com -> ❓ Unknown
2025-12-19 14:49:27,106 - INFO - Saved 3 accounts to files/check_unknown.txt
