2025-12-19 14:51:12,475 - INFO - 
############################################################
2025-12-19 14:51:12,475 - INFO - CHECKING: eqnvsyvpws@outlook.com
2025-12-19 14:51:12,475 - INFO - ############################################################
2025-12-19 14:51:12,475 - INFO - [eqnvsyvpws@outlook.com] Step 1: Loading initial page...
2025-12-19 14:51:13,281 - INFO - 
============================================================
2025-12-19 14:51:13,281 - INFO - STEP: 1. Initial Page
2025-12-19 14:51:13,281 - INFO - ============================================================
2025-12-19 14:51:13,281 - INFO - Status Code: 200
2025-12-19 14:51:13,281 - INFO - URL: https://iforgot.apple.com/password/verify/appleid
2025-12-19 14:51:13,281 - DEBUG - Response Headers:
2025-12-19 14:51:13,281 - INFO -   Location: /password/verify/appleid...
2025-12-19 14:51:13,281 - INFO -   Set-Cookie: ['idclient=web; Domain=iforgot.apple.com; Path=/; Secure; HttpOnly', 'X-Apple-I-Web-Token=; Max-Age=...
2025-12-19 14:51:13,281 - INFO -   Sstt: 6ixaLpPvgLiEOug4FTdCzwNohEIGXr3FrzkF16h%2FKUtlV08nUgwfnMc6BNtbrP9zXg3XrSp4ImRfSeTS4o9fuu6G31wuttxyFc...
2025-12-19 14:51:13,281 - INFO -   X-Apple-I-Request-Id: 049f4e98-dcd1-11f0-9519-d587dd346737...
2025-12-19 14:51:13,281 - INFO - ============================================================

2025-12-19 14:51:13,282 - INFO - [eqnvsyvpws@outlook.com] Got sstt token: 6ixaLpPvgLiEOug4FTdCzwNohEIGXr3FrzkF16h/KUtlV08nUg...
2025-12-19 14:51:13,282 - INFO - [eqnvsyvpws@outlook.com] Step 2: Getting captcha...
2025-12-19 14:51:13,577 - INFO - 
============================================================
2025-12-19 14:51:13,577 - INFO - STEP: 2. Captcha (attempt 1)
2025-12-19 14:51:13,577 - INFO - ============================================================
2025-12-19 14:51:13,577 - INFO - Status Code: 401
2025-12-19 14:51:13,577 - INFO - URL: https://iforgot.apple.com/captcha?captchaType=IMAGE
2025-12-19 14:51:13,577 - DEBUG - Response Headers:
2025-12-19 14:51:13,577 - INFO -   Location: /captcha?captchaType=IMAGE...
2025-12-19 14:51:13,577 - INFO -   Set-Cookie: ['idclient=web; Domain=iforgot.apple.com; Path=/; Secure; HttpOnly', 'dslang=US-EN; Domain=apple.com...
2025-12-19 14:51:13,577 - INFO -   X-Apple-I-Request-Id: 04c0dfee-dcd1-11f0-ac46-bb0fd901151a...
2025-12-19 14:51:13,577 - DEBUG - Response Body: {
  "payload" : {
    "contentType" : "image/jpeg",
    "content" : "/9j/4AAQSkZJRgABAgAAAQABAAD/2wBDAAgGBgcGBQgHBwcJCQgKDBQNDAsLDBkSEw8UHRofHh0aHBwgJC4nICIsIxwcKDcpLDAxNDQ0Hyc5PTgyPC4zNDL/2wBDAQkJCQwLDBgNDRgyIRwhMjIyMjIyMjIyMjIyMjIyMjIyMjIyMjIyMjIyMjIyMjIyMjIyMjIyMjIyMjIyMjIyMjL/wAARCABGAKADASIAAhEBAxEB/8QAHwAAAQUBAQEBAQEAAAAAAAAAAAECAwQFBgcICQoL/8QAtRAAAgEDAwIEAwUFBAQAAAF9AQIDAAQRBRIhMUEGE1FhByJxFDKBkaEII0KxwRVS0fAkM2JyggkKFhcYGRolJicoKSo0NTY3ODk6Q0RFRkdISUpTVFVWV1hZWmNkZWZnaGlqc3R1dnd4eXqDhIW
2025-12-19 14:51:13,577 - INFO - ============================================================

2025-12-19 14:51:13,669 - DEBUG - Starting new HTTPS connection (1): api.yescaptcha.com:443
2025-12-19 14:51:14,328 - DEBUG - https://api.yescaptcha.com:443 "POST /createTask HTTP/1.1" 200 None
2025-12-19 14:51:15,149 - DEBUG - https://api.yescaptcha.com:443 "POST /getTaskResult HTTP/1.1" 200 None
2025-12-19 14:51:15,150 - INFO - [eqnvsyvpws@outlook.com] Captcha solved: 94KK2
2025-12-19 14:51:15,150 - INFO - [eqnvsyvpws@outlook.com] Step 3: Verifying Apple ID...
2025-12-19 14:51:15,150 - DEBUG - [eqnvsyvpws@outlook.com] Verify data: {'id': 'eqnvsyvpws@outlook.com', 'captcha': {'id': 1542957412, 'answer': '94KK2', 'token': '4fb038d255760462185ea9b0d8bc527e91f4bd7918a37fa4351324d688e2cb66112796768ce42a11f42b3bec5831ba56f5b7e7a02e9afd9cc45640bd97ef59bed0d34cb3d07901684a145a1d387f380e0756b185a9b0fd42a318bf16eb4b81f3b31f0b0b0e292fe61c8de8351eab59787a9f4e04c837b836e2a0654d393dc9dc23c349d88627fb2abdb0e55b982d7289402aa8804a23388b5d5bc23aebfbef5ba69f63d5c4d11fb9679c4452fdb4c22b747ff2a0c510b5eccc6a1ec827c6ba107c033b2e80f69b35f82ef262370d82b6RSGU'}}
2025-12-19 14:51:15,448 - INFO - 
============================================================
2025-12-19 14:51:15,449 - INFO - STEP: 3. Verify Apple ID
2025-12-19 14:51:15,449 - INFO - ============================================================
2025-12-19 14:51:15,449 - INFO - Status Code: 400
2025-12-19 14:51:15,449 - INFO - URL: https://iforgot.apple.com/password/verify/appleid
2025-12-19 14:51:15,449 - DEBUG - Response Headers:
2025-12-19 14:51:15,449 - INFO -   Location: /password/verify/appleid...
2025-12-19 14:51:15,449 - INFO -   Set-Cookie: ['idclient=web; Domain=iforgot.apple.com; Path=/; Secure; HttpOnly', 'dslang=US-EN; Domain=apple.com...
2025-12-19 14:51:15,449 - INFO -   X-Apple-I-Request-Id: 05dde933-dcd1-11f0-84a2-a18e44d15ddc...
2025-12-19 14:51:15,449 - DEBUG - Response Body: {
  "service_errors" : [ {
    "code" : "-20210",
    "message" : "This account is not active."
  } ],
  "hasError" : true
}
2025-12-19 14:51:15,449 - INFO - ============================================================

2025-12-19 14:51:15,449 - INFO - [eqnvsyvpws@outlook.com] Error code: -20210, message: This account is not active.
2025-12-19 14:51:15,449 - INFO - [eqnvsyvpws@outlook.com] -> INACTIVE (code -20210)
2025-12-19 14:51:15,449 - INFO - RESULT: eqnvsyvpws@outlook.com -> ⏸️ Inactive (аккаунт неактивен/отключен)
2025-12-19 14:51:16,454 - INFO - 
############################################################
2025-12-19 14:51:16,454 - INFO - CHECKING: EnolaPalaspas618@hotmail.com
2025-12-19 14:51:16,454 - INFO - ############################################################
2025-12-19 14:51:16,454 - INFO - [EnolaPalaspas618@hotmail.com] Step 1: Loading initial page...
2025-12-19 14:51:17,292 - INFO - 
============================================================
2025-12-19 14:51:17,292 - INFO - STEP: 1. Initial Page
2025-12-19 14:51:17,292 - INFO - ============================================================
2025-12-19 14:51:17,293 - INFO - Status Code: 200
2025-12-19 14:51:17,293 - INFO - URL: https://iforgot.apple.com/password/verify/appleid
2025-12-19 14:51:17,293 - DEBUG - Response Headers:
2025-12-19 14:51:17,293 - INFO -   Location: /password/verify/appleid...
2025-12-19 14:51:17,293 - INFO -   Set-Cookie: ['idclient=web; Domain=iforgot.apple.com; Path=/; Secure; HttpOnly', 'X-Apple-I-Web-Token=; Max-Age=...
2025-12-19 14:51:17,293 - INFO -   Sstt: vSqgWEsTFI9e%2BQFfkj9X%2BUG%2F9OGIDYHmsJma%2BC4gkNJRKs0tkEDdMpRshPRnipRU0VB1MQgPz%2F2OTH%2Bjw3tPY1XG...
2025-12-19 14:51:17,293 - INFO -   X-Apple-I-Request-Id: 07048e69-dcd1-11f0-be78-531d35ef6ee8...
2025-12-19 14:51:17,293 - INFO - ============================================================

2025-12-19 14:51:17,293 - INFO - [EnolaPalaspas618@hotmail.com] Got sstt token: vSqgWEsTFI9e%2BQFfkj9X%2BUG/9OGIDYHmsJma%2BC4gkNJR...
2025-12-19 14:51:17,293 - INFO - [EnolaPalaspas618@hotmail.com] Step 2: Getting captcha...
2025-12-19 14:51:17,647 - INFO - 
============================================================
2025-12-19 14:51:17,647 - INFO - STEP: 2. Captcha (attempt 1)
2025-12-19 14:51:17,647 - INFO - ============================================================
2025-12-19 14:51:17,647 - INFO - Status Code: 401
2025-12-19 14:51:17,647 - INFO - URL: https://iforgot.apple.com/captcha?captchaType=IMAGE
2025-12-19 14:51:17,647 - DEBUG - Response Headers:
2025-12-19 14:51:17,647 - INFO -   Location: /captcha?captchaType=IMAGE...
2025-12-19 14:51:17,647 - INFO -   Set-Cookie: ['idclient=web; Domain=iforgot.apple.com; Path=/; Secure; HttpOnly', 'dslang=US-EN; Domain=apple.com...
2025-12-19 14:51:17,647 - INFO -   X-Apple-I-Request-Id: 0724c0e7-dcd1-11f0-ac46-bb0fd901151a...
2025-12-19 14:51:17,648 - DEBUG - Response Body: {
  "payload" : {
    "contentType" : "image/jpeg",
    "content" : "/9j/4AAQSkZJRgABAgAAAQABAAD/2wBDAAgGBgcGBQgHBwcJCQgKDBQNDAsLDBkSEw8UHRofHh0aHBwgJC4nICIsIxwcKDcpLDAxNDQ0Hyc5PTgyPC4zNDL/2wBDAQkJCQwLDBgNDRgyIRwhMjIyMjIyMjIyMjIyMjIyMjIyMjIyMjIyMjIyMjIyMjIyMjIyMjIyMjIyMjIyMjIyMjL/wAARCABGAKADASIAAhEBAxEB/8QAHwAAAQUBAQEBAQEAAAAAAAAAAAECAwQFBgcICQoL/8QAtRAAAgEDAwIEAwUFBAQAAAF9AQIDAAQRBRIhMUEGE1FhByJxFDKBkaEII0KxwRVS0fAkM2JyggkKFhcYGRolJicoKSo0NTY3ODk6Q0RFRkdISUpTVFVWV1hZWmNkZWZnaGlqc3R1dnd4eXqDhIW
2025-12-19 14:51:17,648 - INFO - ============================================================

2025-12-19 14:51:17,649 - DEBUG - Starting new HTTPS connection (1): api.yescaptcha.com:443
2025-12-19 14:51:18,483 - DEBUG - https://api.yescaptcha.com:443 "POST /createTask HTTP/1.1" 200 None
2025-12-19 14:51:19,346 - DEBUG - https://api.yescaptcha.com:443 "POST /getTaskResult HTTP/1.1" 200 None
2025-12-19 14:51:19,346 - INFO - [EnolaPalaspas618@hotmail.com] Captcha solved: SCL1M
2025-12-19 14:51:19,346 - INFO - [EnolaPalaspas618@hotmail.com] Step 3: Verifying Apple ID...
2025-12-19 14:51:19,346 - DEBUG - [EnolaPalaspas618@hotmail.com] Verify data: {'id': 'EnolaPalaspas618@hotmail.com', 'captcha': {'id': 1542957412, 'answer': 'SCL1M', 'token': '693a7c45609b470cdfe8e5bc2ffdb3ddbf5c29dc859745fcca6a630e5dd3f074b1e235744e4786173f9daf3ff3d518fc5fd8680194b88ccde89448ab2454be40b8786090cc843f71ae5fd003271d39a3105d88b6809cf4742c4fd1a76cbc9a5fc7d56d03bb2526444488f5baa434b6fb197daa127156065e9b6a46ab573899344ed00ed3bb7ee81171f9ce3972c73a05d065a54437f296e65118f9f6f87ba13abfc674dac2759ba8ccd6b9c680a6d10426eb3c3ca9f929f766cb3ce85bd264201faa16fa76eb02aba5dedcd6dd16dd95RSGU'}}
2025-12-19 14:51:19,682 - INFO - 
============================================================
2025-12-19 14:51:19,682 - INFO - STEP: 3. Verify Apple ID
2025-12-19 14:51:19,682 - INFO - ============================================================
2025-12-19 14:51:19,682 - INFO - Status Code: 302
2025-12-19 14:51:19,682 - INFO - URL: https://iforgot.apple.com/password/verify/appleid
2025-12-19 14:51:19,682 - DEBUG - Response Headers:
2025-12-19 14:51:19,682 - INFO -   Location: /recovery/options?sstt=2moHpElfzfeDAicS4jNFfkdXKHrGpy4xkhdWVm6I6mi9WNaE6hXR2eOnBG0Il2Lk8a4Z3%2BqHs9%...
2025-12-19 14:51:19,682 - INFO -   Set-Cookie: ['idclient=web; Domain=iforgot.apple.com; Path=/; Secure; HttpOnly', 'dslang=US-EN; Domain=apple.com...
2025-12-19 14:51:19,682 - INFO -   Sstt: 2moHpElfzfeDAicS4jNFfkdXKHrGpy4xkhdWVm6I6mi9WNaE6hXR2eOnBG0Il2Lk8a4Z3%2BqHs9%2F10zcaFdbQIQHBfE78K8m1...
2025-12-19 14:51:19,682 - INFO -   X-Apple-I-Request-Id: 085e523a-dcd1-11f0-ac46-bb0fd901151a...
2025-12-19 14:51:19,682 - DEBUG - Response Body: (empty)
2025-12-19 14:51:19,682 - INFO - ============================================================

2025-12-19 14:51:19,682 - INFO - [EnolaPalaspas618@hotmail.com] Apple ID verified, checking for temp lock...
2025-12-19 14:51:19,682 - INFO - [EnolaPalaspas618@hotmail.com] Step 4: Getting recovery options...
2025-12-19 14:51:19,967 - INFO - 
============================================================
2025-12-19 14:51:19,968 - INFO - STEP: 4. Recovery Options
2025-12-19 14:51:19,968 - INFO - ============================================================
2025-12-19 14:51:19,968 - INFO - Status Code: 200
2025-12-19 14:51:19,968 - INFO - URL: https://iforgot.apple.com/recovery/options?sstt=2moHpElfzfeDAicS4jNFfkdXKHrGpy4xkhdWVm6I6mi9WNaE6hXR2eOnBG0Il2Lk8a4Z3%2BqHs9%2F10zcaFdbQIQHBfE78K8m1g5dP%2Frvoi8zMQ0EUCRCbZ%2Fut1gUysVeG6UAUhaxBXxpnGwfoacWXbytPcKTL5TSTiHvlaYzEbeOt17NPLU47aUnbTJBOAmm5Duy0quVebpTc2W7dl92ST51Y4GoRzBGyhro7M8GmB%2BgbNnaGUZROaYxQzgLTC7oQybN4ZpEw2Zmo1iwM1k3ylWVFxUBeb6ge%2BJuoWFMo2%2FdBImhd3Y57%2B%2FLdI6PteQkqW7ObYgSfhF8jp2IOxkG2c3OTaKkOKshEigLpEtR8py3BOwb6bCXeZwXtbVk7LerqRWpUZaQPN5kLVuD9f4Zo9zCWFSS9yncItLJk4cIq%2FqaKChJCoOToqvu4M6ZYKcYZuyeCVy8TgdBDMUzhw9tbmp5rUQ0z9zYs9FgLtNQ%3D&accountInfo=com.apple.iforgot.web.view.model.AccountInfo%404743c10b
2025-12-19 14:51:19,968 - DEBUG - Response Headers:
2025-12-19 14:51:19,968 - INFO -   Location: /recovery/options?sstt=2moHpElfzfeDAicS4jNFfkdXKHrGpy4xkhdWVm6I6mi9WNaE6hXR2eOnBG0Il2Lk8a4Z3%2BqHs9%...
2025-12-19 14:51:19,968 - INFO -   Set-Cookie: ['idclient=web; Domain=iforgot.apple.com; Path=/; Secure; HttpOnly', 'dslang=US-EN; Domain=apple.com...
2025-12-19 14:51:19,968 - INFO -   Sstt: VP6dWO8Z2fU6CKxWvYEb2d95mFmNyx2SzD%2F01yRHJ73SvQS82GahxOn7si%2F119kLASl1Mgh2Kj3Xqfa%2BlMfLx14poLDGW2...
2025-12-19 14:51:19,968 - INFO -   X-Apple-I-Request-Id: 0891bddd-dcd1-11f0-9dd1-e96e889cbc8f...
2025-12-19 14:51:19,968 - DEBUG - Response Body: {
  "recoveryOptions" : [ "reset_password", "reset_questions" ],
  "forgotPasswordFlow" : true,
  "sstt" : "VP6dWO8Z2fU6CKxWvYEb2d95mFmNyx2SzD/01yRHJ73SvQS82GahxOn7si/119kLASl1Mgh2Kj3Xqfa+lMfLx14poLDGW2cMhx80/AYnLcG28F+EHeOKSX08Cz5ZKtGcSihFb8u0zVrVHuHgobNYFe+BeOpeKjFw2OEVopLJnC+9gwJSOgreH4Hyv5qovrn1GRj3Adzm+M9izovKHToH9idhB8tBKl3M2py1gWqUz/lwPi9URcvnoYkcR9wVZMRejcP5xhS1kEP9t+4BTwE6YQlAR12Z12kPkRP40xPvmSKDuq079YjahKma6gYsj2+N85RdrQVw3rPOU4wZ2A+PiQXLaBPlPdSF+zG+dflai+IC0ZNoHsRXZlKDFyOL0CTWIsoDFJV0
2025-12-19 14:51:19,968 - INFO - ============================================================

2025-12-19 14:51:19,968 - INFO - [EnolaPalaspas618@hotmail.com] Recovery options: ['reset_password', 'reset_questions']
2025-12-19 14:51:19,968 - INFO - [EnolaPalaspas618@hotmail.com] Step 5: Selecting reset_password...
2025-12-19 14:51:20,270 - INFO - 
============================================================
2025-12-19 14:51:20,270 - INFO - STEP: 5. Select Option
2025-12-19 14:51:20,270 - INFO - ============================================================
2025-12-19 14:51:20,270 - INFO - Status Code: 302
2025-12-19 14:51:20,270 - INFO - URL: https://iforgot.apple.com/recovery/options
2025-12-19 14:51:20,270 - DEBUG - Response Headers:
2025-12-19 14:51:20,271 - INFO -   Location: /password/authenticationmethod?sstt=oalMmWhQMOPQ31aqfl0oX5%2Fs7bKOA6m8NQQrEfq2P1sTofH8tzgqNuOty5fBRQ...
2025-12-19 14:51:20,271 - INFO -   Set-Cookie: ['idclient=web; Domain=iforgot.apple.com; Path=/; Secure; HttpOnly', 'dslang=US-EN; Domain=apple.com...
2025-12-19 14:51:20,271 - INFO -   Sstt: oalMmWhQMOPQ31aqfl0oX5%2Fs7bKOA6m8NQQrEfq2P1sTofH8tzgqNuOty5fBRQlK9apGlnO98jRId7ZOHvDxHnPk3Ou8%2FrXG...
2025-12-19 14:51:20,271 - INFO -   X-Apple-I-Request-Id: 08bcc5bf-dcd1-11f0-be78-531d35ef6ee8...
2025-12-19 14:51:20,271 - DEBUG - Response Body: (empty)
2025-12-19 14:51:20,271 - INFO - ============================================================

2025-12-19 14:51:20,271 - INFO - [EnolaPalaspas618@hotmail.com] Step 6: Getting auth method...
2025-12-19 14:51:20,525 - INFO - 
============================================================
2025-12-19 14:51:20,525 - INFO - STEP: 6. Auth Method
2025-12-19 14:51:20,525 - INFO - ============================================================
2025-12-19 14:51:20,525 - INFO - Status Code: 200
2025-12-19 14:51:20,525 - INFO - URL: https://iforgot.apple.com/password/authenticationmethod?sstt=oalMmWhQMOPQ31aqfl0oX5%2Fs7bKOA6m8NQQrEfq2P1sTofH8tzgqNuOty5fBRQlK9apGlnO98jRId7ZOHvDxHnPk3Ou8%2FrXGxbObVW2N%2Blq46cAJ3IJKtBOthqw6hdHe6exj4WIkLxSTM21x27iRJVqkVAVkIkKKj0jFD6eMLNZwz%2B9NKHjy2XgC9etLAGtM9iJoxI3%2FnSImVczKkxgIXV%2Fo%2FJiGuPkxHEDwqpU%2F93mjVAGYZQbv8mhzJJME8paoXaUBzYk4rfHqGolXrKuaykLISuAQ5utP7cnF5uHDjxNwzhapGxDY55HiQNLR6iMFCgOlxYI52Bsq80S2E36KlZ4x9b4mu0DQ1F3tRRBCkZrVGEV1k4AS0Nm7FOlRax6D6Weh%2BdPRKMe05WqGZmFcZabYSvV6eWbd0DS9Xfug5ndzg9asYJ4bN2n87FhxOn3TiMAXaLVEdG4hjxgoA7qJFRMQD2YHiSKF3W1HURln2V7IYtseB3iWhGiFPGSxiiseVRb0hYTKcQKIUGOg
2025-12-19 14:51:20,525 - DEBUG - Response Headers:
2025-12-19 14:51:20,525 - INFO -   Location: /password/authenticationmethod?sstt=oalMmWhQMOPQ31aqfl0oX5%2Fs7bKOA6m8NQQrEfq2P1sTofH8tzgqNuOty5fBRQ...
2025-12-19 14:51:20,525 - INFO -   Set-Cookie: ['idclient=web; Domain=iforgot.apple.com; Path=/; Secure; HttpOnly', 'dslang=US-EN; Domain=apple.com...
2025-12-19 14:51:20,525 - INFO -   Sstt: B%2F7xV%2BtDvTMlfBBvNjpq3mI8EoKhMb1ni3AGSzScnADdZmIhFMzo3pumX7ARf22iV8MIrtWKypLlqb6yRnziHPhsgJmsgrwS...
2025-12-19 14:51:20,525 - INFO -   X-Apple-I-Request-Id: 08eb9e68-dcd1-11f0-ac46-bb0fd901151a...
2025-12-19 14:51:20,525 - DEBUG - Response Body: {
  "options" : [ "email", "questions" ],
  "account" : {
    "name" : "EnolaPalaspas618@hotmail.com"
  },
  "emailAddress" : "E•••••@h•••••.com",
  "emailDomain" : "h•••••.com",
  "forgotPasswordFlow" : true,
  "sstt" : "B/7xV+tDvTMlfBBvNjpq3mI8EoKhMb1ni3AGSzScnADdZmIhFMzo3pumX7ARf22iV8MIrtWKypLlqb6yRnziHPhsgJmsgrwSn5uzuIKvS7JzpuENDHoy7l0TadMzEuzE0moO4pB19Y78MuF37qgIC/iaYCOpbpr+bCn3edjOwj21Lbzv3Jv/N4mgbDoQfcWyoy+z90vcT30d3WpEBsa77lRx2XIdQUmb7BcsZSc4ANCDybrPP/YVg+b0pVbUXSdRqYDymHHLtWQ9n+QqFdNln1
2025-12-19 14:51:20,525 - INFO - ============================================================

2025-12-19 14:51:20,525 - INFO - [EnolaPalaspas618@hotmail.com] Auth methods: []
2025-12-19 14:51:20,525 - INFO - [EnolaPalaspas618@hotmail.com] Step 7: Selecting questions method...
2025-12-19 14:51:20,830 - INFO - 
============================================================
2025-12-19 14:51:20,830 - INFO - STEP: 7. Select Questions
2025-12-19 14:51:20,830 - INFO - ============================================================
2025-12-19 14:51:20,830 - INFO - Status Code: 302
2025-12-19 14:51:20,830 - INFO - URL: https://iforgot.apple.com/password/authenticationmethod
2025-12-19 14:51:20,831 - DEBUG - Response Headers:
2025-12-19 14:51:20,831 - INFO -   Location: /password/verify/birthday?sstt=RhmYr%2BXigggSfbquvsNvhHjn33MXUe%2FkPC8lMAUxsoDsHRsNsmCDcFQ1v%2BriwG8...
2025-12-19 14:51:20,831 - INFO -   Set-Cookie: ['idclient=web; Domain=iforgot.apple.com; Path=/; Secure; HttpOnly', 'dslang=US-EN; Domain=apple.com...
2025-12-19 14:51:20,831 - INFO -   Sstt: RhmYr%2BXigggSfbquvsNvhHjn33MXUe%2FkPC8lMAUxsoDsHRsNsmCDcFQ1v%2BriwG8lyX3UYl%2FkoEVcHieu7HVyHn6%2BNU...
2025-12-19 14:51:20,831 - INFO -   X-Apple-I-Request-Id: 0911ea6c-dcd1-11f0-ac46-bb0fd901151a...
2025-12-19 14:51:20,831 - DEBUG - Response Body: (empty)
2025-12-19 14:51:20,831 - INFO - ============================================================

2025-12-19 14:51:20,831 - INFO - [EnolaPalaspas618@hotmail.com] Step 8: Getting birthday page (final check)...
2025-12-19 14:51:21,175 - INFO - 
============================================================
2025-12-19 14:51:21,175 - INFO - STEP: 8. Birthday Page
2025-12-19 14:51:21,175 - INFO - ============================================================
2025-12-19 14:51:21,175 - INFO - Status Code: 200
2025-12-19 14:51:21,175 - INFO - URL: https://iforgot.apple.com/password/verify/birthday?sstt=RhmYr%2BXigggSfbquvsNvhHjn33MXUe%2FkPC8lMAUxsoDsHRsNsmCDcFQ1v%2BriwG8lyX3UYl%2FkoEVcHieu7HVyHn6%2BNU3PTkZK%2FPPbYg8IzRxS9h85WRFZNJ%2BG%2BSfqnp%2BMClWj4oX%2BFQnhaJL0vrcA1gfFgSqJaF02KWQkj6rmtI0XSVE6z1Txkj%2BGk3ybb2r2POwVL0JCFIUkF2k4JjkUKoNGRBZzBIBTnETgeBG%2FI%2FZmceqrwTpwtI%2F4yrHmcgv6DlGtkWOKcRp7VUXFB2qbrNiEibuIpFuoyLeV6noNwoFoApea3CxorletsHe2H4Tw9wu9phQDtHQFvQpdvbkvlciPDTKws1TsyuBzepf9YywYX8rtlEbihxd6JnuuzeQRwnRjHs%2BoRL4wsFqQ0LjfwQeAotsQo5ZxUTJm8X9xqFOHTJ6PVWDIvblnHPP8C2%2FyzBNaCYdQDLbTbL0nQD7rWUdxoI49BJb8yEhTCfyuSFZoa4J8uNztKr1PB60vBI5I0lYPTnFBcVc5mdLDkgpj6jefEGoVVr%2Fkadpc3rT2UyU0WvziX%2FY%3D
2025-12-19 14:51:21,175 - DEBUG - Response Headers:
2025-12-19 14:51:21,175 - INFO -   Location: /password/verify/birthday?sstt=RhmYr%2BXigggSfbquvsNvhHjn33MXUe%2FkPC8lMAUxsoDsHRsNsmCDcFQ1v%2BriwG8...
2025-12-19 14:51:21,175 - INFO -   Set-Cookie: ['idclient=web; Domain=iforgot.apple.com; Path=/; Secure; HttpOnly', 'dslang=US-EN; Domain=apple.com...
2025-12-19 14:51:21,175 - INFO -   Sstt: ZwXEnk1ufvLSkpB6vV6FGJX%2FeukGaY6KzIqhBHPafdelpXLUTAJZMuF1qyxmPaPOuHgW8r97JXHNwzkUtpqGXOWzXJgHKLfy9K...
2025-12-19 14:51:21,175 - INFO -   X-Apple-I-Request-Id: 094dbb56-dcd1-11f0-9002-db2d81311b80...
2025-12-19 14:51:21,175 - DEBUG - Response Body: {
  "dateLayout" : "monthdayyear",
  "showBirthYear" : true,
  "dateInputPlaceholder" : "mm/dd/yyyy",
  "dateInputFormat" : "mm/dd/yyyy",
  "forgotPasswordFlow" : true,
  "sstt" : "ZwXEnk1ufvLSkpB6vV6FGJX/eukGaY6KzIqhBHPafdelpXLUTAJZMuF1qyxmPaPOuHgW8r97JXHNwzkUtpqGXOWzXJgHKLfy9Kphc26OoQ2DXpklBj8dklD6sJA5zwybmllXQeXOC8w8YMGwYSz1rwUCdpPKO0OpzKJkioVapGSE+6ALsDKvSv2j5g0alV9vC3shmlDD9zbeG6BRHNnitmfbjCjbCsm/vZBIObzvW2hyrhCoVKmZ7mGJOg2f3UEfFWA/R8Y2HT6tOUSmPFuTfMZD406wwdP82MnW/gtB6TxmFaw+MDZXfprVDwRSi+I
2025-12-19 14:51:21,176 - INFO - ============================================================

2025-12-19 14:51:21,176 - INFO - [EnolaPalaspas618@hotmail.com] -> VALID (got Sstt at birthday, can change password)
2025-12-19 14:51:21,176 - INFO - RESULT: EnolaPalaspas618@hotmail.com -> ✅ Valid (можно сменить пароль через вопросы)
2025-12-19 14:51:22,177 - INFO - 
############################################################
2025-12-19 14:51:22,177 - INFO - CHECKING: wyszkowski18590@outlook.com
2025-12-19 14:51:22,177 - INFO - ############################################################
2025-12-19 14:51:22,178 - INFO - [wyszkowski18590@outlook.com] Step 1: Loading initial page...
2025-12-19 14:51:22,928 - INFO - 
============================================================
2025-12-19 14:51:22,929 - INFO - STEP: 1. Initial Page
2025-12-19 14:51:22,929 - INFO - ============================================================
2025-12-19 14:51:22,929 - INFO - Status Code: 200
2025-12-19 14:51:22,929 - INFO - URL: https://iforgot.apple.com/password/verify/appleid
2025-12-19 14:51:22,929 - DEBUG - Response Headers:
2025-12-19 14:51:22,929 - INFO -   Location: /password/verify/appleid...
2025-12-19 14:51:22,929 - INFO -   Set-Cookie: ['idclient=web; Domain=iforgot.apple.com; Path=/; Secure; HttpOnly', 'X-Apple-I-Web-Token=; Max-Age=...
2025-12-19 14:51:22,929 - INFO -   Sstt: XcE%2F3czoC%2B%2Fs%2FEcz%2FRpdPHsBvrHqRFqqh9azQdVxmWJ%2FqUQDROJ7MH17oxpCaeo%2Fn0NUsDRiA2S20EuSJyobQT...
2025-12-19 14:51:22,929 - INFO -   X-Apple-I-Request-Id: 0a60d88f-dcd1-11f0-be78-531d35ef6ee8...
2025-12-19 14:51:22,929 - INFO - ============================================================

2025-12-19 14:51:22,929 - INFO - [wyszkowski18590@outlook.com] Got sstt token: XcE/3czoC%2B/s/Ecz/RpdPHsBvrHqRFqqh9azQdVxmWJ/qUQD...
2025-12-19 14:51:22,929 - INFO - [wyszkowski18590@outlook.com] Step 2: Getting captcha...
2025-12-19 14:51:23,300 - INFO - 
============================================================
2025-12-19 14:51:23,300 - INFO - STEP: 2. Captcha (attempt 1)
2025-12-19 14:51:23,300 - INFO - ============================================================
2025-12-19 14:51:23,300 - INFO - Status Code: 401
2025-12-19 14:51:23,300 - INFO - URL: https://iforgot.apple.com/captcha?captchaType=IMAGE
2025-12-19 14:51:23,300 - DEBUG - Response Headers:
2025-12-19 14:51:23,300 - INFO -   Location: /captcha?captchaType=IMAGE...
2025-12-19 14:51:23,300 - INFO -   Set-Cookie: ['idclient=web; Domain=iforgot.apple.com; Path=/; Secure; HttpOnly', 'dslang=US-EN; Domain=apple.com...
2025-12-19 14:51:23,300 - INFO -   X-Apple-I-Request-Id: 0a8e2ac0-dcd1-11f0-9dd1-e96e889cbc8f...
2025-12-19 14:51:23,300 - DEBUG - Response Body: {
  "payload" : {
    "contentType" : "image/jpeg",
    "content" : "/9j/4AAQSkZJRgABAgAAAQABAAD/2wBDAAgGBgcGBQgHBwcJCQgKDBQNDAsLDBkSEw8UHRofHh0aHBwgJC4nICIsIxwcKDcpLDAxNDQ0Hyc5PTgyPC4zNDL/2wBDAQkJCQwLDBgNDRgyIRwhMjIyMjIyMjIyMjIyMjIyMjIyMjIyMjIyMjIyMjIyMjIyMjIyMjIyMjIyMjIyMjIyMjL/wAARCABGAKADASIAAhEBAxEB/8QAHwAAAQUBAQEBAQEAAAAAAAAAAAECAwQFBgcICQoL/8QAtRAAAgEDAwIEAwUFBAQAAAF9AQIDAAQRBRIhMUEGE1FhByJxFDKBkaEII0KxwRVS0fAkM2JyggkKFhcYGRolJicoKSo0NTY3ODk6Q0RFRkdISUpTVFVWV1hZWmNkZWZnaGlqc3R1dnd4eXqDhIW
2025-12-19 14:51:23,300 - INFO - ============================================================

2025-12-19 14:51:23,301 - DEBUG - Starting new HTTPS connection (1): api.yescaptcha.com:443
2025-12-19 14:51:24,066 - DEBUG - https://api.yescaptcha.com:443 "POST /createTask HTTP/1.1" 200 None
2025-12-19 14:51:24,805 - DEBUG - https://api.yescaptcha.com:443 "POST /getTaskResult HTTP/1.1" 200 None
2025-12-19 14:51:24,806 - INFO - [wyszkowski18590@outlook.com] Captcha solved: 65MT2
2025-12-19 14:51:24,806 - INFO - [wyszkowski18590@outlook.com] Step 3: Verifying Apple ID...
2025-12-19 14:51:24,806 - DEBUG - [wyszkowski18590@outlook.com] Verify data: {'id': 'wyszkowski18590@outlook.com', 'captcha': {'id': 1774513632, 'answer': '65MT2', 'token': 'b2032a663447505ef403766e474c4658a792bb4c761035e6dd68514ecaf80444a27935053035c8666d8c644e9d56fe7a2f1018aff3933ac78a6b86c5cb9a26bbc795efebeab81108ef9f2cbb60997b886615d296a52b6c11b07134a008c2637bb70da23f1b9549023cc61a4af5adc12df73191499cca8b625a071ea1ca0b81e1a70f7de6c222166e77babe2fd7117b8829d3bccb474a635168d8cda0e7d4b970d50816b94fc7245fde1275ed1e2648040c2e41af948ddc1561afe90bf5184981e0865ff031c987d1104d9eed19426f99RSGU'}}
2025-12-19 14:51:25,154 - INFO - 
============================================================
2025-12-19 14:51:25,154 - INFO - STEP: 3. Verify Apple ID
2025-12-19 14:51:25,154 - INFO - ============================================================
2025-12-19 14:51:25,154 - INFO - Status Code: 302
2025-12-19 14:51:25,154 - INFO - URL: https://iforgot.apple.com/password/verify/appleid
2025-12-19 14:51:25,154 - DEBUG - Response Headers:
2025-12-19 14:51:25,154 - INFO -   Location: /password/authenticationmethod?sstt=XG5i%2FVnsV%2BJNm0Aj%2B1yUEYo15cTPRXaoADkuP%2BG3erzQM79ZOFgoxw69...
2025-12-19 14:51:25,154 - INFO -   Set-Cookie: ['idclient=web; Domain=iforgot.apple.com; Path=/; Secure; HttpOnly', 'dslang=US-EN; Domain=apple.com...
2025-12-19 14:51:25,154 - INFO -   Sstt: XG5i%2FVnsV%2BJNm0Aj%2B1yUEYo15cTPRXaoADkuP%2BG3erzQM79ZOFgoxw69DYXywo%2FjaZ3Mom6oHIlnfDHIJOyXSHPDoU...
2025-12-19 14:51:25,154 - INFO -   X-Apple-I-Request-Id: 0b9fc158-dcd1-11f0-a19c-1517e8a4655e...
2025-12-19 14:51:25,154 - DEBUG - Response Body: (empty)
2025-12-19 14:51:25,154 - INFO - ============================================================

2025-12-19 14:51:25,154 - INFO - [wyszkowski18590@outlook.com] Apple ID verified, checking for temp lock...
2025-12-19 14:51:25,154 - INFO - [wyszkowski18590@outlook.com] Step 4: Getting recovery options...
2025-12-19 14:51:25,413 - INFO - 
============================================================
2025-12-19 14:51:25,413 - INFO - STEP: 4. Recovery Options
2025-12-19 14:51:25,413 - INFO - ============================================================
2025-12-19 14:51:25,413 - INFO - Status Code: 200
2025-12-19 14:51:25,413 - INFO - URL: https://iforgot.apple.com/password/authenticationmethod?sstt=XG5i%2FVnsV%2BJNm0Aj%2B1yUEYo15cTPRXaoADkuP%2BG3erzQM79ZOFgoxw69DYXywo%2FjaZ3Mom6oHIlnfDHIJOyXSHPDoUd200rYnYGDhx%2BiHc3HgJNXV018BkscZxVI4v37D5sl%2BXsTLFtzKQGFjNp%2Bx3zLGTmlI%2BiuW7fB6EQhb%2BfObxx10VClhUtJ8wFqA3m2yXyK%2BIhCrgxw9QZx5P53PK52xETVNHp7mn9wUtUvN4uzhcgMaEwb6fKVRO0LGU3nrCnkh0UsQrgBlSPQntDIDbKRQsvgoEcWZFbLLnNeRLlXsF3UORSJxuVsAVVGZ2%2Fi2zYQjPLH0ZxdzpqLcCywJeoXixVdTSI80xX70rQPs%2Bq%2Feso%2FGvDqX%2B5hBb86nI7I5LKfdHgW9UuiMV3yd7TyO1F8A4z%2FwXEHJEygigJFbZbqWwt6yIn%2FipbbKaO%2F1l6200y9Ng3xkHQ6lUw8T6BUYsbfUZ4TfYXmwWhSw0vb8vW4haRriqW%2B5M9y&accountInfo=com.apple.iforgot.web.view.model.AccountInfo%4073d35d31
2025-12-19 14:51:25,413 - DEBUG - Response Headers:
2025-12-19 14:51:25,413 - INFO -   Location: /password/authenticationmethod?sstt=XG5i%2FVnsV%2BJNm0Aj%2B1yUEYo15cTPRXaoADkuP%2BG3erzQM79ZOFgoxw69...
2025-12-19 14:51:25,413 - INFO -   Set-Cookie: ['idclient=web; Domain=iforgot.apple.com; Path=/; Secure; HttpOnly', 'dslang=US-EN; Domain=apple.com...
2025-12-19 14:51:25,413 - INFO -   Sstt: nlKjmDkYot5dojOvrT59dMJfiX7ee6HXxKHl9XMy8ZhQb5xB4UEXo7c0AYLfi%2BweWa4qackaUhOzCAdMQbQXkIB8fdFvZ4W8TI...
2025-12-19 14:51:25,413 - INFO -   X-Apple-I-Request-Id: 0bd48ce8-dcd1-11f0-9002-db2d81311b80...
2025-12-19 14:51:25,413 - DEBUG - Response Body: {
  "supportsUnlock" : true,
  "options" : [ "email", "questions" ],
  "account" : {
    "name" : "wyszkowski18590@outlook.com"
  },
  "emailAddress" : "w•••••@o•••••.com",
  "emailDomain" : "o•••••.com",
  "forgotPasswordFlow" : true,
  "sstt" : "nlKjmDkYot5dojOvrT59dMJfiX7ee6HXxKHl9XMy8ZhQb5xB4UEXo7c0AYLfi+weWa4qackaUhOzCAdMQbQXkIB8fdFvZ4W8TIdxthfCX//R64s5Jt7JjutaRWMoTVoj9TdToGK1EJKb5oqEsVsuaf2MJXz8u4ozjxHh0PI/TZRHTkKxQINbH+IXbA2u3ch18+zMLGne7Hd/sQlcMIykjDIWRqLVqqGzTCx187078BI3+44uSYro2sSC492m
2025-12-19 14:51:25,413 - INFO - ============================================================

2025-12-19 14:51:25,414 - INFO - [wyszkowski18590@outlook.com] Recovery options: []
2025-12-19 14:51:25,414 - INFO - [wyszkowski18590@outlook.com] Step 5: Selecting reset_password...
2025-12-19 14:51:25,696 - INFO - 
============================================================
2025-12-19 14:51:25,696 - INFO - STEP: 5. Select Option
2025-12-19 14:51:25,696 - INFO - ============================================================
2025-12-19 14:51:25,696 - INFO - Status Code: 302
2025-12-19 14:51:25,696 - INFO - URL: https://iforgot.apple.com/recovery/options
2025-12-19 14:51:25,696 - DEBUG - Response Headers:
2025-12-19 14:51:25,696 - INFO -   Location: /session/timeout?...
2025-12-19 14:51:25,696 - INFO -   Set-Cookie: ['idclient=web; Domain=iforgot.apple.com; Path=/; Secure; HttpOnly', 'dslang=US-EN; Domain=apple.com...
2025-12-19 14:51:25,696 - INFO -   X-Apple-I-Request-Id: 0bfbc448-dcd1-11f0-9002-db2d81311b80...
2025-12-19 14:51:25,696 - DEBUG - Response Body: (empty)
2025-12-19 14:51:25,696 - INFO - ============================================================

2025-12-19 14:51:25,696 - INFO - [wyszkowski18590@outlook.com] -> TEMP LOCKED (session timeout at select option)
2025-12-19 14:51:25,696 - INFO - RESULT: wyszkowski18590@outlook.com -> 🔐 Temp Locked (временная блокировка IP)
2025-12-19 14:51:25,697 - INFO - Saved 1 accounts to files/check_valid.txt
2025-12-19 14:51:25,697 - INFO - Saved 1 accounts to files/check_temp_locked.txt
2025-12-19 14:51:25,698 - INFO - Saved 1 accounts to files/check_inactive.txt
