2025-12-17 17:09:56,680 - INFO - [eqnvsyvpws@outlook.com] Checking account status via iforgot...
2025-12-17 17:09:56,748 - INFO - [eqnvsyvpws@outlook.com] Getting sstt token...
2025-12-17 17:09:58,176 - INFO - [eqnvsyvpws@outlook.com] Getting and solving captcha...
2025-12-17 17:09:58,515 - INFO - [eqnvsyvpws@outlook.com] Captcha response status: 401
2025-12-17 17:09:59,982 - INFO - [eqnvsyvpws@outlook.com] Captcha solved: WRBUS
2025-12-17 17:09:59,982 - INFO - [eqnvsyvpws@outlook.com] Verifying Apple ID...
2025-12-17 17:10:00,506 - INFO - [eqnvsyvpws@outlook.com] Verify response: 400
2025-12-17 17:10:00,506 - INFO - [eqnvsyvpws@outlook.com] Response text: {
  "service_errors" : [ {
    "code" : "-20210",
    "message" : "This account is not active."
  } ],
  "hasError" : true
}
2025-12-17 17:10:47,015 - INFO - [eqnvsyvpws@outlook.com] Checking account status via iforgot...
2025-12-17 17:10:47,095 - INFO - [eqnvsyvpws@outlook.com] Getting sstt token...
2025-12-17 17:10:49,444 - INFO - [eqnvsyvpws@outlook.com] Getting and solving captcha...
2025-12-17 17:10:49,777 - INFO - [eqnvsyvpws@outlook.com] Captcha response status: 401
2025-12-17 17:10:52,044 - INFO - [eqnvsyvpws@outlook.com] Captcha solved: LQAU
2025-12-17 17:10:52,044 - INFO - [eqnvsyvpws@outlook.com] Verifying Apple ID...
2025-12-17 17:10:52,367 - INFO - [eqnvsyvpws@outlook.com] Verify response: 400
2025-12-17 17:10:52,367 - INFO - [eqnvsyvpws@outlook.com] Response text: {
  "service_errors" : [ {
    "code" : "-20210",
    "message" : "This account is not active."
  } ],
  "hasError" : true
}
2025-12-17 17:10:54,373 - INFO - [EnolaPalaspas618@hotmail.com] Checking account status via iforgot...
2025-12-17 17:10:54,374 - INFO - [EnolaPalaspas618@hotmail.com] Getting sstt token...
2025-12-17 17:10:56,032 - INFO - [EnolaPalaspas618@hotmail.com] Getting and solving captcha...
2025-12-17 17:10:56,354 - INFO - [EnolaPalaspas618@hotmail.com] Captcha response status: 401
2025-12-17 17:10:58,649 - INFO - [EnolaPalaspas618@hotmail.com] Captcha solved: 4BFZ
2025-12-17 17:10:58,649 - INFO - [EnolaPalaspas618@hotmail.com] Verifying Apple ID...
2025-12-17 17:10:59,080 - INFO - [EnolaPalaspas618@hotmail.com] Verify response: 302
2025-12-17 17:10:59,081 - INFO - [EnolaPalaspas618@hotmail.com] Response text: empty
2025-12-17 17:10:59,081 - INFO - [EnolaPalaspas618@hotmail.com] Account valid, checking further...
2025-12-17 17:25:43,074 - INFO - [eqnvsyvpws@outlook.com] Checking account status via iforgot...
2025-12-17 17:25:43,139 - INFO - [eqnvsyvpws@outlook.com] Getting sstt token...
2025-12-17 17:25:45,504 - INFO - [eqnvsyvpws@outlook.com] Getting and solving captcha...
2025-12-17 17:25:45,868 - INFO - [eqnvsyvpws@outlook.com] Captcha response status: 401
2025-12-17 17:25:47,693 - INFO - [eqnvsyvpws@outlook.com] Captcha solved: H2M8N
2025-12-17 17:25:47,693 - INFO - [eqnvsyvpws@outlook.com] Verifying Apple ID...
2025-12-17 17:25:48,110 - INFO - [eqnvsyvpws@outlook.com] Verify response: 400
2025-12-17 17:25:48,110 - INFO - [eqnvsyvpws@outlook.com] Response text: {
  "service_errors" : [ {
    "code" : "-20210",
    "message" : "This account is not active."
  } ],
  "hasError" : true
}
2025-12-17 17:25:50,116 - INFO - [EnolaPalaspas618@hotmail.com] Checking account status via iforgot...
2025-12-17 17:25:50,117 - INFO - [EnolaPalaspas618@hotmail.com] Getting sstt token...
2025-12-17 17:25:51,679 - INFO - [EnolaPalaspas618@hotmail.com] Getting and solving captcha...
2025-12-17 17:25:51,978 - INFO - [EnolaPalaspas618@hotmail.com] Captcha response status: 401
2025-12-17 17:25:53,947 - INFO - [EnolaPalaspas618@hotmail.com] Captcha solved: 1P18
2025-12-17 17:25:53,947 - INFO - [EnolaPalaspas618@hotmail.com] Verifying Apple ID...
2025-12-17 17:25:54,359 - INFO - [EnolaPalaspas618@hotmail.com] Verify response: 302
2025-12-17 17:25:54,360 - INFO - [EnolaPalaspas618@hotmail.com] Response text: empty
2025-12-17 17:25:54,360 - INFO - [EnolaPalaspas618@hotmail.com] Account valid, checking further...
2025-12-17 17:25:56,366 - INFO - [wyszkowski18590@outlook.com] Checking account status via iforgot...
2025-12-17 17:25:56,366 - INFO - [wyszkowski18590@outlook.com] Getting sstt token...
2025-12-17 17:25:57,822 - INFO - [wyszkowski18590@outlook.com] Getting and solving captcha...
2025-12-17 17:25:58,155 - INFO - [wyszkowski18590@outlook.com] Captcha response status: 401
2025-12-17 17:25:59,692 - INFO - [wyszkowski18590@outlook.com] Captcha solved: KKSJF
2025-12-17 17:25:59,692 - INFO - [wyszkowski18590@outlook.com] Verifying Apple ID...
2025-12-17 17:26:00,298 - INFO - [wyszkowski18590@outlook.com] Verify response: 302
2025-12-17 17:26:00,298 - INFO - [wyszkowski18590@outlook.com] Response text: empty
2025-12-17 17:26:00,298 - INFO - [wyszkowski18590@outlook.com] Account valid, checking further...
2025-12-17 17:29:28,209 - INFO - [eqnvsyvpws@outlook.com] Checking account status via iforgot...
2025-12-17 17:29:28,276 - INFO - [eqnvsyvpws@outlook.com] Getting sstt token...
2025-12-17 17:29:29,965 - INFO - [eqnvsyvpws@outlook.com] Getting and solving captcha...
2025-12-17 17:29:30,641 - INFO - [eqnvsyvpws@outlook.com] Captcha response status: 401
2025-12-17 17:29:32,409 - INFO - [eqnvsyvpws@outlook.com] Captcha solved: LEYQ
2025-12-17 17:29:32,411 - INFO - [eqnvsyvpws@outlook.com] Verifying Apple ID...
2025-12-17 17:29:33,019 - INFO - [eqnvsyvpws@outlook.com] Verify response: 400
2025-12-17 17:29:33,020 - INFO - [eqnvsyvpws@outlook.com] Response text: {
  "service_errors" : [ {
    "code" : "-20210",
    "message" : "This account is not active."
  } ],
  "hasError" : true
}
2025-12-17 17:29:35,026 - INFO - [EnolaPalaspas618@hotmail.com] Checking account status via iforgot...
2025-12-17 17:29:35,027 - INFO - [EnolaPalaspas618@hotmail.com] Getting sstt token...
2025-12-17 17:29:36,903 - INFO - [EnolaPalaspas618@hotmail.com] Getting and solving captcha...
2025-12-17 17:29:37,367 - INFO - [EnolaPalaspas618@hotmail.com] Captcha response status: 401
2025-12-17 17:29:38,857 - INFO - [EnolaPalaspas618@hotmail.com] Captcha solved: XEAV
2025-12-17 17:29:38,857 - INFO - [EnolaPalaspas618@hotmail.com] Verifying Apple ID...
2025-12-17 17:29:39,403 - INFO - [EnolaPalaspas618@hotmail.com] Verify response: 302
2025-12-17 17:29:39,403 - INFO - [EnolaPalaspas618@hotmail.com] Response text: empty
2025-12-17 17:29:39,403 - INFO - [EnolaPalaspas618@hotmail.com] Account exists, doing deep check for temp lock...
2025-12-17 17:29:39,403 - INFO - [EnolaPalaspas618@hotmail.com] Checking birthday verification...
2025-12-17 17:29:40,168 - INFO - [EnolaPalaspas618@hotmail.com] Birthday POST status: 302
2025-12-17 17:29:40,564 - INFO - [EnolaPalaspas618@hotmail.com] Questions GET status: 302
2025-12-17 17:29:40,564 - INFO - [EnolaPalaspas618@hotmail.com] Questions URL: https://iforgot.apple.com/password/verify/questions
2025-12-17 17:29:42,571 - INFO - [wyszkowski18590@outlook.com] Checking account status via iforgot...
2025-12-17 17:29:42,571 - INFO - [wyszkowski18590@outlook.com] Getting sstt token...
2025-12-17 17:29:44,276 - INFO - [wyszkowski18590@outlook.com] Getting and solving captcha...
2025-12-17 17:29:44,761 - INFO - [wyszkowski18590@outlook.com] Captcha response status: 401
2025-12-17 17:29:46,476 - INFO - [wyszkowski18590@outlook.com] Captcha solved: RAE66
2025-12-17 17:29:46,476 - INFO - [wyszkowski18590@outlook.com] Verifying Apple ID...
2025-12-17 17:29:47,033 - INFO - [wyszkowski18590@outlook.com] Verify response: 302
2025-12-17 17:29:47,033 - INFO - [wyszkowski18590@outlook.com] Response text: empty
2025-12-17 17:29:47,033 - INFO - [wyszkowski18590@outlook.com] Account exists, doing deep check for temp lock...
2025-12-17 17:29:47,033 - INFO - [wyszkowski18590@outlook.com] Checking birthday verification...
2025-12-17 17:29:47,829 - INFO - [wyszkowski18590@outlook.com] Birthday POST status: 302
2025-12-17 17:29:48,341 - INFO - [wyszkowski18590@outlook.com] Questions GET status: 302
2025-12-17 17:29:48,342 - INFO - [wyszkowski18590@outlook.com] Questions URL: https://iforgot.apple.com/password/verify/questions
2025-12-17 17:30:14,254 - INFO - [eqnvsyvpws@outlook.com] Checking account status via iforgot...
2025-12-17 17:30:14,318 - INFO - [eqnvsyvpws@outlook.com] Getting sstt token...
2025-12-17 17:30:15,878 - INFO - [eqnvsyvpws@outlook.com] Getting and solving captcha...
2025-12-17 17:30:16,572 - INFO - [eqnvsyvpws@outlook.com] Captcha response status: 401
2025-12-17 17:30:18,284 - INFO - [eqnvsyvpws@outlook.com] Captcha solved: EWYS1
2025-12-17 17:30:18,285 - INFO - [eqnvsyvpws@outlook.com] Verifying Apple ID...
2025-12-17 17:30:18,867 - INFO - [eqnvsyvpws@outlook.com] Verify response: 400
2025-12-17 17:30:18,868 - INFO - [eqnvsyvpws@outlook.com] Response text: {
  "service_errors" : [ {
    "code" : "-20210",
    "message" : "This account is not active."
  } ],
  "hasError" : true
}
2025-12-17 17:30:20,873 - INFO - [EnolaPalaspas618@hotmail.com] Checking account status via iforgot...
2025-12-17 17:30:20,873 - INFO - [EnolaPalaspas618@hotmail.com] Getting sstt token...
2025-12-17 17:30:22,798 - INFO - [EnolaPalaspas618@hotmail.com] Getting and solving captcha...
2025-12-17 17:30:23,173 - INFO - [EnolaPalaspas618@hotmail.com] Captcha response status: 401
2025-12-17 17:30:24,862 - INFO - [EnolaPalaspas618@hotmail.com] Captcha solved: X6JJ
2025-12-17 17:30:24,862 - INFO - [EnolaPalaspas618@hotmail.com] Verifying Apple ID...
2025-12-17 17:30:25,413 - INFO - [EnolaPalaspas618@hotmail.com] Verify response: 302
2025-12-17 17:30:25,413 - INFO - [EnolaPalaspas618@hotmail.com] Response text: empty
2025-12-17 17:30:25,414 - INFO - [EnolaPalaspas618@hotmail.com] Account exists, doing deep check for temp lock...
2025-12-17 17:30:25,414 - INFO - [EnolaPalaspas618@hotmail.com] Checking birthday verification...
2025-12-17 17:30:26,212 - INFO - [EnolaPalaspas618@hotmail.com] Birthday POST status: 302
2025-12-17 17:30:26,871 - INFO - [EnolaPalaspas618@hotmail.com] Questions GET status: 200
2025-12-17 17:30:26,871 - INFO - [EnolaPalaspas618@hotmail.com] Questions URL: https://iforgot.apple.com/session/timeout?
2025-12-17 17:30:26,872 - INFO - [EnolaPalaspas618@hotmail.com] TEMPORARY LOCK DETECTED (session timeout in URL)
2025-12-17 17:30:28,878 - INFO - [wyszkowski18590@outlook.com] Checking account status via iforgot...
2025-12-17 17:30:28,879 - INFO - [wyszkowski18590@outlook.com] Getting sstt token...
2025-12-17 17:30:30,502 - INFO - [wyszkowski18590@outlook.com] Getting and solving captcha...
2025-12-17 17:30:30,922 - INFO - [wyszkowski18590@outlook.com] Captcha response status: 401
2025-12-17 17:30:32,684 - INFO - [wyszkowski18590@outlook.com] Captcha solved: DD1E
2025-12-17 17:30:32,684 - INFO - [wyszkowski18590@outlook.com] Verifying Apple ID...
2025-12-17 17:30:33,158 - INFO - [wyszkowski18590@outlook.com] Verify response: 302
2025-12-17 17:30:33,158 - INFO - [wyszkowski18590@outlook.com] Response text: empty
2025-12-17 17:30:33,159 - INFO - [wyszkowski18590@outlook.com] Account exists, doing deep check for temp lock...
2025-12-17 17:30:33,159 - INFO - [wyszkowski18590@outlook.com] Checking birthday verification...
2025-12-17 17:30:33,924 - INFO - [wyszkowski18590@outlook.com] Birthday POST status: 302
2025-12-17 17:30:34,595 - INFO - [wyszkowski18590@outlook.com] Questions GET status: 200
2025-12-17 17:30:34,595 - INFO - [wyszkowski18590@outlook.com] Questions URL: https://iforgot.apple.com/session/timeout?
2025-12-17 17:30:34,595 - INFO - [wyszkowski18590@outlook.com] TEMPORARY LOCK DETECTED (session timeout in URL)
