[14:33:29.196] [INFO] 
############################################################
[14:33:29.196] [INFO] STARTING FLOW TRACE FOR: EnolaPalaspas618@hotmail.com
[14:33:29.196] [INFO] Birthday: 03/18/1999
[14:33:29.196] [INFO] ############################################################

[14:33:29.196] [INFO] [36mSTEP 1: Loading initial page...[39m
[14:33:30.526] [INFO] 
============================================================
[14:33:30.527] [INFO] STEP: 1. Initial Page Load
[14:33:30.527] [INFO] ============================================================
[14:33:30.527] [INFO] Status Code: 200
[14:33:30.527] [INFO] Final URL: https://iforgot.apple.com/password/verify/appleid
[14:33:30.527] [INFO] 
--- Response Headers (21) ---
[14:33:30.528] [INFO]   Cache-Control: no-store
[14:33:30.528] [INFO]   Connection: keep-alive
[14:33:30.528] [INFO]   Content-Encoding: gzip
[14:33:30.528] [INFO]   Content-Language: en-US-x-lvariant-USA
[14:33:30.528] [INFO]   Content-Location: /password/verify/appleid
[14:33:30.528] [INFO]   Content-Security-Policy: default-src 'self' ; connect-src 'self' https://www.apple.com https://appleid.cdn-apple.com ; font-s...
[14:33:30.528] [INFO]   Content-Type: text/html;charset=UTF-8
[14:33:30.528] [INFO]   Date: Fri, 19 Dec 2025 11:33:30 GMT
[14:33:30.529] [INFO]   Host: iforgot.apple.com
[14:33:30.529] [INFO]   Location: /password/verify/appleid
[14:33:30.529] [INFO]   Referrer-Policy: origin
[14:33:30.529] [INFO]   Server: Apple
[14:33:30.529] [INFO]   Set-Cookie: ['idclient=web; Domain=iforgot.apple.com; Path=/; Secure; HttpOnly', 'X-Apple-I-Web-Token=; Max-Age=0; Expires=Thu, 01 Jan 1970 00:00:10 GMT; Domain=apple.com; Path=/; Secure; HttpOnly', 'dslang=US-EN; Domain=apple.com; Path=/; Secure; HttpOnly', 'site=USA; Domain=apple.com; Path=/; Secure; HttpOnly', 'X-Apple-I-Web-Token=AAAAKjJ8Yzc4ODMyODZiNzg5MWRhYmE0MDYyODNmNjdhZmE5ZWUAAAGbNnCimItaFhopgvX1Qz3P7yCadarxM0/96UbQKWeusoL7lWysC/H6o5j+4bGNxqqrAATr+gl0yXtMIJd8KU759c6gwW/tXvpkk3isSbnSnwjxhLv3qj+zBA==; Max-Age=900; Expires=Fri, 19 Dec 2025 11:48:29 GMT; Domain=apple.com; Path=/; Secure; HttpOnly', 'ifssp=B9497052D2E34DBF81CA68ED0B6C305E6A73ABC20972484A9FD4EE9B8F14C5186E4326CD209E27098DFF50EE70123BAB4DDD5BCA27F78860C9C58D07D1B3295CFFDE1CB9FBC1FC04F0B5CF1AC8F695EC0E814ACCAEC8F07681500F03367FB4E0B64C601248B9393D1F969520E4558885C35C31285A6D7686; Domain=iforgot.apple.com; Path=/; Secure; HttpOnly']...
[14:33:30.529] [INFO]   Strict-Transport-Security: max-age=31536000; includeSubDomains; preload
[14:33:30.529] [INFO]   Vary: accept-encoding
[14:33:30.529] [INFO]   X-Apple-I-Request-Id: 8adf29e0-dcce-11f0-be78-531d35ef6ee8
[14:33:30.529] [INFO]   X-Apple-Id-Session-Id: B9497052D2E34DBF81CA68ED0B6C305E6A73ABC20972484A9FD4EE9B8F14C5186E4326CD209E27098DFF50EE70123BAB4DDD...
[14:33:30.529] [INFO]   X-Buildversion: R3
[14:33:30.529] [INFO]   X-Content-Type-Options: nosniff
[14:33:30.529] [INFO]   X-Frame-Options: ['DENY', 'SAMEORIGIN']
[14:33:30.529] [INFO]   X-Xss-Protection: 1; mode=block
[14:33:30.530] [INFO] 
--- Cookies (5) ---
[14:33:30.530] [INFO]   idclient: web
[14:33:30.530] [INFO]   ifssp: B9497052D2E34DBF81CA68ED0B6C305E6A73ABC20972484A9F...
[14:33:30.530] [INFO]   dslang: US-EN
[14:33:30.530] [INFO]   site: USA
[14:33:30.530] [INFO]   X-Apple-I-Web-Token: AAAAKjJ8Yzc4ODMyODZiNzg5MWRhYmE0MDYyODNmNjdhZmE5ZW...
[14:33:30.530] [INFO] 
--- Response Body (first 1000 chars) ---
[14:33:30.530] [INFO] 
















    
    
        
    
















































    
        
        
    
    





<!DOCTYPE html>


<html class="eyebrow ltr " lang="en" dir=ltr>
<head>
    <meta name="format-detection" content="telephone=no"/>
    <title>
    
        
        
            Recover Your Apple Account - Apple
        
        
        
    
</title>
    
    
    
    <link rel="SHORTCUT ICON" href="/images/global/favicon.ico"/>
    



    
    
    
    
    
    
    

<link rel="stylesheet"  href="https://www.apple.com/wss/fonts?families=SF+Pro,v3|SF+Pro+Icons,v3" type="text/css"/>



    
    



    
    
    
    
    
    

    
  <script type="text/stache" id="jstache_1460893030">
    
          
          
          
          
          
          <generic-error-modal {(show)}="showGenericErrorModal"
                     {error-title}="modalErrorTitle"
                     action-text="OK"
                     {error-message}="modalErrorMessage"><
[14:33:30.530] [INFO] ============================================================

[14:33:30.531] [INFO] [32mExtracted sstt token: xqN81S/tI0kYs1zyr2u6X1qRpN2w4T7xIcuVZkSO1EB%2BjYQ1...[39m
[14:33:30.531] [INFO] 
[36mSTEP 2: Getting captcha...[39m
[14:33:30.811] [INFO] 
============================================================
[14:33:30.811] [INFO] STEP: 2. Get Captcha
[14:33:30.811] [INFO] ============================================================
[14:33:30.811] [INFO] Status Code: 401
[14:33:30.811] [INFO] Final URL: https://iforgot.apple.com/captcha?captchaType=IMAGE
[14:33:30.812] [INFO] 
--- Response Headers (20) ---
[14:33:30.812] [INFO]   Cache-Control: ['no-store', 'no-store']
[14:33:30.812] [INFO]   Connection: keep-alive
[14:33:30.812] [INFO]   Content-Encoding: gzip
[14:33:30.812] [INFO]   Content-Language: en-US-x-lvariant-USA
[14:33:30.812] [INFO]   Content-Location: /captcha
[14:33:30.812] [INFO]   Content-Security-Policy: default-src 'self' ; connect-src 'self' https://www.apple.com https://appleid.cdn-apple.com ; font-s...
[14:33:30.813] [INFO]   Content-Type: application/json;charset=UTF-8
[14:33:30.813] [INFO]   Date: Fri, 19 Dec 2025 11:33:30 GMT
[14:33:30.813] [INFO]   Location: /captcha?captchaType=IMAGE
[14:33:30.813] [INFO]   Referrer-Policy: origin
[14:33:30.813] [INFO]   Server: Apple
[14:33:30.813] [INFO]   Set-Cookie: ['idclient=web; Domain=iforgot.apple.com; Path=/; Secure; HttpOnly', 'dslang=US-EN; Domain=apple.com; Path=/; Secure; HttpOnly', 'site=USA; Domain=apple.com; Path=/; Secure; HttpOnly', 'X-Apple-I-Web-Token=AAAAKjN8Yzc4ODMyODZiNzg5MWRhYmE0MDYyODNmNjdhZmE5ZWUAAAGbNnClvHIjE91R1PVGaB2CLWipGR8xncmZuJut7IYmVMe5H7O9+w/RG+KkCfV3TxtJAASxge561C/CPawZ2HUnENR+RPP40heCck/KHdfbu/uz6Rfb3Nmvjw==; Max-Age=900; Expires=Fri, 19 Dec 2025 11:48:30 GMT; Domain=apple.com; Path=/; Secure; HttpOnly']...
[14:33:30.813] [INFO]   Strict-Transport-Security: max-age=31536000; includeSubDomains; preload
[14:33:30.813] [INFO]   Vary: accept-encoding
[14:33:30.813] [INFO]   Www-Authenticate: PrivateToken challenge=AAIAGmlkbXMtaXNzdWVyLmNvcnAuYXBwbGUuY29tIJpdVh9D8Ou9ZND8Cy6uau_3mTA9JjN3W-N6w...
[14:33:30.814] [INFO]   X-Apple-I-Request-Id: 8b503ad5-dcce-11f0-9519-d587dd346737
[14:33:30.814] [INFO]   X-Buildversion: R3
[14:33:30.814] [INFO]   X-Content-Type-Options: nosniff
[14:33:30.814] [INFO]   X-Frame-Options: ['DENY', 'SAMEORIGIN']
[14:33:30.814] [INFO]   X-Xss-Protection: 1; mode=block
[14:33:30.814] [INFO] 
--- Cookies (4) ---
[14:33:30.814] [INFO]   idclient: web
[14:33:30.814] [INFO]   dslang: US-EN
[14:33:30.814] [INFO]   site: USA
[14:33:30.814] [INFO]   X-Apple-I-Web-Token: AAAAKjN8Yzc4ODMyODZiNzg5MWRhYmE0MDYyODNmNjdhZmE5ZW...
[14:33:30.814] [INFO] 
--- Response Body (first 1000 chars) ---
[14:33:30.814] [INFO] {
  "payload" : {
    "contentType" : "image/jpeg",
    "content" : "/9j/4AAQSkZJRgABAgAAAQABAAD/2wBDAAgGBgcGBQgHBwcJCQgKDBQNDAsLDBkSEw8UHRofHh0aHBwgJC4nICIsIxwcKDcpLDAxNDQ0Hyc5PTgyPC4zNDL/2wBDAQkJCQwLDBgNDRgyIRwhMjIyMjIyMjIyMjIyMjIyMjIyMjIyMjIyMjIyMjIyMjIyMjIyMjIyMjIyMjIyMjIyMjL/wAARCABGAKADASIAAhEBAxEB/8QAHwAAAQUBAQEBAQEAAAAAAAAAAAECAwQFBgcICQoL/8QAtRAAAgEDAwIEAwUFBAQAAAF9AQIDAAQRBRIhMUEGE1FhByJxFDKBkaEII0KxwRVS0fAkM2JyggkKFhcYGRolJicoKSo0NTY3ODk6Q0RFRkdISUpTVFVWV1hZWmNkZWZnaGlqc3R1dnd4eXqDhIWGh4iJipKTlJWWl5iZmqKjpKWmp6ipqrKztLW2t7i5usLDxMXGx8jJytLT1NXW19jZ2uHi4+Tl5ufo6erx8vP09fb3+Pn6/8QAHwEAAwEBAQEBAQEBAQAAAAAAAAECAwQFBgcICQoL/8QAtREAAgECBAQDBAcFBAQAAQJ3AAECAxEEBSExBhJBUQdhcRMiMoEIFEKRobHBCSMzUvAVYnLRChYkNOEl8RcYGRomJygpKjU2Nzg5OkNERUZHSElKU1RVVldYWVpjZGVmZ2hpanN0dXZ3eHl6goOEhYaHiImKkpOUlZaXmJmaoqOkpaanqKmqsrO0tba3uLm6wsPExcbHyMnK0tPU1dbX2Nna4uPk5ebn6Onq8vP09fb3+Pn6/9oADAMBAAIRAxEAPwDpVUFbX/RNwb7zcfv+P8tz6UjLiK5P2XaVbh/+eIx09ffjjmhWjH2bN0ylfvjjEH09OeOc8U0mMxTgXDszNlEP/Lb3PfrkccYFAE2
[14:33:30.814] [INFO] ============================================================

[14:33:30.815] [INFO] [32mCaptcha ID: -1007517055[39m
[14:33:30.815] [INFO] 
[36mSTEP 3: Solving captcha...[39m
[14:33:32.203] [INFO] [32mCaptcha solved: QYSZ[39m
[14:33:32.204] [INFO] 
[36mSTEP 4: Verifying Apple ID...[39m
[14:33:32.204] [INFO] POST data: {
  "id": "EnolaPalaspas618@hotmail.com",
  "captcha": {
    "id": -1007517055,
    "answer": "QYSZ",
    "token": "21e42f2e97e820f5c9e55ebeae94a31f71ce3522a1e948a9be3ef4f788153723e639811d3d9257ebfc2aae73abef3bb2eef5ed83cd1ff11b2cbb4ce1b45fce5f24ee3f0330f575b2d0d6e85a0a42ef4f406202c700883372111db99f2c4df73af2599c1970231e6008aa6af17e59638f045b9aa3828b62d3e3aea04fc11b18b2145a3756427dc7e3cefd32548145b87c6e8d8b159bb08d615814e340d7ef5d5d35b62ae81a691cda90a703b15a1e5446a1e1d7890f0496ea5d6ce8a2d803952839104524142c4a8929dbaca7b79d0488RSGU"
  }
}
[14:33:32.555] [INFO] 
============================================================
[14:33:32.556] [INFO] STEP: 4. Verify Apple ID
[14:33:32.556] [INFO] ============================================================
[14:33:32.556] [INFO] Status Code: 302
[14:33:32.556] [INFO] Final URL: https://iforgot.apple.com/password/verify/appleid
[14:33:32.557] [INFO] 
--- Response Headers (20) ---
[14:33:32.557] [INFO]   Cache-Control: no-store
[14:33:32.557] [INFO]   Connection: keep-alive
[14:33:32.557] [INFO]   Content-Encoding: gzip
[14:33:32.557] [INFO]   Content-Language: en-US-x-lvariant-USA
[14:33:32.557] [INFO]   Content-Location: /password/verify/appleid
[14:33:32.557] [INFO]   Content-Security-Policy: default-src 'self' ; connect-src 'self' https://www.apple.com https://appleid.cdn-apple.com ; font-s...
[14:33:32.557] [INFO]   Date: Fri, 19 Dec 2025 11:33:32 GMT
[14:33:32.557] [INFO]   Host: iforgot.apple.com
[14:33:32.557] [INFO]   Location: /recovery/options?sstt=ixaaijYtaapJFnnXjzDXVQ04L5XGo31qVEV1q%2BZ0WdE3zeWVXmz39DEylWUkr8bLOxp%2B2t%2B...
[14:33:32.558] [INFO]   Referrer-Policy: origin
[14:33:32.558] [INFO]   Server: Apple
[14:33:32.558] [INFO]   Set-Cookie: ['idclient=web; Domain=iforgot.apple.com; Path=/; Secure; HttpOnly', 'dslang=US-EN; Domain=apple.com; Path=/; Secure; HttpOnly', 'site=USA; Domain=apple.com; Path=/; Secure; HttpOnly', 'X-Apple-I-Web-Token=AAAAKjR8Yzc4ODMyODZiNzg5MWRhYmE0MDYyODNmNjdhZmE5ZWUAAAGbNnCsXMD8Z5mdxeZ2BKXNddSB+ZZQ37lPttCPPBWCfv9uffxNRRorWkgWtntFa/4PeBPrR15lp43xMTkJAL9FVCD77qhKsAJ3/uf5KB7sq3omBxohLLYVkg4ZD4OCiQ64ijlJjX3q7n+tSfCmCY3I5xMm52TFV+oIMoY0w/vJD1cR4kkULlWwWsSU43DUuNpL4qiIyc0beyllJLsaqX21SaoS0BNACQlraRc4MX39kxbwTJR7DHce4JlPjcqExeGXbMYKXoV1kyS2t7ZDT7nd6CBCY+OZ25hzb05xgLui5BeveLUDN52jk+7p6iNQLOGqrXCoRy3Fgonb1W723jMN4hflN3cFCgtULkdbPA38RuQ4b6HVquqHjMsJVBqgeyoQx+Fhua7ccPyO5J3ThoyfW2o9CM4abmAC1EpQuILqs2noZHRws0BGsPGKpO96W//BQpw/mj1daQxnepn4SWsXRMwDHomWVDDmv3OaAI20r0oEpYTJnTaWiwm4WRt8xrHD11uMCP8eC6ecx0hRICdeR++4AzhN7fzt27ib7Qz+yIW/Gy3i8lZpuD2KaLgii9QTT8fabfUFQHZhBXyeezDi46SJaVkCAKghDAvqB/CXI0tympXgA5DNP0UZMDM6bXXylWmp2FPKIpGvT006V8Xzd4d55pw2YAuAVkw57S1zuz0VBX7mo2ICJ7NpcGse2s6t1yqH1iNSyCZvtmxX6UX5KEZueBMP5P7ji+sq8gRgV7xc/6yUtJCRj//Vy00joOSqk5hIXTnMDhcM9kASCl7MO9GrTxQ+hqR3DmAABPmOtsCsJhSdQmtTRm82/kiiFzZa4TIcbFEdI+PLox1/lpd/c8EL; Max-Age=900; Expires=Fri, 19 Dec 2025 11:48:32 GMT; Domain=apple.com; Path=/; Secure; HttpOnly']...
[14:33:32.558] [INFO]   Sstt: ixaaijYtaapJFnnXjzDXVQ04L5XGo31qVEV1q%2BZ0WdE3zeWVXmz39DEylWUkr8bLOxp%2B2t%2B4XxIc9ruuCy4%2BppQvsXgp...
[14:33:32.558] [INFO]   Strict-Transport-Security: max-age=31536000; includeSubDomains; preload
[14:33:32.558] [INFO]   Vary: accept-encoding
[14:33:32.558] [INFO]   X-Apple-I-Request-Id: 8c4f0d94-dcce-11f0-9002-db2d81311b80
[14:33:32.558] [INFO]   X-Buildversion: R3
[14:33:32.558] [INFO]   X-Content-Type-Options: nosniff
[14:33:32.558] [INFO]   X-Frame-Options: ['DENY', 'SAMEORIGIN']
[14:33:32.558] [INFO]   X-Xss-Protection: 1; mode=block
[14:33:32.559] [INFO] 
--- Cookies (4) ---
[14:33:32.559] [INFO]   idclient: web
[14:33:32.559] [INFO]   dslang: US-EN
[14:33:32.559] [INFO]   site: USA
[14:33:32.559] [INFO]   X-Apple-I-Web-Token: AAAAKjR8Yzc4ODMyODZiNzg5MWRhYmE0MDYyODNmNjdhZmE5ZW...
[14:33:32.559] [INFO] 
--- Response Body (first 1000 chars) ---
[14:33:32.559] [INFO] (empty)
[14:33:32.559] [INFO] ============================================================

[14:33:32.559] [INFO] [32mNew sstt from headers: ixaaijYtaapJFnnXjzDXVQ04L5XGo31qVEV1q%2BZ0WdE3zeWV...[39m
[14:33:32.559] [INFO] Redirect Location: /recovery/options?sstt=ixaaijYtaapJFnnXjzDXVQ04L5XGo31qVEV1q%2BZ0WdE3zeWVXmz39DEylWUkr8bLOxp%2B2t%2B4XxIc9ruuCy4%2BppQvsXgpK8d3XP3Ll4SKV%2BZIxD4syC95uXxwQ4PASxHKx%2BZPVpuHyoNtcsMs9Qu9hW%2BiWJNlghy61YRI5Guae8vDor6h8X7WP6twwGUFy1rc%2Bh4f3KHwpr1hVzNte%2BgU%2Fktdmc6cyy3cH3LXIDhB6h1dTAa00G1sjZZ6MUVo6cleT%2FdiPRQfxuhghotvenUaTkuUCThwGAF8TG4UIfz0mFsLOiGPYRsDT89R9e%2B8CPBOM%2FhEbAE5PwkPio6VApfo3%2Fh8sCX18eueBggSVfaV%2B4PJuikGyBT0jUbOzKg%2FlLYovBHyHWtc5WSR53uOZ2UN2VjXST6pFMr46RRpNvjTQ7Q26Y4lbp%2BFgTHy%2F2MVc%2FEfFLe1SN0J3WxEMz2hcioOb%2B6%2FUIIMQaS9BnPunzU%3D&accountInfo=com.apple.iforgot.web.view.model.AccountInfo%407f52f9dc
[14:33:32.559] [INFO] 
[36mSTEP 5: Following redirect to /recovery/options?sstt=ixaaijYtaapJFnnXjzDXVQ04L5XGo31qVEV1q%2BZ0WdE3zeWVXmz39DEylWUkr8bLOxp%2B2t%2B4XxIc9ruuCy4%2BppQvsXgpK8d3XP3Ll4SKV%2BZIxD4syC95uXxwQ4PASxHKx%2BZPVpuHyoNtcsMs9Qu9hW%2BiWJNlghy61YRI5Guae8vDor6h8X7WP6twwGUFy1rc%2Bh4f3KHwpr1hVzNte%2BgU%2Fktdmc6cyy3cH3LXIDhB6h1dTAa00G1sjZZ6MUVo6cleT%2FdiPRQfxuhghotvenUaTkuUCThwGAF8TG4UIfz0mFsLOiGPYRsDT89R9e%2B8CPBOM%2FhEbAE5PwkPio6VApfo3%2Fh8sCX18eueBggSVfaV%2B4PJuikGyBT0jUbOzKg%2FlLYovBHyHWtc5WSR53uOZ2UN2VjXST6pFMr46RRpNvjTQ7Q26Y4lbp%2BFgTHy%2F2MVc%2FEfFLe1SN0J3WxEMz2hcioOb%2B6%2FUIIMQaS9BnPunzU%3D&accountInfo=com.apple.iforgot.web.view.model.AccountInfo%407f52f9dc...[39m
[14:33:32.830] [INFO] 
============================================================
[14:33:32.830] [INFO] STEP: 5. Auth Method Page
[14:33:32.831] [INFO] ============================================================
[14:33:32.831] [INFO] Status Code: 200
[14:33:32.831] [INFO] Final URL: https://iforgot.apple.com/recovery/options?sstt=ixaaijYtaapJFnnXjzDXVQ04L5XGo31qVEV1q%2BZ0WdE3zeWVXmz39DEylWUkr8bLOxp%2B2t%2B4XxIc9ruuCy4%2BppQvsXgpK8d3XP3Ll4SKV%2BZIxD4syC95uXxwQ4PASxHKx%2BZPVpuHyoNtcsMs9Qu9hW%2BiWJNlghy61YRI5Guae8vDor6h8X7WP6twwGUFy1rc%2Bh4f3KHwpr1hVzNte%2BgU%2Fktdmc6cyy3cH3LXIDhB6h1dTAa00G1sjZZ6MUVo6cleT%2FdiPRQfxuhghotvenUaTkuUCThwGAF8TG4UIfz0mFsLOiGPYRsDT89R9e%2B8CPBOM%2FhEbAE5PwkPio6VApfo3%2Fh8sCX18eueBggSVfaV%2B4PJuikGyBT0jUbOzKg%2FlLYovBHyHWtc5WSR53uOZ2UN2VjXST6pFMr46RRpNvjTQ7Q26Y4lbp%2BFgTHy%2F2MVc%2FEfFLe1SN0J3WxEMz2hcioOb%2B6%2FUIIMQaS9BnPunzU%3D&accountInfo=com.apple.iforgot.web.view.model.AccountInfo%407f52f9dc
[14:33:32.831] [INFO] 
--- Response Headers (21) ---
[14:33:32.832] [INFO]   Cache-Control: ['no-store', 'no-store']
[14:33:32.832] [INFO]   Connection: keep-alive
[14:33:32.832] [INFO]   Content-Encoding: gzip
[14:33:32.832] [INFO]   Content-Language: en-US-x-lvariant-USA
[14:33:32.832] [INFO]   Content-Location: /recovery/options
[14:33:32.832] [INFO]   Content-Security-Policy: default-src 'self' ; connect-src 'self' https://www.apple.com https://appleid.cdn-apple.com ; font-s...
[14:33:32.833] [INFO]   Content-Type: application/json;charset=UTF-8
[14:33:32.833] [INFO]   Date: Fri, 19 Dec 2025 11:33:32 GMT
[14:33:32.833] [INFO]   Host: iforgot.apple.com
[14:33:32.833] [INFO]   Location: /recovery/options?sstt=ixaaijYtaapJFnnXjzDXVQ04L5XGo31qVEV1q%2BZ0WdE3zeWVXmz39DEylWUkr8bLOxp%2B2t%2B...
[14:33:32.833] [INFO]   Referrer-Policy: origin
[14:33:32.833] [INFO]   Server: Apple
[14:33:32.833] [INFO]   Set-Cookie: ['idclient=web; Domain=iforgot.apple.com; Path=/; Secure; HttpOnly', 'dslang=US-EN; Domain=apple.com; Path=/; Secure; HttpOnly', 'site=USA; Domain=apple.com; Path=/; Secure; HttpOnly', 'X-Apple-I-Web-Token=AAAAKjV8Yzc4ODMyODZiNzg5MWRhYmE0MDYyODNmNjdhZmE5ZWUAAAGbNnCtm+XNNb8XKmQAllgpn2gDFxAWMb4BlSySPIS6UvLoWtokIos5iHnj1AJAjwY3nkqSieu2+eP1saY4m2ThJMW08Jlv+XK8NmCiwCSlEZIfz9UR9QdxvQZKsfsPuxZAYueX4vkIXNzkHGl86tXAUMMfrZGsYL3elX+xEMSvcfIz246XD9vOJOS5OsRCEnUaALb15FZkruitpPqHANoFQ6ZsE/uHrC0QSWCsYZrLZWcxj29yt9JydvWgxYuZYRSBOqifbOPP15GZNX+oq8DaAo2eQLj3RfIm2WwJkwaI2f773AtcaXEyEUPA0+UaiFGeOUwNysEDOQrE86biD3BPS5ZGDviKx/+l2Pu2/I/UFlAvUyWdP+svNzscvhEAPNJJYGSuXixEJ7Ye3x+CNjFW2zuw/ia2KjYyjOQ/0lhFeC2mGOwFYxlfcY/WP2W4bh9jBTyqm90tAVzUhUeYnyTHJJR3W+TkjZuWzusqARO539XUVr4OA6f5H7eQKKdxeeFQG+mEk0RA48rDVBgskZ1i5TwKM59r48zZ64qzTkKzqWJUjvbIwUdnOduPSfpIi2rJwnbHW+jnqm+/QrLlnM/NjBSownleZ+xF0d8vviepNVkaQbtdN2mV2h0nz+JTQ/H9POPfn1PvtFWg0LQr2lr9o4ouLCnCN3Bl27mgB4/LmbaBd5114fZKVrlHhaKRko1HxxX4oXcRFjdnFpERoqCRRMfJImFNdlHV06mjXmDHif1Ual9SBl0TJNawu+LKcV+yMJUFK6NPv+Vyjs5G8QyKES4MlZng0UiXrgcABLGBeGI9ebzRvor7YEDIgP3b6/AJrhOckd74lBWFVNtVgZ59iT/5; Max-Age=900; Expires=Fri, 19 Dec 2025 11:48:32 GMT; Domain=apple.com; Path=/; Secure; HttpOnly']...
[14:33:32.833] [INFO]   Sstt: BqPgyndhROm3D2irfSR8XhoFPy9tHc%2FFFOvserOB0lqxnrNENfUd32ro4xZFVRg4VPzJRT2fGxK7eHJQ6nvG9ZSlZDcXvhibsK...
[14:33:32.833] [INFO]   Strict-Transport-Security: max-age=31536000; includeSubDomains; preload
[14:33:32.834] [INFO]   Vary: accept-encoding
[14:33:32.834] [INFO]   X-Apple-I-Request-Id: 8c864a23-dcce-11f0-a19c-1517e8a4655e
[14:33:32.834] [INFO]   X-Buildversion: R3
[14:33:32.834] [INFO]   X-Content-Type-Options: nosniff
[14:33:32.834] [INFO]   X-Frame-Options: ['DENY', 'SAMEORIGIN']
[14:33:32.834] [INFO]   X-Xss-Protection: 1; mode=block
[14:33:32.834] [INFO] 
--- Cookies (4) ---
[14:33:32.834] [INFO]   idclient: web
[14:33:32.834] [INFO]   dslang: US-EN
[14:33:32.834] [INFO]   site: USA
[14:33:32.834] [INFO]   X-Apple-I-Web-Token: AAAAKjV8Yzc4ODMyODZiNzg5MWRhYmE0MDYyODNmNjdhZmE5ZW...
[14:33:32.835] [INFO] 
--- Response Body (first 1000 chars) ---
[14:33:32.835] [INFO] {
  "recoveryOptions" : [ "reset_password", "reset_questions" ],
  "forgotPasswordFlow" : true,
  "sstt" : "BqPgyndhROm3D2irfSR8XhoFPy9tHc/FFOvserOB0lqxnrNENfUd32ro4xZFVRg4VPzJRT2fGxK7eHJQ6nvG9ZSlZDcXvhibsKWbKA4UIHiP8G84HXq4VRNN1HU5KkfvzsQMjufYOsOBfBSSvtlRjUcL+EZS3q7Y9Y7WYn9K3c3Pnd9hnSYk06bUsJcjD5N9NLtpaz75pb+ujaCnuP+UJZf//fSVAVwjyKrd7KrsNi1fOQXszqCvIE3tzqkRBmAKT+w9/YdHzf3zrM0ofkVxJSKsK++YXN23/nQZ/OA6coK244fG0u23Z24djgu4GnKBT37Hh0DsRNvEvrO5mWmbUKvJOhxb8aq473UOSaTaZ0H64S8BXO/YMDxHlFQ6NGorRN6XbUywFhexPF3YAr0eB2pDimK2tJ3HYRVcx42xa60bqlo0EZMg+6Fszlp+okNjXOd4sljbBoO9R5OYZEYKKY5YimA/vgpteI/svSo="
}
[14:33:32.835] [INFO] ============================================================

[14:33:32.835] [INFO] [32mNew sstt: BqPgyndhROm3D2irfSR8XhoFPy9tHc%2FFFOvserOB0lqxnrNE...[39m
[14:33:32.835] [INFO] 
[36mSTEP 6: Selecting recovery option (reset_password)...[39m
[14:33:32.835] [INFO] POST to /recovery/options with: {'option': 'reset_password'}
[14:33:33.140] [INFO] 
============================================================
[14:33:33.141] [INFO] STEP: 6. Select Recovery Option
[14:33:33.141] [INFO] ============================================================
[14:33:33.142] [INFO] Status Code: 302
[14:33:33.142] [INFO] Final URL: https://iforgot.apple.com/recovery/options
[14:33:33.142] [INFO] 
--- Response Headers (20) ---
[14:33:33.142] [INFO]   Cache-Control: no-store
[14:33:33.142] [INFO]   Connection: keep-alive
[14:33:33.142] [INFO]   Content-Encoding: gzip
[14:33:33.142] [INFO]   Content-Language: en-US-x-lvariant-USA
[14:33:33.143] [INFO]   Content-Location: /recovery/options
[14:33:33.143] [INFO]   Content-Security-Policy: default-src 'self' ; connect-src 'self' https://www.apple.com https://appleid.cdn-apple.com ; font-s...
[14:33:33.143] [INFO]   Date: Fri, 19 Dec 2025 11:33:33 GMT
[14:33:33.143] [INFO]   Host: iforgot.apple.com
[14:33:33.143] [INFO]   Location: /password/authenticationmethod?sstt=GtmA%2BJ4cI4w29BtekJfXImbK0oJ%2FQmLkt4j1iJAK13zRCwnWG1f3c113x4Ws...
[14:33:33.143] [INFO]   Referrer-Policy: origin
[14:33:33.143] [INFO]   Server: Apple
[14:33:33.143] [INFO]   Set-Cookie: ['idclient=web; Domain=iforgot.apple.com; Path=/; Secure; HttpOnly', 'dslang=US-EN; Domain=apple.com; Path=/; Secure; HttpOnly', 'site=USA; Domain=apple.com; Path=/; Secure; HttpOnly', 'X-Apple-I-Web-Token=AAAAKjZ8Yzc4ODMyODZiNzg5MWRhYmE0MDYyODNmNjdhZmE5ZWUAAAGbNnCupUmLW9lrnzYbsw38KEZ/NOaSg5Y6jMGi8sDSD2HfZh0ufq+QmbxJ4YJ/FDKWofAPTGUndhxjxvk9NkkDXFEiJgtIVHCOzoQO0A1KgK/kdBG+FyJIvvV6PWlUC/VbqlAZ3F2hdGJYj7YkVVR0ORYbPXzlWscZ8TKfeonU/UVa95zmL8H+M84N/9CTFLlmrX/RvVf2NuCmQQGgaPArFPDar6vjQKudrKIm2rwAr2xo1VCjl2Hw2WaZ4TuRhkH8ja5ylxntmdXR5lngRCab1z/Oiu0nkQdF4VSz2jkxj7afKl2rn+QbvlAticvooB6wvwZCfQO9r974FNkJr0hnMy6LFZ+EZ3UDsSAXq6Kb5NUf6xeMnEip6VnltnuYd+VwFrY4a/TuqiutFE6pPPvMLoF15ujgHmVA/mhOQxFE/TbILX71XENgC4Afx+iSohAbvZ7Reu5UQ6h2i7H+zK4x+BqyudhzRbDvc/TAaQvO/fUmf/zzOQZdY8INZhOHfDzHqV9WMc6Zcihb1Sf7X7YoxewPt1/FyDETjXPiA2iUiqHee50q2GpoPeJnI7U1DjnUWuDRSJFNR1u8cdtLdx46GmG9X0TYw4PhIbqjHK5lpPJ4Z4xtgu4JGT9wDnIJeHED4hlk35OQMzFQ9sZGe5FZhsX7CErhEyf0BpOIOqHrAZduuUXaEFn63+AEyiCAqFAdZPt+S9nRQN5BTuR0CP2zDn5vUYy+i7J1mAxbIK9UFXcAz6d/hUQM+6LQOgnyhvVAU0yoqQ4EMV9oQyNWuZ3lNvFt6df3DOYC2koABLGBiDs+3E+KWt9jeOfDs0QMB1fLpIddsf+4e9IKiGpTvdEk6u4u; Max-Age=900; Expires=Fri, 19 Dec 2025 11:48:33 GMT; Domain=apple.com; Path=/; Secure; HttpOnly']...
[14:33:33.143] [INFO]   Sstt: GtmA%2BJ4cI4w29BtekJfXImbK0oJ%2FQmLkt4j1iJAK13zRCwnWG1f3c113x4WszrduFpc7nRpBk7GZMIfm90hQCyBlrArJ9sbR...
[14:33:33.143] [INFO]   Strict-Transport-Security: max-age=31536000; includeSubDomains; preload
[14:33:33.144] [INFO]   Vary: accept-encoding
[14:33:33.144] [INFO]   X-Apple-I-Request-Id: 8caf2f35-dcce-11f0-a19c-1517e8a4655e
[14:33:33.144] [INFO]   X-Buildversion: R3
[14:33:33.144] [INFO]   X-Content-Type-Options: nosniff
[14:33:33.144] [INFO]   X-Frame-Options: ['DENY', 'SAMEORIGIN']
[14:33:33.144] [INFO]   X-Xss-Protection: 1; mode=block
[14:33:33.144] [INFO] 
--- Cookies (4) ---
[14:33:33.144] [INFO]   idclient: web
[14:33:33.144] [INFO]   dslang: US-EN
[14:33:33.144] [INFO]   site: USA
[14:33:33.144] [INFO]   X-Apple-I-Web-Token: AAAAKjZ8Yzc4ODMyODZiNzg5MWRhYmE0MDYyODNmNjdhZmE5ZW...
[14:33:33.145] [INFO] 
--- Response Body (first 1000 chars) ---
[14:33:33.145] [INFO] (empty)
[14:33:33.145] [INFO] ============================================================

[14:33:33.145] [INFO] [32mNew sstt: GtmA%2BJ4cI4w29BtekJfXImbK0oJ%2FQmLkt4j1iJAK13zRCw...[39m
[14:33:33.145] [INFO] Redirect Location: /password/authenticationmethod?sstt=GtmA%2BJ4cI4w29BtekJfXImbK0oJ%2FQmLkt4j1iJAK13zRCwnWG1f3c113x4WszrduFpc7nRpBk7GZMIfm90hQCyBlrArJ9sbRjoqnnNzQiVyyy6IaWUeSRuGya9%2FBgQIeHn9626PZj%2BA8Lr%2BTfprTh9omgGuvhVNN2l2Z8i7fMjk%2F%2FY0oo5I%2F6BVTYs6TZU%2FWrBeHP4hAazG9C3I%2BKAnox%2Fj1Xve7HYhIXO9aM2dlwp0in9n2WDyRZodfxryXfJllUurXiTFM2uXMI3lpdfikuiiYOTkg7p4EmUMLqieTv3cjfVbhqQncFwje%2BHnHK0syGLpWbEAbox3OVbfSJTXyfdeTbYIIq63VdqqJ4TEUHIPzQXxQSRId1hA8i8mf2wQUevHjiLvsrZjhbjCi8gWFK4qbPILo6dNUh6nDJkH0fqMqR3NhqaYYPDTKTEWAMKUTld5iree4I8cVQZ9mD2aSH6jTmUKuvE3akWanvVf3Z%2BQMZxHgtnTs1SDN%2Ff8JhBpj6nCXmGMxFRdG6kDr
[14:33:33.145] [INFO] 
[36mSTEP 6b: Following redirect to /password/authenticationmethod?sstt=GtmA%2BJ4cI4w29BtekJfXImbK0oJ%2FQmLkt4j1iJAK13zRCwnWG1f3c113x4WszrduFpc7nRpBk7GZMIfm90hQCyBlrArJ9sbRjoqnnNzQiVyyy6IaWUeSRuGya9%2FBgQIeHn9626PZj%2BA8Lr%2BTfprTh9omgGuvhVNN2l2Z8i7fMjk%2F%2FY0oo5I%2F6BVTYs6TZU%2FWrBeHP4hAazG9C3I%2BKAnox%2Fj1Xve7HYhIXO9aM2dlwp0in9n2WDyRZodfxryXfJllUurXiTFM2uXMI3lpdfikuiiYOTkg7p4EmUMLqieTv3cjfVbhqQncFwje%2BHnHK0syGLpWbEAbox3OVbfSJTXyfdeTbYIIq63VdqqJ4TEUHIPzQXxQSRId1hA8i8mf2wQUevHjiLvsrZjhbjCi8gWFK4qbPILo6dNUh6nDJkH0fqMqR3NhqaYYPDTKTEWAMKUTld5iree4I8cVQZ9mD2aSH6jTmUKuvE3akWanvVf3Z%2BQMZxHgtnTs1SDN%2Ff8JhBpj6nCXmGMxFRdG6kDr...[39m
[14:33:33.414] [INFO] 
============================================================
[14:33:33.415] [INFO] STEP: 6b. Follow Redirect (GET authenticationmethod)
[14:33:33.415] [INFO] ============================================================
[14:33:33.415] [INFO] Status Code: 200
[14:33:33.415] [INFO] Final URL: https://iforgot.apple.com/password/authenticationmethod?sstt=GtmA%2BJ4cI4w29BtekJfXImbK0oJ%2FQmLkt4j1iJAK13zRCwnWG1f3c113x4WszrduFpc7nRpBk7GZMIfm90hQCyBlrArJ9sbRjoqnnNzQiVyyy6IaWUeSRuGya9%2FBgQIeHn9626PZj%2BA8Lr%2BTfprTh9omgGuvhVNN2l2Z8i7fMjk%2F%2FY0oo5I%2F6BVTYs6TZU%2FWrBeHP4hAazG9C3I%2BKAnox%2Fj1Xve7HYhIXO9aM2dlwp0in9n2WDyRZodfxryXfJllUurXiTFM2uXMI3lpdfikuiiYOTkg7p4EmUMLqieTv3cjfVbhqQncFwje%2BHnHK0syGLpWbEAbox3OVbfSJTXyfdeTbYIIq63VdqqJ4TEUHIPzQXxQSRId1hA8i8mf2wQUevHjiLvsrZjhbjCi8gWFK4qbPILo6dNUh6nDJkH0fqMqR3NhqaYYPDTKTEWAMKUTld5iree4I8cVQZ9mD2aSH6jTmUKuvE3akWanvVf3Z%2BQMZxHgtnTs1SDN%2Ff8JhBpj6nCXmGMxFRdG6kDr
[14:33:33.416] [INFO] 
--- Response Headers (21) ---
[14:33:33.416] [INFO]   Cache-Control: ['no-store', 'no-store']
[14:33:33.416] [INFO]   Connection: keep-alive
[14:33:33.416] [INFO]   Content-Encoding: gzip
[14:33:33.416] [INFO]   Content-Language: en-US-x-lvariant-USA
[14:33:33.416] [INFO]   Content-Location: /password/authenticationmethod
[14:33:33.416] [INFO]   Content-Security-Policy: default-src 'self' ; connect-src 'self' https://www.apple.com https://appleid.cdn-apple.com ; font-s...
[14:33:33.416] [INFO]   Content-Type: application/json;charset=UTF-8
[14:33:33.416] [INFO]   Date: Fri, 19 Dec 2025 11:33:33 GMT
[14:33:33.417] [INFO]   Host: iforgot.apple.com
[14:33:33.417] [INFO]   Location: /password/authenticationmethod?sstt=GtmA%2BJ4cI4w29BtekJfXImbK0oJ%2FQmLkt4j1iJAK13zRCwnWG1f3c113x4Ws...
[14:33:33.417] [INFO]   Referrer-Policy: origin
[14:33:33.417] [INFO]   Server: Apple
[14:33:33.417] [INFO]   Set-Cookie: ['idclient=web; Domain=iforgot.apple.com; Path=/; Secure; HttpOnly', 'dslang=US-EN; Domain=apple.com; Path=/; Secure; HttpOnly', 'site=USA; Domain=apple.com; Path=/; Secure; HttpOnly', 'X-Apple-I-Web-Token=AAAAKjd8Yzc4ODMyODZiNzg5MWRhYmE0MDYyODNmNjdhZmE5ZWUAAAGbNnCv5onOuvxH7cK8r5oqimBZlT3FManjFXH0iR1ZlUJ2VwcUNYfOjyiRchCB11M9Y1hWCPPJjTBb9bvUX8JilvU/6drTBEwwETcRoU8kpx9HAtDkx3CTiKxIaR1u3ANTR0Nw+0VPmD5H7fYNWUzgKboald9/RCj6Fn8z6h0FsfS/P4gw+IKJuSm0ro1nyg6sdERc5ngL1jhDjhG/fFAFhDsmh04O++juvgnaRLvGVJ6p1XXLdU4PUnPf1JjRKKrCey9Sz8JXoT5eLcTajY02awCPPkiYga9jfcdI0pCo2sw6YjtHpApNYoKEUnVpjwk0spsoBglH+UEF9+KomlsfJPGm/SmxB4vMpP5LhEQJVps2Z50XjeZCAHeKoRG2NCbON46voLX/N2KqVbna/YdxzF6CjMt0Q/R9ksyNrlefIca2Y0MWC3C/G6jTPNeWKW/nk8vIPO4UuX6mymgr2f+OJ/8jNNzaMenNsryNhKfud6fp3rMIY1htE6KVRnfvxnRXrxv6JEic0t4ScXQbcTdWDVQSvWnZ8OlUQ7cCpwA9wpHilhDMs33AzRN9KgDgZB4CkFPjca/Ooc8TygmlJOSGs+n0XtYJLo/EdLLK1cmya2r6dFG9TVcecrA5sUVZj54Qt4H9cXct3fnvgID7/gl8perfsqZEYMSCQufhacBbl4uty4TGzVHG9AFmjxfd9vk9Y+SoVCIf1N2xBzP/MYWARvy1+Hc7SMiUT3HyXiZR9mokcd/5hUPNzgd7+554VdSNDyNXNA5ezuUekeEjLs92CGw/I0sDElBFFqMABLGBm13pGP/cXIn03zVgxoHgTKl3tYesMfpXVqjE/n/rF4WQvds+; Max-Age=900; Expires=Fri, 19 Dec 2025 11:48:33 GMT; Domain=apple.com; Path=/; Secure; HttpOnly']...
[14:33:33.417] [INFO]   Sstt: Ovi6AlXEIO%2FG3pYfndvUPU5A%2BdhtyCPbNaw7LSiMy%2FrMBP8qIxMq6xeU9n9nkztQCE%2Bpug2oiiOyq8OVifEkCX4EX8xq...
[14:33:33.417] [INFO]   Strict-Transport-Security: max-age=31536000; includeSubDomains; preload
[14:33:33.417] [INFO]   Vary: accept-encoding
[14:33:33.417] [INFO]   X-Apple-I-Request-Id: 8cdf665d-dcce-11f0-a19c-1517e8a4655e
[14:33:33.417] [INFO]   X-Buildversion: R3
[14:33:33.417] [INFO]   X-Content-Type-Options: nosniff
[14:33:33.418] [INFO]   X-Frame-Options: ['DENY', 'SAMEORIGIN']
[14:33:33.418] [INFO]   X-Xss-Protection: 1; mode=block
[14:33:33.418] [INFO] 
--- Cookies (4) ---
[14:33:33.418] [INFO]   idclient: web
[14:33:33.418] [INFO]   dslang: US-EN
[14:33:33.418] [INFO]   site: USA
[14:33:33.418] [INFO]   X-Apple-I-Web-Token: AAAAKjd8Yzc4ODMyODZiNzg5MWRhYmE0MDYyODNmNjdhZmE5ZW...
[14:33:33.418] [INFO] 
--- Response Body (first 1000 chars) ---
[14:33:33.418] [INFO] {
  "options" : [ "email", "questions" ],
  "account" : {
    "name" : "EnolaPalaspas618@hotmail.com"
  },
  "emailAddress" : "E•••••@h•••••.com",
  "emailDomain" : "h•••••.com",
  "forgotPasswordFlow" : true,
  "sstt" : "Ovi6AlXEIO/G3pYfndvUPU5A+dhtyCPbNaw7LSiMy/rMBP8qIxMq6xeU9n9nkztQCE+pug2oiiOyq8OVifEkCX4EX8xqJiAHGjjc1StKmDVdIpEpVlvxRYetJ1xCODJQR1IaeT+7gp8z0C2ERfEkIJ6fZB2JnjDjlLUg8YARcmjHVhxCkVeSUHqXwfBLyxewSzw4rfI2o5YNF20Aligll23Krjnou13iofFn1q+pEOQ4RlJ/TDI5U5lUN1v4nmf3b+McLzlBGlN5/LJ5r2e8sa+UpJosjSeBlU63OzTtgfyBGBqrrzLcIW5LtIvEWEKeoCpaWtEP8HtRmXC7KLaNmmueJHhjorBj7cVWnJ+WBt527yxhdkdjtqTUQ+Jhq9NzJhIpyzMktX29u0edZXa/OoN4XcrQEKnt7ffT7lcFfMyVIiCTA1vgdr8N3HcxUtZ/ULcJv+ep79XweTU+4/uXXhN355cwH1yFNdghf9m473HPNPJI9LKiznrm8Oox7iat5/yfPk6bSvuIIuEJ"
}
[14:33:33.418] [INFO] ============================================================

[14:33:33.418] [INFO] [32mNew sstt: Ovi6AlXEIO%2FG3pYfndvUPU5A%2BdhtyCPbNaw7LSiMy%2FrM...[39m
[14:33:33.419] [INFO] [32mExtracted sstt from JSON: Ovi6AlXEIO/G3pYfndvUPU5A%2BdhtyCPbNaw7LSiMy/rMBP8q...[39m
[14:33:33.419] [INFO] 
[36mSTEP 6c: POST to select 'questions' auth method...[39m
[14:33:33.419] [INFO] POST data: {'type': 'questions'}
[14:33:33.775] [INFO] 
============================================================
[14:33:33.776] [INFO] STEP: 6c. POST Select Auth Method
[14:33:33.776] [INFO] ============================================================
[14:33:33.777] [INFO] Status Code: 302
[14:33:33.777] [INFO] Final URL: https://iforgot.apple.com/password/authenticationmethod
[14:33:33.777] [INFO] 
--- Response Headers (20) ---
[14:33:33.777] [INFO]   Cache-Control: no-store
[14:33:33.777] [INFO]   Connection: keep-alive
[14:33:33.777] [INFO]   Content-Encoding: gzip
[14:33:33.777] [INFO]   Content-Language: en-US-x-lvariant-USA
[14:33:33.777] [INFO]   Content-Location: /password/authenticationmethod
[14:33:33.778] [INFO]   Content-Security-Policy: default-src 'self' ; connect-src 'self' https://www.apple.com https://appleid.cdn-apple.com ; font-s...
[14:33:33.778] [INFO]   Date: Fri, 19 Dec 2025 11:33:33 GMT
[14:33:33.778] [INFO]   Host: iforgot.apple.com
[14:33:33.778] [INFO]   Location: /password/verify/birthday?sstt=gWvAc%2FRrS64xnUc4l5EFQadcaIXXgX8huRTWFMxsn2MNGMeDUDGiuDzqFbLnZ1TIjyw...
[14:33:33.778] [INFO]   Referrer-Policy: origin
[14:33:33.778] [INFO]   Server: Apple
[14:33:33.778] [INFO]   Set-Cookie: ['idclient=web; Domain=iforgot.apple.com; Path=/; Secure; HttpOnly', 'dslang=US-EN; Domain=apple.com; Path=/; Secure; HttpOnly', 'site=USA; Domain=apple.com; Path=/; Secure; HttpOnly', 'X-Apple-I-Web-Token=AAAAKjh8Yzc4ODMyODZiNzg5MWRhYmE0MDYyODNmNjdhZmE5ZWUAAAGbNnCw8AWwdUynIamZvMAaJ0P5UYQrdUhyh0ee4ixXoWsnKPSlsVVH+bLbCklB9DnHLjlID4cTwbRacnR3yONzZq85qI1P+VrrvGndayPyLl5yhUBQqOsBg46pMVnNgJVsIakWr8WeN3mXioL1TpeQHKIIFjxfIIGCiQrZt2DW3gn9GFrT8KMu4NcyJIu0BEqPf0chvt11yVhW1OB7suNKKD3W93KngxMLZ7ngZ8qatRxkpTLm20JEaeg9Jq97FbeGEbI0xkWcNU0XkvGS2UqiH7PPlKejnB/Zk066Fz9Zhy5v/6uf32jXyHkL18BoahHLs0bFdsP4TfEKtGQuYI2SuP46SavW73c7BK0hVrbHsKTW2FW9ZUsyQinpgE9luxcgtqfpGVoWM8UldsdxqVR+816AsgczRTkqJ7JO1yD8GRa64gYAfznIbkyDiGsoFWH9Jf4DIR63wi7dPH7r1FPkv6vnaaA/zsoMnQlzwsvIlfHDFehh7T7nLSB0XFnEZ82UE4ahztnGp8m2hSQvaO7biqg54AgznNDN0qi/VwSstFnmswEMvP99wbhXZm+sXUHqHwvLs96AuesZCPwzupVhzJ9hjV9C4Pf23IJ96vDdRYIWL1lA0VsF3ADLSw2UILLwH80vkZaWD53f7wynjw16Bc3VaskkK0b7771ZjvlCbmBARLO3LmwSXDTGrURqLQny8uS3UMXx++KZdgxRiBZL1UKyWvAjVxi/VXKc8VBj/MjD19JGGymW+pqpLbXt2in8GZl2Fik/9uvBAGAOikf2M683D/sOMkWCoospcxmRRPN+xOIABO2Q2IXgGA0axD/N4sQzP4Khwd6CpzqECQaJ6f6zEC7zKB3VV2t1; Max-Age=900; Expires=Fri, 19 Dec 2025 11:48:33 GMT; Domain=apple.com; Path=/; Secure; HttpOnly']...
[14:33:33.778] [INFO]   Sstt: gWvAc%2FRrS64xnUc4l5EFQadcaIXXgX8huRTWFMxsn2MNGMeDUDGiuDzqFbLnZ1TIjywZlMzFVfni3BMAoHACkrLoD2Ozfi4Maw...
[14:33:33.778] [INFO]   Strict-Transport-Security: max-age=31536000; includeSubDomains; preload
[14:33:33.778] [INFO]   Vary: accept-encoding
[14:33:33.779] [INFO]   X-Apple-I-Request-Id: 8d084b04-dcce-11f0-9dd1-e96e889cbc8f
[14:33:33.779] [INFO]   X-Buildversion: R3
[14:33:33.779] [INFO]   X-Content-Type-Options: nosniff
[14:33:33.779] [INFO]   X-Frame-Options: ['DENY', 'SAMEORIGIN']
[14:33:33.779] [INFO]   X-Xss-Protection: 1; mode=block
[14:33:33.779] [INFO] 
--- Cookies (4) ---
[14:33:33.779] [INFO]   idclient: web
[14:33:33.779] [INFO]   dslang: US-EN
[14:33:33.779] [INFO]   site: USA
[14:33:33.780] [INFO]   X-Apple-I-Web-Token: AAAAKjh8Yzc4ODMyODZiNzg5MWRhYmE0MDYyODNmNjdhZmE5ZW...
[14:33:33.780] [INFO] 
--- Response Body (first 1000 chars) ---
[14:33:33.780] [INFO] (empty)
[14:33:33.780] [INFO] ============================================================

[14:33:33.780] [INFO] [32mNew sstt: gWvAc%2FRrS64xnUc4l5EFQadcaIXXgX8huRTWFMxsn2MNGMeD...[39m
[14:33:33.780] [INFO] Redirect Location after auth method: /password/verify/birthday?sstt=gWvAc%2FRrS64xnUc4l5EFQadcaIXXgX8huRTWFMxsn2MNGMeDUDGiuDzqFbLnZ1TIjywZlMzFVfni3BMAoHACkrLoD2Ozfi4Maw9%2Fq4ZNDrmY%2BwJdM31eje%2FPhQ53C6iaep%2Bsl5Sy9vTwrMfszOQ05FBAHPIjiJD6DuQzbKZdJLBD96GtUkCuq3Je2d37cBb3a7xWglIyNkB1FPP9KjFcIht4gqlFkz%2FFIMB5xgiu%2BJRkUR7N%2FWBtAN7ETjnLHjsqjYj15xcIIJuJ%2Ba2fwvk3rBrlMdawKvidqXugKypH3eeY1E3dTx%2Bb5R%2B0mYi2DJ30iQhym0jEmXCbHcUjUUwraLF53HEU5dX7%2B7JOrSUU55P8DwnE5Y4mWPL6gI2RecoRf5P8p%2BypObK6sMl80MTiFLEVGQmQkCcck%2BoUL6fSeTUFpps568CDMJCANW%2BcPSSYgmH6ToSAjptYDiF1%2FpvULsmUqhjhRw17rnjKlabGj9h8%2FsV2OOs1l%2BFlX6Z%2FBbxpRWGXnx%2Fu2Ea%2FfMnHhyrrBoBa4eZka3DG4eowtgVdPuyzXtzoOj8%3D
[14:33:33.780] [INFO] 
[36mSTEP 6d: Following redirect to /password/verify/birthday?sstt=gWvAc%2FRrS64xnUc4l5EFQadcaIXXgX8huRTWFMxsn2MNGMeDUDGiuDzqFbLnZ1TIjywZlMzFVfni3BMAoHACkrLoD2Ozfi4Maw9%2Fq4ZNDrmY%2BwJdM31eje%2FPhQ53C6iaep%2Bsl5Sy9vTwrMfszOQ05FBAHPIjiJD6DuQzbKZdJLBD96GtUkCuq3Je2d37cBb3a7xWglIyNkB1FPP9KjFcIht4gqlFkz%2FFIMB5xgiu%2BJRkUR7N%2FWBtAN7ETjnLHjsqjYj15xcIIJuJ%2Ba2fwvk3rBrlMdawKvidqXugKypH3eeY1E3dTx%2Bb5R%2B0mYi2DJ30iQhym0jEmXCbHcUjUUwraLF53HEU5dX7%2B7JOrSUU55P8DwnE5Y4mWPL6gI2RecoRf5P8p%2BypObK6sMl80MTiFLEVGQmQkCcck%2BoUL6fSeTUFpps568CDMJCANW%2BcPSSYgmH6ToSAjptYDiF1%2FpvULsmUqhjhRw17rnjKlabGj9h8%2FsV2OOs1l%2BFlX6Z%2FBbxpRWGXnx%2Fu2Ea%2FfMnHhyrrBoBa4eZka3DG4eowtgVdPuyzXtzoOj8%3D...[39m
[14:33:34.038] [INFO] 
============================================================
[14:33:34.039] [INFO] STEP: 6d. Follow Redirect after auth method
[14:33:34.039] [INFO] ============================================================
[14:33:34.039] [INFO] Status Code: 200
[14:33:34.039] [INFO] Final URL: https://iforgot.apple.com/password/verify/birthday?sstt=gWvAc%2FRrS64xnUc4l5EFQadcaIXXgX8huRTWFMxsn2MNGMeDUDGiuDzqFbLnZ1TIjywZlMzFVfni3BMAoHACkrLoD2Ozfi4Maw9%2Fq4ZNDrmY%2BwJdM31eje%2FPhQ53C6iaep%2Bsl5Sy9vTwrMfszOQ05FBAHPIjiJD6DuQzbKZdJLBD96GtUkCuq3Je2d37cBb3a7xWglIyNkB1FPP9KjFcIht4gqlFkz%2FFIMB5xgiu%2BJRkUR7N%2FWBtAN7ETjnLHjsqjYj15xcIIJuJ%2Ba2fwvk3rBrlMdawKvidqXugKypH3eeY1E3dTx%2Bb5R%2B0mYi2DJ30iQhym0jEmXCbHcUjUUwraLF53HEU5dX7%2B7JOrSUU55P8DwnE5Y4mWPL6gI2RecoRf5P8p%2BypObK6sMl80MTiFLEVGQmQkCcck%2BoUL6fSeTUFpps568CDMJCANW%2BcPSSYgmH6ToSAjptYDiF1%2FpvULsmUqhjhRw17rnjKlabGj9h8%2FsV2OOs1l%2BFlX6Z%2FBbxpRWGXnx%2Fu2Ea%2FfMnHhyrrBoBa4eZka3DG4eowtgVdPuyzXtzoOj8%3D
[14:33:34.039] [INFO] 
--- Response Headers (21) ---
[14:33:34.039] [INFO]   Cache-Control: ['no-store', 'no-store']
[14:33:34.039] [INFO]   Connection: keep-alive
[14:33:34.039] [INFO]   Content-Encoding: gzip
[14:33:34.040] [INFO]   Content-Language: en-US-x-lvariant-USA
[14:33:34.040] [INFO]   Content-Location: /password/verify/birthday
[14:33:34.040] [INFO]   Content-Security-Policy: default-src 'self' ; connect-src 'self' https://www.apple.com https://appleid.cdn-apple.com ; font-s...
[14:33:34.040] [INFO]   Content-Type: application/json;charset=UTF-8
[14:33:34.040] [INFO]   Date: Fri, 19 Dec 2025 11:33:34 GMT
[14:33:34.040] [INFO]   Host: iforgot.apple.com
[14:33:34.040] [INFO]   Location: /password/verify/birthday?sstt=gWvAc%2FRrS64xnUc4l5EFQadcaIXXgX8huRTWFMxsn2MNGMeDUDGiuDzqFbLnZ1TIjyw...
[14:33:34.040] [INFO]   Referrer-Policy: origin
[14:33:34.040] [INFO]   Server: Apple
[14:33:34.040] [INFO]   Set-Cookie: ['idclient=web; Domain=iforgot.apple.com; Path=/; Secure; HttpOnly', 'dslang=US-EN; Domain=apple.com; Path=/; Secure; HttpOnly', 'site=USA; Domain=apple.com; Path=/; Secure; HttpOnly', 'X-Apple-I-Web-Token=AAAAKjl8Yzc4ODMyODZiNzg5MWRhYmE0MDYyODNmNjdhZmE5ZWUAAAGbNnCyVx1Adj0GW38ZPH+1q2cgRVq9hzgD3jZREznkv5X+SMcYhAtGLIucshOBs/vO2ntgM1WQS4IB+aoAIIs4PKQHsDVc4ZZ5puL6MSCTDlif0NyMjDm/B8WHEjQVxZwlnd6NMdk+TTHAZ24Xd+eTTnQ/xVJjt9PxPNE2DYb0gxfs2jbkXnlJ9SRgOhzR98VEpCVtJSqafAWswrfvkpBX+7otNmuFjv8itKsMFQ7bMw3A4YDIqiOXlPGWu+WFUElTECyrrA2DY9YVFW20bn3Ei1m0TjJde2ZpmoBtNLr36aHfRUrKLbIhSJ4IwKGTy+RyzOoPlHTAOgzYWN1pZq+oE2UjQOCd6fCLvUgKM/BAm8WAg5OGylx/cALTNd4VQiCWwxoQ67NpswqHm3gPkEnD+7Ct7eI0B1Jn+EjYibCc5S+/fJgYBXxxmVDoLzSodPbvSPJnH7R1yQHCNL6qGdHXmDvuhmqsqP9cmvvOvGxzIOGxgqkrMLBWxYSKpSQci4Nlny6MoHkPe1ADtL5uNcONeXj9R5Eci4gP4H05od9FUk1sBQ7wpy804lltEFTOhNk93ym6H8SqETP3nq8JH/ugicq5myu+vtbzMTivFeFh+7wxgnTgYJHFo1I/wkFjFg9LQ8Y4OZWPwOlmCjWOQj8dgmoRu0rLsdLZnoI/OHBCf1J44nmMPcxhNfFHQWKc+dGwjdPlF6VCrwWXQKqgQDmdtdpPBanMWmTLIZiH0j1e36aISBYX8OnesrJxLp7ztFzR52yob9CtP46mrElCrpMaXGP4BXhXXZfQAtpaOOPbNzY1T3IABLGCrsrkdKMsBRrraTatbKdKavLyPuXOsSORh2lo4epTZrk+7l8U; Max-Age=900; Expires=Fri, 19 Dec 2025 11:48:34 GMT; Domain=apple.com; Path=/; Secure; HttpOnly']...
[14:33:34.040] [INFO]   Sstt: UKgFTmCrDSOo7fh7lvhM%2B656nxAinKm%2BVC0494V9mtop3GcQ6DB96zXjqJGrt0M9sVWmO8OcV%2BDMOggr0TOGIzc2T1e2w3...
[14:33:34.040] [INFO]   Strict-Transport-Security: max-age=31536000; includeSubDomains; preload
[14:33:34.040] [INFO]   Vary: accept-encoding
[14:33:34.041] [INFO]   X-Apple-I-Request-Id: 8d3faef5-dcce-11f0-9519-d587dd346737
[14:33:34.041] [INFO]   X-Buildversion: R3
[14:33:34.041] [INFO]   X-Content-Type-Options: nosniff
[14:33:34.041] [INFO]   X-Frame-Options: ['DENY', 'SAMEORIGIN']
[14:33:34.041] [INFO]   X-Xss-Protection: 1; mode=block
[14:33:34.041] [INFO] 
--- Cookies (4) ---
[14:33:34.041] [INFO]   idclient: web
[14:33:34.041] [INFO]   dslang: US-EN
[14:33:34.041] [INFO]   site: USA
[14:33:34.041] [INFO]   X-Apple-I-Web-Token: AAAAKjl8Yzc4ODMyODZiNzg5MWRhYmE0MDYyODNmNjdhZmE5ZW...
[14:33:34.041] [INFO] 
--- Response Body (first 1000 chars) ---
[14:33:34.041] [INFO] {
  "dateLayout" : "monthdayyear",
  "showBirthYear" : true,
  "dateInputPlaceholder" : "mm/dd/yyyy",
  "dateInputFormat" : "mm/dd/yyyy",
  "forgotPasswordFlow" : true,
  "sstt" : "UKgFTmCrDSOo7fh7lvhM+656nxAinKm+VC0494V9mtop3GcQ6DB96zXjqJGrt0M9sVWmO8OcV+DMOggr0TOGIzc2T1e2w3iaoCKd3htqw8ty9aJodUyFYDdwywPIxf8VgyqtJzAzeOya/BqjXXdjtGHUM9FAAynMuwGx6xT74+xaf/GiRWdSVK3TuVjG8M+k9A6e1OYq4CmbwlnFLz0AK7U0NlYKB4gkCjIwMJyTphwcNA6G16a7dUZJz1xrQ4KG2gcSR9rrg6KM3cphl0RKhR8mhj0FjX7rONpLIZAIqtiXqyJd7Rt8D8LtUWt4Q7M05oJX4hQHvyskpjMfyNtEtHjhUp4ki1r6pH5C0JTQOeOVQOUr8pbsKRkN6QZ6ODA7m4uR53hqXowvCtXoIEy2hoe6nJ4A43g0GMVKY+MQza5LzbYQZCIIDumz1ZwU58ikmTZZuRtJ/xmHo783fStt5dVmjcuINH3fNkZV295zjVsy4wYkM6WsSv80cqSBfJDY+taRxWaUT2p38L1HkwSpF0JwtrETEiiKXlfPKE18JFDR/krPN7c="
}
[14:33:34.041] [INFO] ============================================================

[14:33:34.041] [INFO] [32mNew sstt: UKgFTmCrDSOo7fh7lvhM%2B656nxAinKm%2BVC0494V9mtop3G...[39m
[14:33:34.041] [INFO] 
[36mSTEP 7: Getting birthday page...[39m
[14:33:34.300] [INFO] 
============================================================
[14:33:34.301] [INFO] STEP: 7. Birthday Page GET
[14:33:34.301] [INFO] ============================================================
[14:33:34.302] [INFO] Status Code: 200
[14:33:34.302] [INFO] Final URL: https://iforgot.apple.com/password/verify/birthday
[14:33:34.302] [INFO] 
--- Response Headers (21) ---
[14:33:34.302] [INFO]   Cache-Control: ['no-store', 'no-store']
[14:33:34.302] [INFO]   Connection: keep-alive
[14:33:34.302] [INFO]   Content-Encoding: gzip
[14:33:34.302] [INFO]   Content-Language: en-US-x-lvariant-USA
[14:33:34.302] [INFO]   Content-Location: /password/verify/birthday
[14:33:34.302] [INFO]   Content-Security-Policy: default-src 'self' ; connect-src 'self' https://www.apple.com https://appleid.cdn-apple.com ; font-s...
[14:33:34.303] [INFO]   Content-Type: application/json;charset=UTF-8
[14:33:34.303] [INFO]   Date: Fri, 19 Dec 2025 11:33:34 GMT
[14:33:34.303] [INFO]   Host: iforgot.apple.com
[14:33:34.303] [INFO]   Location: /password/verify/birthday
[14:33:34.303] [INFO]   Referrer-Policy: origin
[14:33:34.303] [INFO]   Server: Apple
[14:33:34.303] [INFO]   Set-Cookie: ['idclient=web; Domain=iforgot.apple.com; Path=/; Secure; HttpOnly', 'dslang=US-EN; Domain=apple.com; Path=/; Secure; HttpOnly', 'site=USA; Domain=apple.com; Path=/; Secure; HttpOnly', 'X-Apple-I-Web-Token=AAAAKzEwfGM3ODgzMjg2Yjc4OTFkYWJhNDA2MjgzZjY3YWZhOWVlAAABmzZws1q2l3zKoH+wdQFoYp4EOXaoMwtqaOlDCYEAs2ZayJWDEwIcsd3g3v8yLrEmsuU6TmBTOvPUdc+LRfgK5CYf33AfaaScADUOXLpwAtuAHAkToJqdZ/j5wyyb/166k+T0s2sU2OuJvBKi4nArXFsTbUL0tTgrlrj74GHNTZ/dZ1p6b/V+HVnmnUzEyU/6LLpMaR29RAc7cDlqISgqTTJp0CiULyxWFpq3AslPI81K99A3Y0XN7RBwBisPwmlIyQtcdqKkMjBMX8ASYXlj6WFpAt8xRNi4EQOQDsGdIAsPycNz4uSPaslvyeiyRX4RVKmi4wMpZfmUYP+nbkV3V7lt6DftX1GiW5Qduv8Bori50N1N6bl5Vrptv+nvAMwneEHl2iAMb8n4qVEG66f0t5lzneAWVsIm+6iGiwojedP7akaQ3KHuCR7lUr479IJLWtz7qlUN2fl18XndRO39+Rofx/O+DQci7C7XhXhLo+/2XOZBVut0/4RGo7g4JVtaVofmdycl+rjXmy921026Wd1D8ql0fk36d1mp7Ik0fn0stSiaTgHGvSCyTTZ1eEPCNlo++RKqk1ncgBmhp07APJ3J02sLuk5YpRmr2q+7cDbCyCl/EQR459prQHOWg8Ah4dIyqmLr6oT01i9caETVIvolN2CG4mlIy7gWe5jOaqYwToLXxtfOt2t5YWmnS7zTkN2WM9Z/koeUK+xemHCL5cd1u44BQVAZHGDKjBBEys8PW/1uowTA38KXsvuLIpEDZU8ddan2r04/htLOQ/l/hkYaVRgxrd9sPvUt9aBnNLXEc9NVAATr+wkizqFMyW9Yx2EaeRFhDOx8182pW3lrBpRtNpi3wJk9qr59WQ==; Max-Age=900; Expires=Fri, 19 Dec 2025 11:48:34 GMT; Domain=apple.com; Path=/; Secure; HttpOnly']...
[14:33:34.303] [INFO]   Sstt: 2coA0I%2B5Ab0tTsArtYaH4BiLLNT5MYLliagRDnhfr45LgeC8KwIS1psnShmWcw%2FcFUKfKdjzu2TlKA4rUKoGdG4sjYTO0SO%...
[14:33:34.304] [INFO]   Strict-Transport-Security: max-age=31536000; includeSubDomains; preload
[14:33:34.304] [INFO]   Vary: accept-encoding
[14:33:34.304] [INFO]   X-Apple-I-Request-Id: 8d670db0-dcce-11f0-be78-531d35ef6ee8
[14:33:34.304] [INFO]   X-Buildversion: R3
[14:33:34.304] [INFO]   X-Content-Type-Options: nosniff
[14:33:34.304] [INFO]   X-Frame-Options: ['DENY', 'SAMEORIGIN']
[14:33:34.304] [INFO]   X-Xss-Protection: 1; mode=block
[14:33:34.304] [INFO] 
--- Cookies (4) ---
[14:33:34.304] [INFO]   idclient: web
[14:33:34.304] [INFO]   dslang: US-EN
[14:33:34.305] [INFO]   site: USA
[14:33:34.305] [INFO]   X-Apple-I-Web-Token: AAAAKzEwfGM3ODgzMjg2Yjc4OTFkYWJhNDA2MjgzZjY3YWZhOW...
[14:33:34.305] [INFO] 
--- Response Body (first 1000 chars) ---
[14:33:34.305] [INFO] {
  "dateLayout" : "monthdayyear",
  "showBirthYear" : true,
  "dateInputPlaceholder" : "mm/dd/yyyy",
  "dateInputFormat" : "mm/dd/yyyy",
  "forgotPasswordFlow" : true,
  "sstt" : "2coA0I+5Ab0tTsArtYaH4BiLLNT5MYLliagRDnhfr45LgeC8KwIS1psnShmWcw/cFUKfKdjzu2TlKA4rUKoGdG4sjYTO0SO+zd+D9GfHd/2LXzG1TBXKdUdBCXyzIkMYRxH2jQDqRAkpNO34ec3H6aKEKYJNI6fJE7HGkeOWDLKpXd4IDaq6N6BQbWXd912kd+OiAx3fZV4Kdn7sUbK4Xu/enw9NSb2fX3DaNT7rbZ0vBm7yCHrivrbXAiZR9SR2PIM+pqlhOcfBJoWY8EKN2d4Cirw4O4O59DW/oZbbUmW5dCJ6yHYiPn2ScaV4iqZKDA7YZGMJzsF65KZFeoKEKmBO2QEycF+0QJyBKU1cbcRp1Zh2XQxBYVs3CYiYMQ/pJjdvHFzWsJPmfhMeUe4pXnp1iAnQljCSOavSx7KRpoA2jtz2lqiUbp+JfpT1t+LEH4I73BK7J1bDuI881RJHwvaQNMTRznx131RCyw/4k7Qs/j2DNA4lR1rWHVPtl834GrIx/6PBxVlFQkpRwkvAuZRZjjff4rzdtWVg5mjhEVDL1V9nwdM="
}
[14:33:34.305] [INFO] ============================================================

[14:33:34.305] [INFO] [32mNew sstt: 2coA0I%2B5Ab0tTsArtYaH4BiLLNT5MYLliagRDnhfr45LgeC8...[39m
[14:33:34.305] [INFO] 
[36mSTEP 8: Posting birthday...[39m
[14:33:34.305] [INFO] Birthday data: {'birthday': '03/18/1999'}
[14:33:34.544] [INFO] 
============================================================
[14:33:34.544] [INFO] STEP: 8. Birthday POST
[14:33:34.545] [INFO] ============================================================
[14:33:34.545] [INFO] Status Code: 400
[14:33:34.545] [INFO] Final URL: https://iforgot.apple.com/password/verify/birthday
[14:33:34.545] [INFO] 
--- Response Headers (19) ---
[14:33:34.545] [INFO]   Cache-Control: ['no-store', 'no-store']
[14:33:34.545] [INFO]   Connection: keep-alive
[14:33:34.545] [INFO]   Content-Encoding: gzip
[14:33:34.546] [INFO]   Content-Language: en-US-x-lvariant-USA
[14:33:34.546] [INFO]   Content-Location: /password/verify/birthday
[14:33:34.546] [INFO]   Content-Security-Policy: default-src 'self' ; connect-src 'self' https://www.apple.com https://appleid.cdn-apple.com ; font-s...
[14:33:34.546] [INFO]   Content-Type: application/json;charset=UTF-8
[14:33:34.546] [INFO]   Date: Fri, 19 Dec 2025 11:33:34 GMT
[14:33:34.546] [INFO]   Location: /password/verify/birthday
[14:33:34.546] [INFO]   Referrer-Policy: origin
[14:33:34.546] [INFO]   Server: Apple
[14:33:34.546] [INFO]   Set-Cookie: ['idclient=web; Domain=iforgot.apple.com; Path=/; Secure; HttpOnly', 'dslang=US-EN; Domain=apple.com; Path=/; Secure; HttpOnly', 'site=USA; Domain=apple.com; Path=/; Secure; HttpOnly']...
[14:33:34.546] [INFO]   Strict-Transport-Security: max-age=31536000; includeSubDomains; preload
[14:33:34.547] [INFO]   Vary: accept-encoding
[14:33:34.547] [INFO]   X-Apple-I-Request-Id: 8d906700-dcce-11f0-ac46-bb0fd901151a
[14:33:34.547] [INFO]   X-Buildversion: R3
[14:33:34.547] [INFO]   X-Content-Type-Options: nosniff
[14:33:34.547] [INFO]   X-Frame-Options: ['DENY', 'SAMEORIGIN']
[14:33:34.547] [INFO]   X-Xss-Protection: 1; mode=block
[14:33:34.547] [INFO] 
--- Cookies (3) ---
[14:33:34.547] [INFO]   idclient: web
[14:33:34.547] [INFO]   dslang: US-EN
[14:33:34.548] [INFO]   site: USA
[14:33:34.548] [INFO] 
--- Response Body (first 1000 chars) ---
[14:33:34.548] [INFO] {
  "service_errors" : [ {
    "code" : "error_invalid_dob",
    "message" : "Please enter a valid date.",
    "path" : "fullBirthDate"
  }, {
    "code" : "label.monthNotSelectedText",
    "message" : "Please select your birth month.",
    "path" : "monthOfYear"
  } ],
  "hasError" : true
}
[14:33:34.548] [INFO] ============================================================

[14:33:34.548] [WARN] [33mWARNING: No Sstt in birthday POST response[39m
[14:33:34.548] [INFO] Redirect Location: /password/verify/birthday
[14:33:34.548] [INFO] 
[36mSTEP 9: Getting questions page...[39m
[14:33:34.828] [INFO] 
============================================================
[14:33:34.829] [INFO] STEP: 9. Questions Page GET
[14:33:34.829] [INFO] ============================================================
[14:33:34.830] [INFO] Status Code: 302
[14:33:34.830] [INFO] Final URL: https://iforgot.apple.com/password/verify/questions
[14:33:34.830] [INFO] 
--- Response Headers (17) ---
[14:33:34.830] [INFO]   Connection: keep-alive
[14:33:34.831] [INFO]   Content-Encoding: gzip
[14:33:34.831] [INFO]   Content-Language: en-US-x-lvariant-USA
[14:33:34.831] [INFO]   Content-Security-Policy: default-src 'self' ; connect-src 'self' https://www.apple.com https://appleid.cdn-apple.com ; font-s...
[14:33:34.831] [INFO]   Date: Fri, 19 Dec 2025 11:33:34 GMT
[14:33:34.831] [INFO]   Host: iforgot.apple.com
[14:33:34.831] [INFO]   Location: /session/timeout?
[14:33:34.831] [INFO]   Referrer-Policy: origin
[14:33:34.831] [INFO]   Server: Apple
[14:33:34.832] [INFO]   Set-Cookie: ['idclient=web; Domain=iforgot.apple.com; Path=/; Secure; HttpOnly', 'dslang=US-EN; Domain=apple.com; Path=/; Secure; HttpOnly', 'site=USA; Domain=apple.com; Path=/; Secure; HttpOnly']...
[14:33:34.832] [INFO]   Strict-Transport-Security: max-age=31536000; includeSubDomains; preload
[14:33:34.832] [INFO]   Vary: accept-encoding
[14:33:34.832] [INFO]   X-Apple-I-Request-Id: 8db46a04-dcce-11f0-9dd1-e96e889cbc8f
[14:33:34.832] [INFO]   X-Buildversion: R3
[14:33:34.832] [INFO]   X-Content-Type-Options: nosniff
[14:33:34.832] [INFO]   X-Frame-Options: ['DENY', 'SAMEORIGIN']
[14:33:34.832] [INFO]   X-Xss-Protection: 1; mode=block
[14:33:34.832] [INFO] 
--- Cookies (3) ---
[14:33:34.833] [INFO]   idclient: web
[14:33:34.833] [INFO]   dslang: US-EN
[14:33:34.833] [INFO]   site: USA
[14:33:34.833] [INFO] 
--- Response Body (first 1000 chars) ---
[14:33:34.833] [INFO] (empty)
[14:33:34.833] [INFO] ============================================================

[14:33:34.833] [INFO] [33mResponse is not JSON[39m
[14:33:34.833] [INFO] 
############################################################
[14:33:34.833] [INFO] FLOW TRACE COMPLETE
[14:33:34.834] [INFO] Debug log saved to: files/flow_debug_20251219_143329.log
[14:33:34.834] [INFO] ############################################################
