[14:32:34.195] [INFO] 
############################################################
[14:32:34.195] [INFO] STARTING FLOW TRACE FOR: EnolaPalaspas618@hotmail.com
[14:32:34.195] [INFO] Birthday: 03/18/1999
[14:32:34.196] [INFO] ############################################################

[14:32:34.196] [INFO] [36mSTEP 1: Loading initial page...[39m
[14:32:35.655] [INFO] 
============================================================
[14:32:35.655] [INFO] STEP: 1. Initial Page Load
[14:32:35.655] [INFO] ============================================================
[14:32:35.655] [INFO] Status Code: 200
[14:32:35.656] [INFO] Final URL: https://iforgot.apple.com/password/verify/appleid
[14:32:35.656] [INFO] 
--- Response Headers (21) ---
[14:32:35.656] [INFO]   Cache-Control: no-store
[14:32:35.656] [INFO]   Connection: keep-alive
[14:32:35.656] [INFO]   Content-Encoding: gzip
[14:32:35.656] [INFO]   Content-Language: en-US-x-lvariant-USA
[14:32:35.656] [INFO]   Content-Location: /password/verify/appleid
[14:32:35.656] [INFO]   Content-Security-Policy: default-src 'self' ; connect-src 'self' https://www.apple.com https://appleid.cdn-apple.com ; font-s...
[14:32:35.656] [INFO]   Content-Type: text/html;charset=UTF-8
[14:32:35.656] [INFO]   Date: Fri, 19 Dec 2025 11:32:35 GMT
[14:32:35.656] [INFO]   Host: iforgot.apple.com
[14:32:35.656] [INFO]   Location: /password/verify/appleid
[14:32:35.656] [INFO]   Referrer-Policy: origin
[14:32:35.656] [INFO]   Server: Apple
[14:32:35.656] [INFO]   Set-Cookie: ['idclient=web; Domain=iforgot.apple.com; Path=/; Secure; HttpOnly', 'X-Apple-I-Web-Token=; Max-Age=0; Expires=Thu, 01 Jan 1970 00:00:10 GMT; Domain=apple.com; Path=/; Secure; HttpOnly', 'dslang=US-EN; Domain=apple.com; Path=/; Secure; HttpOnly', 'site=USA; Domain=apple.com; Path=/; Secure; HttpOnly', 'X-Apple-I-Web-Token=AAAAKjJ8NmU4ZWRiYjNjYjVmODZkOTJmODA4YWI3N2MwMDY0NmIAAAGbNm/Ly93RsSSR1fwQ18UiMXXwGirl96xRhJDmVIirH/DCCjYFTC1Bgh2XB+3zVbsDAASxdPD37euSBfVlVU7J/eUa7Rhd+L4mmQxbueFD6UOHezqejK86oQ==; Max-Age=900; Expires=Fri, 19 Dec 2025 11:47:34 GMT; Domain=apple.com; Path=/; Secure; HttpOnly', 'ifssp=6E8B29F66FCE90B7835192C5CE3136168CF1B9AE3BB66B8C071B239CBDF38E5D42DF27F6439F9628365001E0E420A9F380D95A599DBFC63CEA9689B965186CACFC396E98AF984A81DCDFD6F6575ADF5A92A921B915B58C38174FAA899A886E9D09FE34A1A29E9DC624406615913B1A93E3FFA8DADFB0AA78; Domain=iforgot.apple.com; Path=/; Secure; HttpOnly']...
[14:32:35.656] [INFO]   Strict-Transport-Security: max-age=31536000; includeSubDomains; preload
[14:32:35.656] [INFO]   Vary: accept-encoding
[14:32:35.656] [INFO]   X-Apple-I-Request-Id: 6a1881b8-dcce-11f0-9519-d587dd346737
[14:32:35.656] [INFO]   X-Apple-Id-Session-Id: 6E8B29F66FCE90B7835192C5CE3136168CF1B9AE3BB66B8C071B239CBDF38E5D42DF27F6439F9628365001E0E420A9F380D9...
[14:32:35.656] [INFO]   X-Buildversion: R3
[14:32:35.656] [INFO]   X-Content-Type-Options: nosniff
[14:32:35.656] [INFO]   X-Frame-Options: ['DENY', 'SAMEORIGIN']
[14:32:35.656] [INFO]   X-Xss-Protection: 1; mode=block
[14:32:35.656] [INFO] 
--- Cookies (5) ---
[14:32:35.657] [INFO]   idclient: web
[14:32:35.657] [INFO]   ifssp: 6E8B29F66FCE90B7835192C5CE3136168CF1B9AE3BB66B8C07...
[14:32:35.657] [INFO]   dslang: US-EN
[14:32:35.657] [INFO]   site: USA
[14:32:35.657] [INFO]   X-Apple-I-Web-Token: AAAAKjJ8NmU4ZWRiYjNjYjVmODZkOTJmODA4YWI3N2MwMDY0Nm...
[14:32:35.657] [INFO] 
--- Response Body (first 1000 chars) ---
[14:32:35.657] [INFO] 
















    
    
        
    
















































    
        
        
    
    





<!DOCTYPE html>


<html class="eyebrow ltr " lang="en" dir=ltr>
<head>
    <meta name="format-detection" content="telephone=no"/>
    <title>
    
        
        
            Recover Your Apple Account - Apple
        
        
        
    
</title>
    
    
    
    <link rel="SHORTCUT ICON" href="/images/global/favicon.ico"/>
    



    
    
    
    
    
    
    

<link rel="stylesheet"  href="https://www.apple.com/wss/fonts?families=SF+Pro,v3|SF+Pro+Icons,v3" type="text/css"/>



    
    



    
    
    
    
    
    

    
  <script type="text/stache" id="jstache_1460893030">
    
          
          
          
          
          
          <generic-error-modal {(show)}="showGenericErrorModal"
                     {error-title}="modalErrorTitle"
                     action-text="OK"
                     {error-message}="modalErrorMessage"><
[14:32:35.657] [INFO] ============================================================

[14:32:35.657] [INFO] [32mExtracted sstt token: bp4FccEPoFnwjSWeWr4uAzCuBIIRVye/X4mBQgP7gwucZuMFm7...[39m
[14:32:35.657] [INFO] 
[36mSTEP 2: Getting captcha...[39m
[14:32:36.004] [INFO] 
============================================================
[14:32:36.004] [INFO] STEP: 2. Get Captcha
[14:32:36.004] [INFO] ============================================================
[14:32:36.004] [INFO] Status Code: 401
[14:32:36.004] [INFO] Final URL: https://iforgot.apple.com/captcha?captchaType=IMAGE
[14:32:36.004] [INFO] 
--- Response Headers (20) ---
[14:32:36.004] [INFO]   Cache-Control: ['no-store', 'no-store']
[14:32:36.004] [INFO]   Connection: keep-alive
[14:32:36.004] [INFO]   Content-Encoding: gzip
[14:32:36.004] [INFO]   Content-Language: en-US-x-lvariant-USA
[14:32:36.004] [INFO]   Content-Location: /captcha
[14:32:36.005] [INFO]   Content-Security-Policy: default-src 'self' ; connect-src 'self' https://www.apple.com https://appleid.cdn-apple.com ; font-s...
[14:32:36.005] [INFO]   Content-Type: application/json;charset=UTF-8
[14:32:36.005] [INFO]   Date: Fri, 19 Dec 2025 11:32:35 GMT
[14:32:36.005] [INFO]   Location: /captcha?captchaType=IMAGE
[14:32:36.005] [INFO]   Referrer-Policy: origin
[14:32:36.005] [INFO]   Server: Apple
[14:32:36.005] [INFO]   Set-Cookie: ['idclient=web; Domain=iforgot.apple.com; Path=/; Secure; HttpOnly', 'dslang=US-EN; Domain=apple.com; Path=/; Secure; HttpOnly', 'site=USA; Domain=apple.com; Path=/; Secure; HttpOnly', 'X-Apple-I-Web-Token=AAAAKjN8NmU4ZWRiYjNjYjVmODZkOTJmODA4YWI3N2MwMDY0NmIAAAGbNm/PcNFCRqPNrMBA9GV0dX9fuivVtdoW6vjFvwybf5p+kQnjLc7xoGuI5wb+aangAATtg2eo22RBrMiny1b2CI0wWVsn6NEk7pMKkAnW3qTf0XpVNle71g==; Max-Age=900; Expires=Fri, 19 Dec 2025 11:47:35 GMT; Domain=apple.com; Path=/; Secure; HttpOnly']...
[14:32:36.005] [INFO]   Strict-Transport-Security: max-age=31536000; includeSubDomains; preload
[14:32:36.005] [INFO]   Vary: accept-encoding
[14:32:36.005] [INFO]   Www-Authenticate: PrivateToken challenge=AAIAGmlkbXMtaXNzdWVyLmNvcnAuYXBwbGUuY29tICaUDkHtCl5vokEKM-2qmO8Y5iWyy0n_TqoVG...
[14:32:36.005] [INFO]   X-Apple-I-Request-Id: 6a9aaa59-dcce-11f0-9dd1-e96e889cbc8f
[14:32:36.005] [INFO]   X-Buildversion: R3
[14:32:36.005] [INFO]   X-Content-Type-Options: nosniff
[14:32:36.005] [INFO]   X-Frame-Options: ['DENY', 'SAMEORIGIN']
[14:32:36.005] [INFO]   X-Xss-Protection: 1; mode=block
[14:32:36.005] [INFO] 
--- Cookies (4) ---
[14:32:36.006] [INFO]   idclient: web
[14:32:36.006] [INFO]   dslang: US-EN
[14:32:36.006] [INFO]   site: USA
[14:32:36.006] [INFO]   X-Apple-I-Web-Token: AAAAKjN8NmU4ZWRiYjNjYjVmODZkOTJmODA4YWI3N2MwMDY0Nm...
[14:32:36.006] [INFO] 
--- Response Body (first 1000 chars) ---
[14:32:36.006] [INFO] {
  "payload" : {
    "contentType" : "image/jpeg",
    "content" : "/9j/4AAQSkZJRgABAgAAAQABAAD/2wBDAAgGBgcGBQgHBwcJCQgKDBQNDAsLDBkSEw8UHRofHh0aHBwgJC4nICIsIxwcKDcpLDAxNDQ0Hyc5PTgyPC4zNDL/2wBDAQkJCQwLDBgNDRgyIRwhMjIyMjIyMjIyMjIyMjIyMjIyMjIyMjIyMjIyMjIyMjIyMjIyMjIyMjIyMjIyMjIyMjL/wAARCABGAKADASIAAhEBAxEB/8QAHwAAAQUBAQEBAQEAAAAAAAAAAAECAwQFBgcICQoL/8QAtRAAAgEDAwIEAwUFBAQAAAF9AQIDAAQRBRIhMUEGE1FhByJxFDKBkaEII0KxwRVS0fAkM2JyggkKFhcYGRolJicoKSo0NTY3ODk6Q0RFRkdISUpTVFVWV1hZWmNkZWZnaGlqc3R1dnd4eXqDhIWGh4iJipKTlJWWl5iZmqKjpKWmp6ipqrKztLW2t7i5usLDxMXGx8jJytLT1NXW19jZ2uHi4+Tl5ufo6erx8vP09fb3+Pn6/8QAHwEAAwEBAQEBAQEBAQAAAAAAAAECAwQFBgcICQoL/8QAtREAAgECBAQDBAcFBAQAAQJ3AAECAxEEBSExBhJBUQdhcRMiMoEIFEKRobHBCSMzUvAVYnLRChYkNOEl8RcYGRomJygpKjU2Nzg5OkNERUZHSElKU1RVVldYWVpjZGVmZ2hpanN0dXZ3eHl6goOEhYaHiImKkpOUlZaXmJmaoqOkpaanqKmqsrO0tba3uLm6wsPExcbHyMnK0tPU1dbX2Nna4uPk5ebn6Onq8vP09fb3+Pn6/9oADAMBAAIRAxEAPwD1qc6RapuuNHlgX+44RUX3HzbM/Tnk9s1IsWmyKrpo126uPlk25832J3ZI7fNxj/Zry74/R+f4G0+5TVI76OPUFUYCFhujfnK4Hb0
[14:32:36.006] [INFO] ============================================================

[14:32:36.006] [INFO] [32mCaptcha ID: 1774513632[39m
[14:32:36.006] [INFO] 
[36mSTEP 3: Solving captcha...[39m
[14:32:37.409] [INFO] [32mCaptcha solved: H8HBR[39m
[14:32:37.409] [INFO] 
[36mSTEP 4: Verifying Apple ID...[39m
[14:32:37.410] [INFO] POST data: {
  "id": "EnolaPalaspas618@hotmail.com",
  "captcha": {
    "id": 1774513632,
    "answer": "H8HBR",
    "token": "c4498b2f4c7375de6f9f53b602b97a07337026658bc5338e3a2777619b969e5ecf93eb794dcd47f2b3d5e2fefe687d546ff72ad24de319f368682922c558b056d663b3acb99ccd95f0ec4fa6eb4c9ece8f04e55caef6a5aa1474ee3177b0e8da2a5ef237750b3476edece84e4af9eb69a3c01da5bb6517ff6d8b4dfba101896ce9582343d452005713ff5f7b23b90df7586abe1ad029358a05db13c4d5e2896bdc4be9f486657aeaeedf23a269a8cb93af5068bd0b4dc061bc7dab7cd33d8a7c7082a6153cf2c4ef225c1309759b9a52RSGU"
  }
}
[14:32:37.998] [INFO] 
============================================================
[14:32:37.999] [INFO] STEP: 4. Verify Apple ID
[14:32:37.999] [INFO] ============================================================
[14:32:37.999] [INFO] Status Code: 302
[14:32:37.999] [INFO] Final URL: https://iforgot.apple.com/password/verify/appleid
[14:32:37.999] [INFO] 
--- Response Headers (20) ---
[14:32:37.999] [INFO]   Cache-Control: no-store
[14:32:38.000] [INFO]   Connection: keep-alive
[14:32:38.000] [INFO]   Content-Encoding: gzip
[14:32:38.000] [INFO]   Content-Language: en-US-x-lvariant-USA
[14:32:38.000] [INFO]   Content-Location: /password/verify/appleid
[14:32:38.000] [INFO]   Content-Security-Policy: default-src 'self' ; connect-src 'self' https://www.apple.com https://appleid.cdn-apple.com ; font-s...
[14:32:38.000] [INFO]   Date: Fri, 19 Dec 2025 11:32:37 GMT
[14:32:38.000] [INFO]   Host: iforgot.apple.com
[14:32:38.000] [INFO]   Location: /recovery/options?sstt=mEHj3iNNiZ1%2B5AKCvwSnv9uYOOQeki6rMAg2pxarZAl3TnrFUK0LE00Nea692j8lS5npxp9jHyY...
[14:32:38.000] [INFO]   Referrer-Policy: origin
[14:32:38.000] [INFO]   Server: Apple
[14:32:38.000] [INFO]   Set-Cookie: ['idclient=web; Domain=iforgot.apple.com; Path=/; Secure; HttpOnly', 'dslang=US-EN; Domain=apple.com; Path=/; Secure; HttpOnly', 'site=USA; Domain=apple.com; Path=/; Secure; HttpOnly', 'X-Apple-I-Web-Token=AAAAKjR8NmU4ZWRiYjNjYjVmODZkOTJmODA4YWI3N2MwMDY0NmIAAAGbNm/WoUHvxzx4YGqtn2CBOdMf943F5JRO5b5diaD0VK951LFXunt6Ueq4DYFbfnNWh1Xgdmqy6U0T0WBf2XaPiBTunOYOmwWlzl0Py12+GGwuM8xPLW6blsbunKUvXZg9ZZp8nsXSBR0eQGrCL+tEcfxao9URM6FeL4ob+jrY0Qk840GirzhV0JBtesCXOsRTHJid/dg7iiJr3pV9PEbWaxTu6Vpf2R8zLi7tl1LqEElX4BMck0ZgR+m92ptnxMopCiglCAIdwV8g8nZtFxzAspdizJsDu9VSmEKjXF6a/Oq3aDNck+SusKarZB1ML+g6BLn4V+MAEFZWBc5ljCwAbYJ+NCvIdhUxuvsO4awhtD7HM2WkeopaNaHuPDTCbO7YM6526Z4mHas6XrIKAq7hsVuumq1rg2jvORxC/w+XT3hr/Uw0hSvyQb3ugXJQiMfNm/7vFQag3YkN8/4SogthEx45GR7gyx1wdH03IwBwSi+ItnASKPWlwrWxfAanhhj81E3Yf2byQy9K5pHuM9pqqd2HSMEqQe5hzqguVE/kOISpPPSKCliD1riBwDwBGMACvB2b7NFWtvie2kqDgAZKoS3v1jf9wEaITV7CeZvnTDr+l+0jSwTQcd4EVyEXcGbo/n6kN89D5A1DQIrSlQfh0MVL1lz9JWq+ouf2mdDzM2oJHZAhHe3twt+XZYzMvFeDzXP9fiYh8rJ9ECfNiUpf9xiazWjw8tNFPsOPGygHGVfBFWhPYJGbBubrZ1S6z1jLlRmDhDYkG14NlAMvXvdrkDVWwFhPsTJliJAABLFsVhGcPEiRtqt4mHw8VJrC2LALEqPfmHAPt/s+DJPH5ivyZYcd; Max-Age=900; Expires=Fri, 19 Dec 2025 11:47:37 GMT; Domain=apple.com; Path=/; Secure; HttpOnly']...
[14:32:38.000] [INFO]   Sstt: mEHj3iNNiZ1%2B5AKCvwSnv9uYOOQeki6rMAg2pxarZAl3TnrFUK0LE00Nea692j8lS5npxp9jHyYzFnsinGZkBsCwSCGn2%2Fzn...
[14:32:38.000] [INFO]   Strict-Transport-Security: max-age=31536000; includeSubDomains; preload
[14:32:38.000] [INFO]   Vary: accept-encoding
[14:32:38.001] [INFO]   X-Apple-I-Request-Id: 6ba6274b-dcce-11f0-ac46-bb0fd901151a
[14:32:38.001] [INFO]   X-Buildversion: R3
[14:32:38.001] [INFO]   X-Content-Type-Options: nosniff
[14:32:38.001] [INFO]   X-Frame-Options: ['DENY', 'SAMEORIGIN']
[14:32:38.001] [INFO]   X-Xss-Protection: 1; mode=block
[14:32:38.001] [INFO] 
--- Cookies (4) ---
[14:32:38.001] [INFO]   idclient: web
[14:32:38.001] [INFO]   dslang: US-EN
[14:32:38.001] [INFO]   site: USA
[14:32:38.001] [INFO]   X-Apple-I-Web-Token: AAAAKjR8NmU4ZWRiYjNjYjVmODZkOTJmODA4YWI3N2MwMDY0Nm...
[14:32:38.001] [INFO] 
--- Response Body (first 1000 chars) ---
[14:32:38.001] [INFO] (empty)
[14:32:38.001] [INFO] ============================================================

[14:32:38.001] [INFO] [32mNew sstt from headers: mEHj3iNNiZ1%2B5AKCvwSnv9uYOOQeki6rMAg2pxarZAl3TnrF...[39m
[14:32:38.002] [INFO] Redirect Location: /recovery/options?sstt=mEHj3iNNiZ1%2B5AKCvwSnv9uYOOQeki6rMAg2pxarZAl3TnrFUK0LE00Nea692j8lS5npxp9jHyYzFnsinGZkBsCwSCGn2%2FzncLAtHXHZstfwX0MZUZamVmZ9fl1M7HHJ4YWgFLvYfMHmVT7C2MXrLsQTtxOBjK1OM504%2BuVRvP2bCXPxNvEnEY8QZylLcnphKkFumbnehIOXVVIHuy%2BoHknXSSamLgPsseRg6plI4JfE9o0qVkgwQ40jeaMaQ6v6gTaruLaqypsmPjj1uDpZEfv5K3u8IKCd3shT3YtybMfkO9HCSdHlZ4QNEA%2F%2FK6Awsu3JOIIU2vJ3Y%2Ff331%2BIOYV7H4cc3fj6HOhe4HGl1UkQzb0%2FtV1XiZ1%2FlUvKk1qaTdT9pykGKl8S%2FcPIZrqGmTdcp7PqEzPcH3K%2BDV2kGjsxII5Rv3uu1Oa2HMTq%2FBIbBA0ylEWTfKYpMD54Im22VJxoGsV59LEh%2FImx9BE%3D&accountInfo=com.apple.iforgot.web.view.model.AccountInfo%40356f49f6
[14:32:38.002] [INFO] 
[36mSTEP 5: Following redirect to /recovery/options?sstt=mEHj3iNNiZ1%2B5AKCvwSnv9uYOOQeki6rMAg2pxarZAl3TnrFUK0LE00Nea692j8lS5npxp9jHyYzFnsinGZkBsCwSCGn2%2FzncLAtHXHZstfwX0MZUZamVmZ9fl1M7HHJ4YWgFLvYfMHmVT7C2MXrLsQTtxOBjK1OM504%2BuVRvP2bCXPxNvEnEY8QZylLcnphKkFumbnehIOXVVIHuy%2BoHknXSSamLgPsseRg6plI4JfE9o0qVkgwQ40jeaMaQ6v6gTaruLaqypsmPjj1uDpZEfv5K3u8IKCd3shT3YtybMfkO9HCSdHlZ4QNEA%2F%2FK6Awsu3JOIIU2vJ3Y%2Ff331%2BIOYV7H4cc3fj6HOhe4HGl1UkQzb0%2FtV1XiZ1%2FlUvKk1qaTdT9pykGKl8S%2FcPIZrqGmTdcp7PqEzPcH3K%2BDV2kGjsxII5Rv3uu1Oa2HMTq%2FBIbBA0ylEWTfKYpMD54Im22VJxoGsV59LEh%2FImx9BE%3D&accountInfo=com.apple.iforgot.web.view.model.AccountInfo%40356f49f6...[39m
[14:32:38.361] [INFO] 
============================================================
[14:32:38.362] [INFO] STEP: 5. Auth Method Page
[14:32:38.362] [INFO] ============================================================
[14:32:38.362] [INFO] Status Code: 200
[14:32:38.362] [INFO] Final URL: https://iforgot.apple.com/recovery/options?sstt=mEHj3iNNiZ1%2B5AKCvwSnv9uYOOQeki6rMAg2pxarZAl3TnrFUK0LE00Nea692j8lS5npxp9jHyYzFnsinGZkBsCwSCGn2%2FzncLAtHXHZstfwX0MZUZamVmZ9fl1M7HHJ4YWgFLvYfMHmVT7C2MXrLsQTtxOBjK1OM504%2BuVRvP2bCXPxNvEnEY8QZylLcnphKkFumbnehIOXVVIHuy%2BoHknXSSamLgPsseRg6plI4JfE9o0qVkgwQ40jeaMaQ6v6gTaruLaqypsmPjj1uDpZEfv5K3u8IKCd3shT3YtybMfkO9HCSdHlZ4QNEA%2F%2FK6Awsu3JOIIU2vJ3Y%2Ff331%2BIOYV7H4cc3fj6HOhe4HGl1UkQzb0%2FtV1XiZ1%2FlUvKk1qaTdT9pykGKl8S%2FcPIZrqGmTdcp7PqEzPcH3K%2BDV2kGjsxII5Rv3uu1Oa2HMTq%2FBIbBA0ylEWTfKYpMD54Im22VJxoGsV59LEh%2FImx9BE%3D&accountInfo=com.apple.iforgot.web.view.model.AccountInfo%40356f49f6
[14:32:38.362] [INFO] 
--- Response Headers (21) ---
[14:32:38.363] [INFO]   Cache-Control: ['no-store', 'no-store']
[14:32:38.363] [INFO]   Connection: keep-alive
[14:32:38.363] [INFO]   Content-Encoding: gzip
[14:32:38.363] [INFO]   Content-Language: en-US-x-lvariant-USA
[14:32:38.363] [INFO]   Content-Location: /recovery/options
[14:32:38.363] [INFO]   Content-Security-Policy: default-src 'self' ; connect-src 'self' https://www.apple.com https://appleid.cdn-apple.com ; font-s...
[14:32:38.363] [INFO]   Content-Type: application/json;charset=UTF-8
[14:32:38.363] [INFO]   Date: Fri, 19 Dec 2025 11:32:38 GMT
[14:32:38.363] [INFO]   Host: iforgot.apple.com
[14:32:38.363] [INFO]   Location: /recovery/options?sstt=mEHj3iNNiZ1%2B5AKCvwSnv9uYOOQeki6rMAg2pxarZAl3TnrFUK0LE00Nea692j8lS5npxp9jHyY...
[14:32:38.363] [INFO]   Referrer-Policy: origin
[14:32:38.363] [INFO]   Server: Apple
[14:32:38.363] [INFO]   Set-Cookie: ['idclient=web; Domain=iforgot.apple.com; Path=/; Secure; HttpOnly', 'dslang=US-EN; Domain=apple.com; Path=/; Secure; HttpOnly', 'site=USA; Domain=apple.com; Path=/; Secure; HttpOnly', 'X-Apple-I-Web-Token=AAAAKjV8NmU4ZWRiYjNjYjVmODZkOTJmODA4YWI3N2MwMDY0NmIAAAGbNm/YdnslrH+oiGswI/EvB4INv88v+SVW1i2OG0Vi4yE39eajVMsnEhJsO2BbxWHChDWvevo5ZMLTLpNwPOsZ/usg+mIIMin0o8bY/UNmPcXwBcztMfJ4ulHe9Gzj4EBW7JwaCgsfFpRLWhQ5qrgUFy0fAS5ImXLgNtP1xT/8VgMfw2seHhTgzmE+3adxiRmSaojp7wQAr3TBlF7l+Bu0zWds72/Au9wgYv+wYaxAAu/YfYvlw5C+crmmu3aKL/NcLH9uZ8PLstL4vuXbB1nxj4IuFqLaxBFxvb2hyYwrNAvRxrDl+2cUeXi0cgfRjM+3ATvNgFd6F3AFPuwV92xw69Vi2s7gbpbQOodBsTeSfQpqHqxdOpaALNw4K8ISljYf/fBjDMenIINDYps/icE/mF81wBEqKACHP32dHwWy8y7cME+cdjkSWojANJ70+Okwp5e1/9/gZDoYlanmTZstHHih9zde5cN98+McmuVb5gNcEOITWfMtK2DTzfI1/+/WsLj2VYCwIUN1LbLWGrfsndKtZSytoQgu++gAl8d73GIHsTSrhDjJ4/GDvI4X8mqRVBj3EPMEgak/Fg9437wa8qFO2N4Natlo2ZwC3H+8l7QInGnQPwqzTHSJ3fVAfkYNyevCgr4mSE9+psr7kYE8m1Vk6sT5Fztys4VmwoQAO8O/M5ml1DIrdspSqdRUQACHa877p/BfS4Z3+O+K78GaURUUYbtpAKouIv6seE797ukL1LFacHfDs5SkJBoPSQORJaMZjNRNUIxtRz37MS55IOsk0sKwxkqE1osABLFscgN5lj4VDsTD7z5NIWGNeq2Eg/wkjKmMNeLVvFko8nh6yF6E; Max-Age=900; Expires=Fri, 19 Dec 2025 11:47:38 GMT; Domain=apple.com; Path=/; Secure; HttpOnly']...
[14:32:38.364] [INFO]   Sstt: FAljpB9%2FPAi4qtVC9HS6DZOwpzihA1wWFvCK8swwWQTyqn2BWI0xpeS8CQAMIp0Jxu39pHKa5SgMMp1n7t5Q7yQNumPI%2FC%2...
[14:32:38.364] [INFO]   Strict-Transport-Security: max-age=31536000; includeSubDomains; preload
[14:32:38.364] [INFO]   Vary: accept-encoding
[14:32:38.364] [INFO]   X-Apple-I-Request-Id: 6c005500-dcce-11f0-ac46-bb0fd901151a
[14:32:38.364] [INFO]   X-Buildversion: R3
[14:32:38.364] [INFO]   X-Content-Type-Options: nosniff
[14:32:38.364] [INFO]   X-Frame-Options: ['DENY', 'SAMEORIGIN']
[14:32:38.364] [INFO]   X-Xss-Protection: 1; mode=block
[14:32:38.364] [INFO] 
--- Cookies (4) ---
[14:32:38.364] [INFO]   idclient: web
[14:32:38.364] [INFO]   dslang: US-EN
[14:32:38.364] [INFO]   site: USA
[14:32:38.364] [INFO]   X-Apple-I-Web-Token: AAAAKjV8NmU4ZWRiYjNjYjVmODZkOTJmODA4YWI3N2MwMDY0Nm...
[14:32:38.364] [INFO] 
--- Response Body (first 1000 chars) ---
[14:32:38.364] [INFO] {
  "recoveryOptions" : [ "reset_password", "reset_questions" ],
  "forgotPasswordFlow" : true,
  "sstt" : "FAljpB9/PAi4qtVC9HS6DZOwpzihA1wWFvCK8swwWQTyqn2BWI0xpeS8CQAMIp0Jxu39pHKa5SgMMp1n7t5Q7yQNumPI/C/D3hsDGDKCeQtPLQDDslnLjMSx/PKXWCtKKC6UaI++gXBI/WmJnGfixHkkmZl3Pc3hpdG3XhtdZtX+Yu7lHMelyX6Il/AXOzbMwL+e+55BBW3Kr9APxK9HybuAaAnqVCSk8t0ew/hM+ZUE1az6eeVExa5pEugzerlDAuDJR7zL4o6C63/mHPHZh+nhI9/g0g9DTVzIoALsHqXEmvknBKU2d17mFocmOzKaOrN0jHOzKRPboIRakEB3jQY2WCf2USuAzFwNSgKAuLEhI/RfOewm2zmLWFejieqxzOh+OSdfD+j/yAweePlIo6URJiUfjpbcbOUSQLMda9oURxYWwGzFDSJgOGdo0lEwHcKKdZK6S9g9JXgd77H0SurDQQkiqIh4Kgc8QwM="
}
[14:32:38.364] [INFO] ============================================================

[14:32:38.365] [INFO] [32mNew sstt: FAljpB9%2FPAi4qtVC9HS6DZOwpzihA1wWFvCK8swwWQTyqn2B...[39m
[14:32:38.365] [INFO] 
[36mSTEP 6: Selecting recovery option (reset_password)...[39m
[14:32:38.365] [INFO] POST to /recovery/options with: {'option': 'reset_password'}
[14:32:39.039] [INFO] 
============================================================
[14:32:39.040] [INFO] STEP: 6. Select Recovery Option
[14:32:39.040] [INFO] ============================================================
[14:32:39.040] [INFO] Status Code: 302
[14:32:39.040] [INFO] Final URL: https://iforgot.apple.com/recovery/options
[14:32:39.040] [INFO] 
--- Response Headers (20) ---
[14:32:39.040] [INFO]   Cache-Control: no-store
[14:32:39.040] [INFO]   Connection: keep-alive
[14:32:39.040] [INFO]   Content-Encoding: gzip
[14:32:39.041] [INFO]   Content-Language: en-US-x-lvariant-USA
[14:32:39.041] [INFO]   Content-Location: /recovery/options
[14:32:39.041] [INFO]   Content-Security-Policy: default-src 'self' ; connect-src 'self' https://www.apple.com https://appleid.cdn-apple.com ; font-s...
[14:32:39.041] [INFO]   Date: Fri, 19 Dec 2025 11:32:39 GMT
[14:32:39.041] [INFO]   Host: iforgot.apple.com
[14:32:39.041] [INFO]   Location: /password/authenticationmethod?sstt=ZLMIVl6CgrvwgPzhSpBq6TiirkYte74CDjUkhIPLWXBiFKAiiAvuHjZljMYFXH6t...
[14:32:39.041] [INFO]   Referrer-Policy: origin
[14:32:39.041] [INFO]   Server: Apple
[14:32:39.041] [INFO]   Set-Cookie: ['idclient=web; Domain=iforgot.apple.com; Path=/; Secure; HttpOnly', 'dslang=US-EN; Domain=apple.com; Path=/; Secure; HttpOnly', 'site=USA; Domain=apple.com; Path=/; Secure; HttpOnly', 'X-Apple-I-Web-Token=AAAAKjZ8NmU4ZWRiYjNjYjVmODZkOTJmODA4YWI3N2MwMDY0NmIAAAGbNm/aEsXTH49snh5aYjczAsZu8xWDwikI4aBn0mThuaorBge75EBOS+RWcgZfVVPUlu5EMPKEWTVw1XFqx8Z2+00ejU6yNstD/BEy+LlvKkMEVPK1f793t9zyjYP5TY4BnR8Xf8upb750IDDAj/FhM8FPjh8IPqjHcBlIRCGdIOXYlvZKioFcWK4kWfoOA0I2vJgJyqQT6a/f5l2Q2387rO1Td9hMpyiFHRQ/Z5A50e+j28NjbsrDKl9XJAjQFG/aZkPXuczbGPCpK8gouBxXEOiE/eiNaKII/Fnzsiy1MgEp2UMRxt4T6ezS1FyVPU2PlkZBk6b3hYBrRbPmz0wI53Xs/QrHCG58UXUUydPA7krzncRGvcejzUjEVpGqIgtdc98AoRIvNrM7VtTKsQuxzjI+5biPlA8phtDM0jZ68AxavN6/2XTxwhz2OxKEyAgztyqI+BtHHZCkdIzwAJKBXVgfldEB3TCfjxuwbB0CX8RtA5GgDCb4h3dRdatQHKpfWyK5xflqf99t4DlmOaN9i6S2xvhE7Muu5sXjVHObWITggRiXEZX14ZRZE/yM3HeDWu/84MQ9yG/oGiYYgI5nWEJsEM3/eFA2Hdm8yO0xtZ7/aaQOINlsHzTF5p0IUoMPvetpLnCMJzJ4Mnt3DWQy85K2HAnfaIEdjDLR8uSKfszc0QjerMOzDbQ94FF00JxIhXaXRvgoSJsUBW0erMdRUzTP3YPIEAgGfurfQKKtdB6G6ktUtjtCeVPFQwhoc+KZgesMykwt67gW9V7bWW2U25arxJxwezISFT8ABLF1ytBKMTgwKugI+xi+0Hkl9mNpD9oh0B75615Swsu0E7TpR8IC; Max-Age=900; Expires=Fri, 19 Dec 2025 11:47:38 GMT; Domain=apple.com; Path=/; Secure; HttpOnly']...
[14:32:39.041] [INFO]   Sstt: ZLMIVl6CgrvwgPzhSpBq6TiirkYte74CDjUkhIPLWXBiFKAiiAvuHjZljMYFXH6t6%2Bq%2Fi5y4opFUkRFuDO8IVVozbwcuEcLz...
[14:32:39.041] [INFO]   Strict-Transport-Security: max-age=31536000; includeSubDomains; preload
[14:32:39.041] [INFO]   Vary: accept-encoding
[14:32:39.041] [INFO]   X-Apple-I-Request-Id: 6c382e10-dcce-11f0-9519-d587dd346737
[14:32:39.041] [INFO]   X-Buildversion: R3
[14:32:39.042] [INFO]   X-Content-Type-Options: nosniff
[14:32:39.042] [INFO]   X-Frame-Options: ['DENY', 'SAMEORIGIN']
[14:32:39.042] [INFO]   X-Xss-Protection: 1; mode=block
[14:32:39.042] [INFO] 
--- Cookies (4) ---
[14:32:39.042] [INFO]   idclient: web
[14:32:39.042] [INFO]   dslang: US-EN
[14:32:39.042] [INFO]   site: USA
[14:32:39.042] [INFO]   X-Apple-I-Web-Token: AAAAKjZ8NmU4ZWRiYjNjYjVmODZkOTJmODA4YWI3N2MwMDY0Nm...
[14:32:39.042] [INFO] 
--- Response Body (first 1000 chars) ---
[14:32:39.042] [INFO] (empty)
[14:32:39.042] [INFO] ============================================================

[14:32:39.042] [INFO] [32mNew sstt: ZLMIVl6CgrvwgPzhSpBq6TiirkYte74CDjUkhIPLWXBiFKAiiA...[39m
[14:32:39.042] [INFO] Redirect Location: /password/authenticationmethod?sstt=ZLMIVl6CgrvwgPzhSpBq6TiirkYte74CDjUkhIPLWXBiFKAiiAvuHjZljMYFXH6t6%2Bq%2Fi5y4opFUkRFuDO8IVVozbwcuEcLzbYq3O63wLLWI9o4kIxmuPjCM%2B%2FCUULIOIiqPtA6tNqynrWSHaxasgY5Jgg39YMkCZLzlBSoLPSQ%2BySY6YTZ30Kd7jPaj4lX%2FiY3XHtOn3FoGI57Lcp73LrBKVGR9KhgBN2LRfAahSMs4mAOUXl3dkm%2FIWJlgGOpc%2BBH5W6jOYH7vg0K9Em23uLwwyZKztMdpySvxW5xGx8O7N1ME0VkAiKwri%2BkeOQ5WNHwM4yFfEH8EdtjajF7HfN3n9Q65cypKJIo2RX4WvbqdX9Z86jtz2ARRE%2BsupVoTdAC6HABXYFiENNj8GZlL5%2Fc%2B1vlvFcOi8%2FAC7qvZ26rIR2l%2BnCZu%2BMUPD0jvqoIBEzEK1OE%2ByNIwAKLu%2B3N1jmbob%2BKmBfPy%2FH8f9IawllE4BhfYa5sytv3RNfl88jCTMFO%2BS7T27BXX16t%2B
[14:32:39.042] [INFO] 
[36mSTEP 6b: Following redirect to /password/authenticationmethod?sstt=ZLMIVl6CgrvwgPzhSpBq6TiirkYte74CDjUkhIPLWXBiFKAiiAvuHjZljMYFXH6t6%2Bq%2Fi5y4opFUkRFuDO8IVVozbwcuEcLzbYq3O63wLLWI9o4kIxmuPjCM%2B%2FCUULIOIiqPtA6tNqynrWSHaxasgY5Jgg39YMkCZLzlBSoLPSQ%2BySY6YTZ30Kd7jPaj4lX%2FiY3XHtOn3FoGI57Lcp73LrBKVGR9KhgBN2LRfAahSMs4mAOUXl3dkm%2FIWJlgGOpc%2BBH5W6jOYH7vg0K9Em23uLwwyZKztMdpySvxW5xGx8O7N1ME0VkAiKwri%2BkeOQ5WNHwM4yFfEH8EdtjajF7HfN3n9Q65cypKJIo2RX4WvbqdX9Z86jtz2ARRE%2BsupVoTdAC6HABXYFiENNj8GZlL5%2Fc%2B1vlvFcOi8%2FAC7qvZ26rIR2l%2BnCZu%2BMUPD0jvqoIBEzEK1OE%2ByNIwAKLu%2B3N1jmbob%2BKmBfPy%2FH8f9IawllE4BhfYa5sytv3RNfl88jCTMFO%2BS7T27BXX16t%2B...[39m
[14:32:39.316] [INFO] 
============================================================
[14:32:39.317] [INFO] STEP: 6b. Follow Redirect
[14:32:39.317] [INFO] ============================================================
[14:32:39.317] [INFO] Status Code: 200
[14:32:39.317] [INFO] Final URL: https://iforgot.apple.com/password/authenticationmethod?sstt=ZLMIVl6CgrvwgPzhSpBq6TiirkYte74CDjUkhIPLWXBiFKAiiAvuHjZljMYFXH6t6%2Bq%2Fi5y4opFUkRFuDO8IVVozbwcuEcLzbYq3O63wLLWI9o4kIxmuPjCM%2B%2FCUULIOIiqPtA6tNqynrWSHaxasgY5Jgg39YMkCZLzlBSoLPSQ%2BySY6YTZ30Kd7jPaj4lX%2FiY3XHtOn3FoGI57Lcp73LrBKVGR9KhgBN2LRfAahSMs4mAOUXl3dkm%2FIWJlgGOpc%2BBH5W6jOYH7vg0K9Em23uLwwyZKztMdpySvxW5xGx8O7N1ME0VkAiKwri%2BkeOQ5WNHwM4yFfEH8EdtjajF7HfN3n9Q65cypKJIo2RX4WvbqdX9Z86jtz2ARRE%2BsupVoTdAC6HABXYFiENNj8GZlL5%2Fc%2B1vlvFcOi8%2FAC7qvZ26rIR2l%2BnCZu%2BMUPD0jvqoIBEzEK1OE%2ByNIwAKLu%2B3N1jmbob%2BKmBfPy%2FH8f9IawllE4BhfYa5sytv3RNfl88jCTMFO%2BS7T27BXX16t%2B
[14:32:39.317] [INFO] 
--- Response Headers (21) ---
[14:32:39.318] [INFO]   Cache-Control: ['no-store', 'no-store']
[14:32:39.318] [INFO]   Connection: keep-alive
[14:32:39.318] [INFO]   Content-Encoding: gzip
[14:32:39.318] [INFO]   Content-Language: en-US-x-lvariant-USA
[14:32:39.318] [INFO]   Content-Location: /password/authenticationmethod
[14:32:39.318] [INFO]   Content-Security-Policy: default-src 'self' ; connect-src 'self' https://www.apple.com https://appleid.cdn-apple.com ; font-s...
[14:32:39.318] [INFO]   Content-Type: application/json;charset=UTF-8
[14:32:39.319] [INFO]   Date: Fri, 19 Dec 2025 11:32:39 GMT
[14:32:39.319] [INFO]   Host: iforgot.apple.com
[14:32:39.319] [INFO]   Location: /password/authenticationmethod?sstt=ZLMIVl6CgrvwgPzhSpBq6TiirkYte74CDjUkhIPLWXBiFKAiiAvuHjZljMYFXH6t...
[14:32:39.319] [INFO]   Referrer-Policy: origin
[14:32:39.319] [INFO]   Server: Apple
[14:32:39.319] [INFO]   Set-Cookie: ['idclient=web; Domain=iforgot.apple.com; Path=/; Secure; HttpOnly', 'dslang=US-EN; Domain=apple.com; Path=/; Secure; HttpOnly', 'site=USA; Domain=apple.com; Path=/; Secure; HttpOnly', 'X-Apple-I-Web-Token=AAAAKjd8NmU4ZWRiYjNjYjVmODZkOTJmODA4YWI3N2MwMDY0NmIAAAGbNm/cjqSeL4wAz6cR2IT4BO6d6frMJJxLP5Kz/qLnc8dFlg+3Cks/0xv7NVC1yFuJ54JGZRqmcahiil78COey1xl2acqjsG3J081qwGC+o9w838fepMM/bNiRKLw33JfgZ5fqRT+05FTDut+gsq6tDjOI/mrxnyunl4ok/8N28GkLVcB1svb7gqpt09bEAQzh3PLm9bbE63yinBYqVyh49PuY7z7WT8DhIWNIwqVInCsjCuMNQmTWGBi0mmRnK7nrDSDMNN9KR5cwqMcmx1HFXTzsIsN2w7D5jQlIf4nHs8ul3a2aP+KQFSkjtVaCDHzEUoe90yl7iVtJ62V8KHH/0T1SkhUh1TO9yKlqh2lQiKELWIXtqA6Eo2+kwlHU9eGwRXu7Ev+dOsyOJl7g9g9LFzQcBrHkXBsQTyIYcH3/01BWWNyaabb0aS8voayPXyAJIPpn832/gl42BB0sbdsMJfh+xxJ7IVBeXpqziVcjDiWY5uQYNHF6z9Q7FSX87TbBqE2luMvLK9WMGBECddbfFHy5qDqLsK1yFB9cZRU/d53kZZfkOGs0UT8AMP7o/8d5G9xHNftB6oqUxQYBQU44NwpBfB10KqppxwgjnXvpAvp2pDCqQxiqpWgGs9fvKWTsZGne8S8zWypPxrGmm9Uvz/CQfFDanUrL192FSOM29lQj1g2Zufzw0l5QpWcPgP2qsaI+fCJOOGomKtyKj3aRzz22i9xqgWkoq/Z8iev++6fJ+XNPK5XU0wcwZKk2X9x6O5jwlPJniCtqdCfZhnaIj8++d48hbLE9NREABLFssHdu5O3Ds4G7Imc+TvFOBiEGGRG0Sr+fSUTAJjlznh8jrMBJ; Max-Age=900; Expires=Fri, 19 Dec 2025 11:47:39 GMT; Domain=apple.com; Path=/; Secure; HttpOnly']...
[14:32:39.319] [INFO]   Sstt: cqwk9U%2BQP0pvie%2BoSTt39CONVrL5qIzcX%2FpWqOEY%2FICk4a2JGZEvTIG2MyBPWQX201orqOtqevCxZN4d9OvCijBQTfVa...
[14:32:39.319] [INFO]   Strict-Transport-Security: max-age=31536000; includeSubDomains; preload
[14:32:39.320] [INFO]   Vary: accept-encoding
[14:32:39.320] [INFO]   X-Apple-I-Request-Id: 6c9fa1a1-dcce-11f0-ac46-bb0fd901151a
[14:32:39.320] [INFO]   X-Buildversion: R3
[14:32:39.320] [INFO]   X-Content-Type-Options: nosniff
[14:32:39.320] [INFO]   X-Frame-Options: ['DENY', 'SAMEORIGIN']
[14:32:39.320] [INFO]   X-Xss-Protection: 1; mode=block
[14:32:39.320] [INFO] 
--- Cookies (4) ---
[14:32:39.320] [INFO]   idclient: web
[14:32:39.320] [INFO]   dslang: US-EN
[14:32:39.320] [INFO]   site: USA
[14:32:39.320] [INFO]   X-Apple-I-Web-Token: AAAAKjd8NmU4ZWRiYjNjYjVmODZkOTJmODA4YWI3N2MwMDY0Nm...
[14:32:39.320] [INFO] 
--- Response Body (first 1000 chars) ---
[14:32:39.321] [INFO] {
  "options" : [ "email", "questions" ],
  "account" : {
    "name" : "EnolaPalaspas618@hotmail.com"
  },
  "emailAddress" : "E•••••@h•••••.com",
  "emailDomain" : "h•••••.com",
  "forgotPasswordFlow" : true,
  "sstt" : "cqwk9U+QP0pvie+oSTt39CONVrL5qIzcX/pWqOEY/ICk4a2JGZEvTIG2MyBPWQX201orqOtqevCxZN4d9OvCijBQTfVaV6ifOwGln1X8qdMbzgd5m0KvausNZL0+IFrrnUcJOEA0kSHNR+WDibkkyHeEzhnVm5gufuRhn9zE0SRcAC6X73+L6HhGBCTNSt8PkSMPhJXI+IRXH8zpxzyrnn34JBx4GzxwHU/FhASV+MvNhSr6x81rvGT7uhT7F711rq1CeyXnI+tP1Ri/rdqrT2JEJfRXQVcte3kMqVIPzkXtkaaCXskyIyzYetU6nC9MUliw775CqD/UXuuse9ECWwAkbVDtN6iz0zwlMwprxs36v+XRmiOGgWAFHl9FhzuJmqZ0Pt5cFZewERr9cdPxk2W0qLzwdfUhh7aihMTfOORecKdlYOt1KClMbM7qJpElRkbgy104bWQVAgcgyZtJhtwtbpMcNWkyBhVnS7k6pA5jZ7AeyTt6pIRZZDRhaJHV4D9UGzNURAZSFqCm"
}
[14:32:39.321] [INFO] ============================================================

[14:32:39.321] [INFO] [32mNew sstt: cqwk9U%2BQP0pvie%2BoSTt39CONVrL5qIzcX%2FpWqOEY%2FI...[39m
[14:32:39.321] [INFO] 
[36mSTEP 7: Getting birthday page...[39m
[14:32:39.880] [INFO] 
============================================================
[14:32:39.880] [INFO] STEP: 7. Birthday Page GET
[14:32:39.880] [INFO] ============================================================
[14:32:39.881] [INFO] Status Code: 302
[14:32:39.881] [INFO] Final URL: https://iforgot.apple.com/password/verify/birthday
[14:32:39.881] [INFO] 
--- Response Headers (17) ---
[14:32:39.881] [INFO]   Connection: keep-alive
[14:32:39.881] [INFO]   Content-Encoding: gzip
[14:32:39.881] [INFO]   Content-Language: en-US-x-lvariant-USA
[14:32:39.881] [INFO]   Content-Security-Policy: default-src 'self' ; connect-src 'self' https://www.apple.com https://appleid.cdn-apple.com ; font-s...
[14:32:39.881] [INFO]   Date: Fri, 19 Dec 2025 11:32:39 GMT
[14:32:39.881] [INFO]   Host: iforgot.apple.com
[14:32:39.881] [INFO]   Location: /session/timeout?
[14:32:39.881] [INFO]   Referrer-Policy: origin
[14:32:39.881] [INFO]   Server: Apple
[14:32:39.881] [INFO]   Set-Cookie: ['idclient=web; Domain=iforgot.apple.com; Path=/; Secure; HttpOnly', 'dslang=US-EN; Domain=apple.com; Path=/; Secure; HttpOnly', 'site=USA; Domain=apple.com; Path=/; Secure; HttpOnly']...
[14:32:39.881] [INFO]   Strict-Transport-Security: max-age=31536000; includeSubDomains; preload
[14:32:39.881] [INFO]   Vary: accept-encoding
[14:32:39.882] [INFO]   X-Apple-I-Request-Id: 6cc97117-dcce-11f0-ac46-bb0fd901151a
[14:32:39.882] [INFO]   X-Buildversion: R3
[14:32:39.882] [INFO]   X-Content-Type-Options: nosniff
[14:32:39.882] [INFO]   X-Frame-Options: ['DENY', 'SAMEORIGIN']
[14:32:39.882] [INFO]   X-Xss-Protection: 1; mode=block
[14:32:39.882] [INFO] 
--- Cookies (3) ---
[14:32:39.882] [INFO]   idclient: web
[14:32:39.882] [INFO]   dslang: US-EN
[14:32:39.882] [INFO]   site: USA
[14:32:39.882] [INFO] 
--- Response Body (first 1000 chars) ---
[14:32:39.882] [INFO] (empty)
[14:32:39.882] [INFO] ============================================================

[14:32:39.882] [INFO] 
[36mSTEP 8: Posting birthday...[39m
[14:32:39.882] [INFO] Birthday data: {'birthday': '03/18/1999'}
[14:32:40.376] [INFO] 
============================================================
[14:32:40.376] [INFO] STEP: 8. Birthday POST
[14:32:40.377] [INFO] ============================================================
[14:32:40.377] [INFO] Status Code: 302
[14:32:40.377] [INFO] Final URL: https://iforgot.apple.com/password/verify/birthday
[14:32:40.377] [INFO] 
--- Response Headers (17) ---
[14:32:40.377] [INFO]   Connection: keep-alive
[14:32:40.377] [INFO]   Content-Encoding: gzip
[14:32:40.377] [INFO]   Content-Language: en-US-x-lvariant-USA
[14:32:40.377] [INFO]   Content-Security-Policy: default-src 'self' ; connect-src 'self' https://www.apple.com https://appleid.cdn-apple.com ; font-s...
[14:32:40.377] [INFO]   Date: Fri, 19 Dec 2025 11:32:40 GMT
[14:32:40.377] [INFO]   Host: iforgot.apple.com
[14:32:40.377] [INFO]   Location: /session/timeout?
[14:32:40.377] [INFO]   Referrer-Policy: origin
[14:32:40.377] [INFO]   Server: Apple
[14:32:40.377] [INFO]   Set-Cookie: ['idclient=web; Domain=iforgot.apple.com; Path=/; Secure; HttpOnly', 'dslang=US-EN; Domain=apple.com; Path=/; Secure; HttpOnly', 'site=USA; Domain=apple.com; Path=/; Secure; HttpOnly']...
[14:32:40.377] [INFO]   Strict-Transport-Security: max-age=31536000; includeSubDomains; preload
[14:32:40.377] [INFO]   Vary: accept-encoding
[14:32:40.377] [INFO]   X-Apple-I-Request-Id: 6d1f595f-dcce-11f0-a19c-1517e8a4655e
[14:32:40.377] [INFO]   X-Buildversion: R3
[14:32:40.377] [INFO]   X-Content-Type-Options: nosniff
[14:32:40.377] [INFO]   X-Frame-Options: ['DENY', 'SAMEORIGIN']
[14:32:40.377] [INFO]   X-Xss-Protection: 1; mode=block
[14:32:40.378] [INFO] 
--- Cookies (3) ---
[14:32:40.378] [INFO]   idclient: web
[14:32:40.378] [INFO]   dslang: US-EN
[14:32:40.378] [INFO]   site: USA
[14:32:40.378] [INFO] 
--- Response Body (first 1000 chars) ---
[14:32:40.378] [INFO] (empty)
[14:32:40.378] [INFO] ============================================================

[14:32:40.378] [WARN] [33mWARNING: No Sstt in birthday POST response[39m
[14:32:40.378] [INFO] Redirect Location: /session/timeout?
[14:32:40.378] [INFO] 
[36mSTEP 9: Getting questions page...[39m
[14:32:41.149] [INFO] 
============================================================
[14:32:41.149] [INFO] STEP: 9. Questions Page GET
[14:32:41.150] [INFO] ============================================================
[14:32:41.150] [INFO] Status Code: 302
[14:32:41.150] [INFO] Final URL: https://iforgot.apple.com/password/verify/questions
[14:32:41.150] [INFO] 
--- Response Headers (17) ---
[14:32:41.150] [INFO]   Connection: keep-alive
[14:32:41.150] [INFO]   Content-Encoding: gzip
[14:32:41.150] [INFO]   Content-Language: en-US-x-lvariant-USA
[14:32:41.150] [INFO]   Content-Security-Policy: default-src 'self' ; connect-src 'self' https://www.apple.com https://appleid.cdn-apple.com ; font-s...
[14:32:41.150] [INFO]   Date: Fri, 19 Dec 2025 11:32:41 GMT
[14:32:41.150] [INFO]   Host: iforgot.apple.com
[14:32:41.150] [INFO]   Location: /session/timeout?
[14:32:41.150] [INFO]   Referrer-Policy: origin
[14:32:41.151] [INFO]   Server: Apple
[14:32:41.151] [INFO]   Set-Cookie: ['idclient=web; Domain=iforgot.apple.com; Path=/; Secure; HttpOnly', 'dslang=US-EN; Domain=apple.com; Path=/; Secure; HttpOnly', 'site=USA; Domain=apple.com; Path=/; Secure; HttpOnly']...
[14:32:41.151] [INFO]   Strict-Transport-Security: max-age=31536000; includeSubDomains; preload
[14:32:41.151] [INFO]   Vary: accept-encoding
[14:32:41.151] [INFO]   X-Apple-I-Request-Id: 6d6ae1b7-dcce-11f0-84a2-a18e44d15ddc
[14:32:41.151] [INFO]   X-Buildversion: R3
[14:32:41.151] [INFO]   X-Content-Type-Options: nosniff
[14:32:41.151] [INFO]   X-Frame-Options: ['DENY', 'SAMEORIGIN']
[14:32:41.151] [INFO]   X-Xss-Protection: 1; mode=block
[14:32:41.151] [INFO] 
--- Cookies (3) ---
[14:32:41.151] [INFO]   idclient: web
[14:32:41.151] [INFO]   dslang: US-EN
[14:32:41.151] [INFO]   site: USA
[14:32:41.151] [INFO] 
--- Response Body (first 1000 chars) ---
[14:32:41.151] [INFO] (empty)
[14:32:41.151] [INFO] ============================================================

[14:32:41.151] [INFO] [33mResponse is not JSON[39m
[14:32:41.152] [INFO] 
############################################################
[14:32:41.152] [INFO] FLOW TRACE COMPLETE
[14:32:41.152] [INFO] Debug log saved to: files/flow_debug_20251219_143234.log
[14:32:41.152] [INFO] ############################################################
